2022-02-20 16:11:44,134:__main__ : INFO : dump_valve is CLOSED
2022-02-20 16:11:44,134:__main__ : INFO : oxidixer_actuator is OPENED
2022-02-20 16:11:44,135:__main__ : INFO : oxidizer_valve is CLOSED
2022-02-20 16:11:44,135:__main__ : INFO : cooling_valve is CLOSED
2022-02-20 16:11:44,136:__main__ : INFO : heating is CLOSED
2022-02-20 16:11:44,895:__main__ : INFO : dump_valve is CLOSED
2022-02-20 16:11:44,896:__main__ : INFO : oxidixer_actuator is CLOSED
2022-02-20 16:11:44,896:__main__ : INFO : oxidizer_valve is CLOSED
2022-02-20 16:11:44,897:__main__ : INFO : cooling_valve is CLOSED
2022-02-20 16:11:44,897:__main__ : INFO : heating is CLOSED
2022-02-20 16:11:46,862:__main__ : INFO : dump_valve is CLOSED
2022-02-20 16:11:46,864:__main__ : INFO : oxidixer_actuator is CLOSED
2022-02-20 16:11:46,864:__main__ : INFO : oxidizer_valve is CLOSED
2022-02-20 16:11:46,865:__main__ : INFO : cooling_valve is CLOSED
2022-02-20 16:11:46,865:__main__ : INFO : heating is CLOSED
2022-02-20 16:11:47,566:__main__ : INFO : dump_valve is CLOSED
2022-02-20 16:11:47,689:__main__ : INFO : oxidixer_actuator is CLOSED
2022-02-20 16:11:47,689:__main__ : INFO : oxidizer_valve is CLOSED
2022-02-20 16:11:47,690:__main__ : INFO : cooling_valve is CLOSED
2022-02-20 16:11:47,690:__main__ : INFO : heating is CLOSED
2022-02-20 16:11:58,488:__main__ : INFO : dump_valve is CLOSED
2022-02-20 16:11:58,489:__main__ : INFO : oxidixer_actuator is OPENED
2022-02-20 16:11:58,489:__main__ : INFO : oxidizer_valve is CLOSED
2022-02-20 16:11:58,489:__main__ : INFO : cooling_valve is CLOSED
2022-02-20 16:11:58,490:__main__ : INFO : heating is CLOSED
2022-02-20 16:11:58,519:__main__ : INFO : dump_valve is CLOSED
2022-02-20 16:11:58,522:__main__ : INFO : oxidixer_actuator is CLOSED
2022-02-20 16:11:58,522:__main__ : INFO : oxidizer_valve is CLOSED
2022-02-20 16:11:58,523:__main__ : INFO : cooling_valve is CLOSED
2022-02-20 16:11:58,524:__main__ : INFO : heating is CLOSED
2022-02-20 16:11:58,547:__main__ : INFO : dump_valve is CLOSED
2022-02-20 16:11:58,548:__main__ : INFO : oxidixer_actuator is CLOSED
2022-02-20 16:11:58,549:__main__ : INFO : oxidizer_valve is CLOSED
2022-02-20 16:11:58,550:__main__ : INFO : cooling_valve is CLOSED
2022-02-20 16:11:58,552:__main__ : INFO : heating is CLOSED
2022-02-20 16:11:58,573:__main__ : INFO : dump_valve is CLOSED
2022-02-20 16:11:58,574:__main__ : INFO : oxidixer_actuator is CLOSED
2022-02-20 16:11:58,575:__main__ : INFO : oxidizer_valve is CLOSED
2022-02-20 16:11:58,575:__main__ : INFO : cooling_valve is CLOSED
2022-02-20 16:11:58,576:__main__ : INFO : heating is CLOSED
2022-02-20 16:19:17,398:__main__ : INFO : dump_valve is OPENED
2022-02-20 16:19:17,399:__main__ : INFO : oxidixer_actuator is CLOSED
2022-02-20 16:19:17,399:__main__ : INFO : oxidizer_valve is CLOSED
2022-02-20 16:19:17,400:__main__ : INFO : cooling_valve is CLOSED
2022-02-20 16:19:17,400:__main__ : INFO : heating is CLOSED
2022-02-20 16:19:18,472:__main__ : INFO : dump_valve is CLOSED
2022-02-20 16:19:18,473:__main__ : INFO : oxidixer_actuator is CLOSED
2022-02-20 16:19:18,473:__main__ : INFO : oxidizer_valve is CLOSED
2022-02-20 16:19:18,474:__main__ : INFO : cooling_valve is CLOSED
2022-02-20 16:19:18,474:__main__ : INFO : heating is CLOSED
2022-02-20 16:19:19,451:__main__ : INFO : dump_valve is CLOSED
2022-02-20 16:19:19,451:__main__ : INFO : oxidixer_actuator is OPENED
2022-02-20 16:19:19,452:__main__ : INFO : oxidizer_valve is CLOSED
2022-02-20 16:19:19,452:__main__ : INFO : cooling_valve is CLOSED
2022-02-20 16:19:19,453:__main__ : INFO : heating is CLOSED
2022-02-20 16:19:20,870:__main__ : INFO : dump_valve is CLOSED
2022-02-20 16:19:20,871:__main__ : INFO : oxidixer_actuator is CLOSED
2022-02-20 16:19:20,871:__main__ : INFO : oxidizer_valve is CLOSED
2022-02-20 16:19:20,872:__main__ : INFO : cooling_valve is CLOSED
2022-02-20 16:19:20,872:__main__ : INFO : heating is CLOSED
2022-02-20 16:19:20,874:__main__ : INFO : dump_valve is OPENED
2022-02-20 16:19:20,874:__main__ : INFO : oxidixer_actuator is CLOSED
2022-02-20 16:19:20,875:__main__ : INFO : oxidizer_valve is CLOSED
2022-02-20 16:19:20,875:__main__ : INFO : cooling_valve is CLOSED
2022-02-20 16:19:20,876:__main__ : INFO : heating is CLOSED
2022-02-20 16:19:20,877:__main__ : INFO : dump_valve is CLOSED
2022-02-20 16:19:20,877:__main__ : INFO : oxidixer_actuator is CLOSED
2022-02-20 16:19:20,878:__main__ : INFO : oxidizer_valve is CLOSED
2022-02-20 16:19:20,878:__main__ : INFO : cooling_valve is CLOSED
2022-02-20 16:19:20,878:__main__ : INFO : heating is CLOSED
2022-02-20 16:19:20,897:__main__ : INFO : dump_valve is CLOSED
2022-02-20 16:19:20,898:__main__ : INFO : oxidixer_actuator is OPENED
2022-02-20 16:19:20,898:__main__ : INFO : oxidizer_valve is CLOSED
2022-02-20 16:19:20,899:__main__ : INFO : cooling_valve is CLOSED
2022-02-20 16:19:20,899:__main__ : INFO : heating is CLOSED
2022-02-20 16:19:20,902:__main__ : INFO : dump_valve is CLOSED
2022-02-20 16:19:20,902:__main__ : INFO : oxidixer_actuator is CLOSED
2022-02-20 16:19:20,903:__main__ : INFO : oxidizer_valve is CLOSED
2022-02-20 16:19:20,903:__main__ : INFO : cooling_valve is CLOSED
2022-02-20 16:19:20,904:__main__ : INFO : heating is CLOSED
2022-02-20 16:19:20,924:__main__ : INFO : dump_valve is CLOSED
2022-02-20 16:19:20,924:__main__ : INFO : oxidixer_actuator is CLOSED
2022-02-20 16:19:20,924:__main__ : INFO : oxidizer_valve is CLOSED
2022-02-20 16:19:20,925:__main__ : INFO : cooling_valve is OPENED
2022-02-20 16:19:20,925:__main__ : INFO : heating is CLOSED
2022-02-20 16:19:21,559:__main__ : INFO : dump_valve is CLOSED
2022-02-20 16:19:21,559:__main__ : INFO : oxidixer_actuator is CLOSED
2022-02-20 16:19:21,560:__main__ : INFO : oxidizer_valve is OPENED
2022-02-20 16:19:21,561:__main__ : INFO : cooling_valve is CLOSED
2022-02-20 16:19:21,561:__main__ : INFO : heating is CLOSED
2022-02-20 16:19:22,120:__main__ : INFO : dump_valve is CLOSED
2022-02-20 16:19:22,120:__main__ : INFO : oxidixer_actuator is CLOSED
2022-02-20 16:19:22,121:__main__ : INFO : oxidizer_valve is CLOSED
2022-02-20 16:19:22,121:__main__ : INFO : cooling_valve is CLOSED
2022-02-20 16:19:22,122:__main__ : INFO : heating is CLOSED
2022-02-20 16:19:22,365:__main__ : INFO : dump_valve is CLOSED
2022-02-20 16:19:22,366:__main__ : INFO : oxidixer_actuator is CLOSED
2022-02-20 16:19:22,367:__main__ : INFO : oxidizer_valve is OPENED
2022-02-20 16:19:22,367:__main__ : INFO : cooling_valve is CLOSED
2022-02-20 16:19:22,368:__main__ : INFO : heating is CLOSED
2022-02-20 16:19:22,902:__main__ : INFO : dump_valve is CLOSED
2022-02-20 16:19:22,920:__main__ : INFO : oxidixer_actuator is CLOSED
2022-02-20 16:19:22,926:__main__ : INFO : oxidizer_valve is CLOSED
2022-02-20 16:19:22,927:__main__ : INFO : cooling_valve is CLOSED
2022-02-20 16:19:22,927:__main__ : INFO : heating is CLOSED
2022-02-20 16:19:27,945:__main__ : INFO : dump_valve is CLOSED
2022-02-20 16:19:27,949:__main__ : INFO : oxidixer_actuator is OPENED
2022-02-20 16:19:27,950:__main__ : INFO : oxidizer_valve is CLOSED
2022-02-20 16:19:27,950:__main__ : INFO : cooling_valve is CLOSED
2022-02-20 16:19:27,951:__main__ : INFO : heating is CLOSED
2022-02-20 16:19:28,410:__main__ : INFO : dump_valve is CLOSED
2022-02-20 16:19:28,410:__main__ : INFO : oxidixer_actuator is CLOSED
2022-02-20 16:19:28,411:__main__ : INFO : oxidizer_valve is CLOSED
2022-02-20 16:19:28,411:__main__ : INFO : cooling_valve is CLOSED
2022-02-20 16:19:28,412:__main__ : INFO : heating is CLOSED
2022-02-20 16:19:33,111:__main__ : INFO : dump_valve is CLOSED
2022-02-20 16:19:33,112:__main__ : INFO : oxidixer_actuator is OPENED
2022-02-20 16:19:33,115:__main__ : INFO : oxidizer_valve is CLOSED
2022-02-20 16:19:33,115:__main__ : INFO : cooling_valve is CLOSED
2022-02-20 16:19:33,116:__main__ : INFO : heating is CLOSED
2022-02-20 16:19:33,940:__main__ : INFO : dump_valve is CLOSED
2022-02-20 16:19:33,941:__main__ : INFO : oxidixer_actuator is CLOSED
2022-02-20 16:19:33,941:__main__ : INFO : oxidizer_valve is CLOSED
2022-02-20 16:19:33,942:__main__ : INFO : cooling_valve is CLOSED
2022-02-20 16:19:33,942:__main__ : INFO : heating is CLOSED
2022-02-20 16:19:34,502:__main__ : INFO : dump_valve is OPENED
2022-02-20 16:19:34,502:__main__ : INFO : oxidixer_actuator is CLOSED
2022-02-20 16:19:34,503:__main__ : INFO : oxidizer_valve is CLOSED
2022-02-20 16:19:34,503:__main__ : INFO : cooling_valve is CLOSED
2022-02-20 16:19:34,503:__main__ : INFO : heating is CLOSED
2022-02-20 16:19:34,505:__main__ : INFO : dump_valve is OPENED
2022-02-20 16:19:34,505:__main__ : INFO : oxidixer_actuator is CLOSED
2022-02-20 16:19:34,506:__main__ : INFO : oxidizer_valve is CLOSED
2022-02-20 16:19:34,506:__main__ : INFO : cooling_valve is OPENED
2022-02-20 16:19:34,507:__main__ : INFO : heating is CLOSED
2022-02-20 16:19:34,941:__main__ : INFO : dump_valve is OPENED
2022-02-20 16:19:34,942:__main__ : INFO : oxidixer_actuator is CLOSED
2022-02-20 16:19:34,942:__main__ : INFO : oxidizer_valve is CLOSED
2022-02-20 16:19:34,943:__main__ : INFO : cooling_valve is CLOSED
2022-02-20 16:19:34,943:__main__ : INFO : heating is CLOSED
2022-02-20 16:19:34,944:__main__ : INFO : dump_valve is CLOSED
2022-02-20 16:19:34,945:__main__ : INFO : oxidixer_actuator is CLOSED
2022-02-20 16:19:34,945:__main__ : INFO : oxidizer_valve is CLOSED
2022-02-20 16:19:34,946:__main__ : INFO : cooling_valve is CLOSED
2022-02-20 16:19:34,946:__main__ : INFO : heating is CLOSED
2022-02-20 16:19:40,016:__main__ : INFO : dump_valve is CLOSED
2022-02-20 16:19:40,017:__main__ : INFO : oxidixer_actuator is OPENED
2022-02-20 16:19:40,017:__main__ : INFO : oxidizer_valve is CLOSED
2022-02-20 16:19:40,018:__main__ : INFO : cooling_valve is CLOSED
2022-02-20 16:19:40,019:__main__ : INFO : heating is CLOSED
2022-02-20 16:19:40,425:__main__ : INFO : dump_valve is CLOSED
2022-02-20 16:19:40,432:__main__ : INFO : oxidixer_actuator is CLOSED
2022-02-20 16:19:40,432:__main__ : INFO : oxidizer_valve is CLOSED
2022-02-20 16:19:40,433:__main__ : INFO : cooling_valve is CLOSED
2022-02-20 16:19:40,433:__main__ : INFO : heating is CLOSED
2022-02-20 16:19:42,039:__main__ : INFO : dump_valve is CLOSED
2022-02-20 16:19:42,040:__main__ : INFO : oxidixer_actuator is OPENED
2022-02-20 16:19:42,040:__main__ : INFO : oxidizer_valve is CLOSED
2022-02-20 16:19:42,040:__main__ : INFO : cooling_valve is CLOSED
2022-02-20 16:19:42,041:__main__ : INFO : heating is CLOSED
2022-02-20 16:19:42,089:__main__ : INFO : dump_valve is CLOSED
2022-02-20 16:19:42,090:__main__ : INFO : oxidixer_actuator is CLOSED
2022-02-20 16:19:42,090:__main__ : INFO : oxidizer_valve is CLOSED
2022-02-20 16:19:42,091:__main__ : INFO : cooling_valve is CLOSED
2022-02-20 16:19:42,091:__main__ : INFO : heating is CLOSED
2022-02-20 16:19:42,093:__main__ : INFO : dump_valve is CLOSED
2022-02-20 16:19:42,093:__main__ : INFO : oxidixer_actuator is OPENED
2022-02-20 16:19:42,094:__main__ : INFO : oxidizer_valve is CLOSED
2022-02-20 16:19:42,094:__main__ : INFO : cooling_valve is CLOSED
2022-02-20 16:19:42,095:__main__ : INFO : heating is CLOSED
2022-02-20 16:19:42,096:__main__ : INFO : dump_valve is CLOSED
2022-02-20 16:19:42,096:__main__ : INFO : oxidixer_actuator is CLOSED
2022-02-20 16:19:42,097:__main__ : INFO : oxidizer_valve is CLOSED
2022-02-20 16:19:42,097:__main__ : INFO : cooling_valve is CLOSED
2022-02-20 16:19:42,098:__main__ : INFO : heating is CLOSED
2022-02-20 16:19:42,099:__main__ : INFO : dump_valve is OPENED
2022-02-20 16:19:42,105:__main__ : INFO : oxidixer_actuator is CLOSED
2022-02-20 16:19:42,115:__main__ : INFO : oxidizer_valve is CLOSED
2022-02-20 16:19:42,117:__main__ : INFO : cooling_valve is CLOSED
2022-02-20 16:19:42,117:__main__ : INFO : heating is CLOSED
2022-02-20 16:19:42,118:__main__ : INFO : dump_valve is OPENED
2022-02-20 16:19:42,119:__main__ : INFO : oxidixer_actuator is CLOSED
2022-02-20 16:19:42,119:__main__ : INFO : oxidizer_valve is CLOSED
2022-02-20 16:19:42,119:__main__ : INFO : cooling_valve is OPENED
2022-02-20 16:19:42,120:__main__ : INFO : heating is CLOSED
2022-02-20 16:19:42,122:__main__ : INFO : dump_valve is OPENED
2022-02-20 16:19:42,122:__main__ : INFO : oxidixer_actuator is CLOSED
2022-02-20 16:19:42,123:__main__ : INFO : oxidizer_valve is CLOSED
2022-02-20 16:19:42,123:__main__ : INFO : cooling_valve is CLOSED
2022-02-20 16:19:42,123:__main__ : INFO : heating is CLOSED
2022-02-20 16:19:42,125:__main__ : INFO : dump_valve is CLOSED
2022-02-20 16:19:42,125:__main__ : INFO : oxidixer_actuator is CLOSED
2022-02-20 16:19:42,126:__main__ : INFO : oxidizer_valve is CLOSED
2022-02-20 16:19:42,126:__main__ : INFO : cooling_valve is CLOSED
2022-02-20 16:19:42,133:__main__ : INFO : heating is CLOSED
2022-02-20 16:19:42,169:__main__ : INFO : dump_valve is CLOSED
2022-02-20 16:19:42,170:__main__ : INFO : oxidixer_actuator is OPENED
2022-02-20 16:19:42,170:__main__ : INFO : oxidizer_valve is CLOSED
2022-02-20 16:19:42,171:__main__ : INFO : cooling_valve is CLOSED
2022-02-20 16:19:42,171:__main__ : INFO : heating is CLOSED
2022-02-20 16:19:42,176:__main__ : INFO : dump_valve is CLOSED
2022-02-20 16:19:42,177:__main__ : INFO : oxidixer_actuator is CLOSED
2022-02-20 16:19:42,177:__main__ : INFO : oxidizer_valve is CLOSED
2022-02-20 16:19:42,184:__main__ : INFO : cooling_valve is CLOSED
2022-02-20 16:19:42,194:__main__ : INFO : heating is CLOSED
2022-02-20 16:19:49,136:__main__ : INFO : dump_valve is CLOSED
2022-02-20 16:19:49,136:__main__ : INFO : oxidixer_actuator is OPENED
2022-02-20 16:19:49,137:__main__ : INFO : oxidizer_valve is CLOSED
2022-02-20 16:19:49,137:__main__ : INFO : cooling_valve is CLOSED
2022-02-20 16:19:49,138:__main__ : INFO : heating is CLOSED
2022-02-20 16:19:49,645:__main__ : INFO : dump_valve is CLOSED
2022-02-20 16:19:49,646:__main__ : INFO : oxidixer_actuator is CLOSED
2022-02-20 16:19:49,646:__main__ : INFO : oxidizer_valve is CLOSED
2022-02-20 16:19:49,646:__main__ : INFO : cooling_valve is CLOSED
2022-02-20 16:19:49,647:__main__ : INFO : heating is CLOSED
2022-02-20 16:19:52,865:__main__ : INFO : dump_valve is CLOSED
2022-02-20 16:19:52,865:__main__ : INFO : oxidixer_actuator is OPENED
2022-02-20 16:19:52,866:__main__ : INFO : oxidizer_valve is CLOSED
2022-02-20 16:19:52,866:__main__ : INFO : cooling_valve is CLOSED
2022-02-20 16:19:52,867:__main__ : INFO : heating is CLOSED
2022-02-20 16:19:53,059:__main__ : INFO : dump_valve is CLOSED
2022-02-20 16:19:53,060:__main__ : INFO : oxidixer_actuator is CLOSED
2022-02-20 16:19:53,060:__main__ : INFO : oxidizer_valve is CLOSED
2022-02-20 16:19:53,061:__main__ : INFO : cooling_valve is CLOSED
2022-02-20 16:19:53,062:__main__ : INFO : heating is CLOSED
2022-02-20 16:19:57,313:__main__ : INFO : dump_valve is CLOSED
2022-02-20 16:19:57,314:__main__ : INFO : oxidixer_actuator is OPENED
2022-02-20 16:19:57,314:__main__ : INFO : oxidizer_valve is CLOSED
2022-02-20 16:19:57,315:__main__ : INFO : cooling_valve is CLOSED
2022-02-20 16:19:57,315:__main__ : INFO : heating is CLOSED
2022-02-20 16:19:58,171:__main__ : INFO : dump_valve is OPENED
2022-02-20 16:19:58,171:__main__ : INFO : oxidixer_actuator is OPENED
2022-02-20 16:19:58,172:__main__ : INFO : oxidizer_valve is CLOSED
2022-02-20 16:19:58,172:__main__ : INFO : cooling_valve is CLOSED
2022-02-20 16:19:58,173:__main__ : INFO : heating is CLOSED
2022-02-20 16:19:58,586:__main__ : INFO : dump_valve is OPENED
2022-02-20 16:19:58,586:__main__ : INFO : oxidixer_actuator is OPENED
2022-02-20 16:19:58,587:__main__ : INFO : oxidizer_valve is CLOSED
2022-02-20 16:19:58,587:__main__ : INFO : cooling_valve is OPENED
2022-02-20 16:19:58,588:__main__ : INFO : heating is CLOSED
2022-02-20 16:19:59,070:__main__ : INFO : dump_valve is OPENED
2022-02-20 16:19:59,071:__main__ : INFO : oxidixer_actuator is OPENED
2022-02-20 16:19:59,071:__main__ : INFO : oxidizer_valve is CLOSED
2022-02-20 16:19:59,072:__main__ : INFO : cooling_valve is CLOSED
2022-02-20 16:19:59,073:__main__ : INFO : heating is CLOSED
2022-02-20 16:19:59,697:__main__ : INFO : dump_valve is CLOSED
2022-02-20 16:19:59,703:__main__ : INFO : oxidixer_actuator is OPENED
2022-02-20 16:19:59,704:__main__ : INFO : oxidizer_valve is CLOSED
2022-02-20 16:19:59,704:__main__ : INFO : cooling_valve is CLOSED
2022-02-20 16:19:59,704:__main__ : INFO : heating is CLOSED
2022-02-20 16:19:59,929:__main__ : INFO : dump_valve is CLOSED
2022-02-20 16:19:59,930:__main__ : INFO : oxidixer_actuator is CLOSED
2022-02-20 16:19:59,930:__main__ : INFO : oxidizer_valve is CLOSED
2022-02-20 16:19:59,931:__main__ : INFO : cooling_valve is CLOSED
2022-02-20 16:19:59,931:__main__ : INFO : heating is CLOSED
2022-02-20 16:20:01,194:__main__ : INFO : dump_valve is OPENED
2022-02-20 16:20:01,194:__main__ : INFO : oxidixer_actuator is CLOSED
2022-02-20 16:20:01,195:__main__ : INFO : oxidizer_valve is CLOSED
2022-02-20 16:20:01,195:__main__ : INFO : cooling_valve is CLOSED
2022-02-20 16:20:01,195:__main__ : INFO : heating is CLOSED
2022-02-20 16:20:02,055:__main__ : INFO : dump_valve is CLOSED
2022-02-20 16:20:02,056:__main__ : INFO : oxidixer_actuator is CLOSED
2022-02-20 16:20:02,056:__main__ : INFO : oxidizer_valve is CLOSED
2022-02-20 16:20:02,057:__main__ : INFO : cooling_valve is CLOSED
2022-02-20 16:20:02,058:__main__ : INFO : heating is CLOSED
2022-02-20 16:20:03,301:__main__ : INFO : dump_valve is CLOSED
2022-02-20 16:20:03,302:__main__ : INFO : oxidixer_actuator is OPENED
2022-02-20 16:20:03,303:__main__ : INFO : oxidizer_valve is CLOSED
2022-02-20 16:20:03,303:__main__ : INFO : cooling_valve is CLOSED
2022-02-20 16:20:03,303:__main__ : INFO : heating is CLOSED
2022-02-20 16:20:03,445:__main__ : INFO : dump_valve is CLOSED
2022-02-20 16:20:03,446:__main__ : INFO : oxidixer_actuator is CLOSED
2022-02-20 16:20:03,446:__main__ : INFO : oxidizer_valve is CLOSED
2022-02-20 16:20:03,447:__main__ : INFO : cooling_valve is CLOSED
2022-02-20 16:20:03,447:__main__ : INFO : heating is CLOSED
2022-02-20 16:20:03,448:__main__ : INFO : dump_valve is CLOSED
2022-02-20 16:20:03,449:__main__ : INFO : oxidixer_actuator is OPENED
2022-02-20 16:20:03,449:__main__ : INFO : oxidizer_valve is CLOSED
2022-02-20 16:20:03,450:__main__ : INFO : cooling_valve is CLOSED
2022-02-20 16:20:03,450:__main__ : INFO : heating is CLOSED
2022-02-20 16:20:03,451:__main__ : INFO : dump_valve is CLOSED
2022-02-20 16:20:03,452:__main__ : INFO : oxidixer_actuator is CLOSED
2022-02-20 16:20:03,452:__main__ : INFO : oxidizer_valve is CLOSED
2022-02-20 16:20:03,453:__main__ : INFO : cooling_valve is CLOSED
2022-02-20 16:20:03,453:__main__ : INFO : heating is CLOSED
2022-02-20 16:20:03,454:__main__ : INFO : dump_valve is CLOSED
2022-02-20 16:20:03,455:__main__ : INFO : oxidixer_actuator is OPENED
2022-02-20 16:20:03,455:__main__ : INFO : oxidizer_valve is CLOSED
2022-02-20 16:20:03,466:__main__ : INFO : cooling_valve is CLOSED
2022-02-20 16:20:03,473:__main__ : INFO : heating is CLOSED
2022-02-20 16:20:03,474:__main__ : INFO : dump_valve is OPENED
2022-02-20 16:20:03,474:__main__ : INFO : oxidixer_actuator is OPENED
2022-02-20 16:20:03,475:__main__ : INFO : oxidizer_valve is CLOSED
2022-02-20 16:20:03,475:__main__ : INFO : cooling_valve is CLOSED
2022-02-20 16:20:03,476:__main__ : INFO : heating is CLOSED
2022-02-20 16:20:03,477:__main__ : INFO : dump_valve is OPENED
2022-02-20 16:20:03,478:__main__ : INFO : oxidixer_actuator is OPENED
2022-02-20 16:20:03,478:__main__ : INFO : oxidizer_valve is CLOSED
2022-02-20 16:20:03,479:__main__ : INFO : cooling_valve is OPENED
2022-02-20 16:20:03,479:__main__ : INFO : heating is CLOSED
2022-02-20 16:20:03,480:__main__ : INFO : dump_valve is OPENED
2022-02-20 16:20:03,481:__main__ : INFO : oxidixer_actuator is OPENED
2022-02-20 16:20:03,481:__main__ : INFO : oxidizer_valve is CLOSED
2022-02-20 16:20:03,482:__main__ : INFO : cooling_valve is CLOSED
2022-02-20 16:20:03,482:__main__ : INFO : heating is CLOSED
2022-02-20 16:20:03,494:__main__ : INFO : dump_valve is CLOSED
2022-02-20 16:20:03,501:__main__ : INFO : oxidixer_actuator is OPENED
2022-02-20 16:20:03,501:__main__ : INFO : oxidizer_valve is CLOSED
2022-02-20 16:20:03,501:__main__ : INFO : cooling_valve is CLOSED
2022-02-20 16:20:03,502:__main__ : INFO : heating is CLOSED
2022-02-20 16:20:03,503:__main__ : INFO : dump_valve is CLOSED
2022-02-20 16:20:03,504:__main__ : INFO : oxidixer_actuator is CLOSED
2022-02-20 16:20:03,504:__main__ : INFO : oxidizer_valve is CLOSED
2022-02-20 16:20:03,505:__main__ : INFO : cooling_valve is CLOSED
2022-02-20 16:20:03,505:__main__ : INFO : heating is CLOSED
2022-02-20 16:20:03,506:__main__ : INFO : dump_valve is OPENED
2022-02-20 16:20:03,507:__main__ : INFO : oxidixer_actuator is CLOSED
2022-02-20 16:20:03,507:__main__ : INFO : oxidizer_valve is CLOSED
2022-02-20 16:20:03,508:__main__ : INFO : cooling_valve is CLOSED
2022-02-20 16:20:03,508:__main__ : INFO : heating is CLOSED
2022-02-20 16:20:03,509:__main__ : INFO : dump_valve is CLOSED
2022-02-20 16:20:03,510:__main__ : INFO : oxidixer_actuator is CLOSED
2022-02-20 16:20:03,516:__main__ : INFO : oxidizer_valve is CLOSED
2022-02-20 16:20:03,526:__main__ : INFO : cooling_valve is CLOSED
2022-02-20 16:20:03,528:__main__ : INFO : heating is CLOSED
2022-02-20 16:20:03,602:__main__ : INFO : dump_valve is OPENED
2022-02-20 16:20:03,602:__main__ : INFO : oxidixer_actuator is CLOSED
2022-02-20 16:20:03,603:__main__ : INFO : oxidizer_valve is CLOSED
2022-02-20 16:20:03,603:__main__ : INFO : cooling_valve is CLOSED
2022-02-20 16:20:03,604:__main__ : INFO : heating is CLOSED
2022-02-20 16:20:03,947:__main__ : INFO : dump_valve is CLOSED
2022-02-20 16:20:03,947:__main__ : INFO : oxidixer_actuator is CLOSED
2022-02-20 16:20:03,948:__main__ : INFO : oxidizer_valve is CLOSED
2022-02-20 16:20:03,948:__main__ : INFO : cooling_valve is CLOSED
2022-02-20 16:20:03,949:__main__ : INFO : heating is CLOSED
2022-02-20 16:20:06,868:__main__ : INFO : dump_valve is OPENED
2022-02-20 16:20:06,869:__main__ : INFO : oxidixer_actuator is CLOSED
2022-02-20 16:20:06,869:__main__ : INFO : oxidizer_valve is CLOSED
2022-02-20 16:20:06,870:__main__ : INFO : cooling_valve is CLOSED
2022-02-20 16:20:06,870:__main__ : INFO : heating is CLOSED
2022-02-20 16:20:07,477:__main__ : INFO : dump_valve is CLOSED
2022-02-20 16:20:07,477:__main__ : INFO : oxidixer_actuator is CLOSED
2022-02-20 16:20:07,478:__main__ : INFO : oxidizer_valve is CLOSED
2022-02-20 16:20:07,478:__main__ : INFO : cooling_valve is CLOSED
2022-02-20 16:20:07,478:__main__ : INFO : heating is CLOSED
2022-02-20 16:20:08,526:__main__ : INFO : dump_valve is OPENED
2022-02-20 16:20:08,527:__main__ : INFO : oxidixer_actuator is CLOSED
2022-02-20 16:20:08,527:__main__ : INFO : oxidizer_valve is CLOSED
2022-02-20 16:20:08,527:__main__ : INFO : cooling_valve is CLOSED
2022-02-20 16:20:08,528:__main__ : INFO : heating is CLOSED
2022-02-20 16:20:09,402:__main__ : INFO : dump_valve is CLOSED
2022-02-20 16:20:09,402:__main__ : INFO : oxidixer_actuator is CLOSED
2022-02-20 16:20:09,403:__main__ : INFO : oxidizer_valve is CLOSED
2022-02-20 16:20:09,403:__main__ : INFO : cooling_valve is CLOSED
2022-02-20 16:20:09,404:__main__ : INFO : heating is CLOSED
2022-02-20 16:20:09,920:__main__ : INFO : dump_valve is CLOSED
2022-02-20 16:20:09,921:__main__ : INFO : oxidixer_actuator is OPENED
2022-02-20 16:20:09,921:__main__ : INFO : oxidizer_valve is CLOSED
2022-02-20 16:20:09,921:__main__ : INFO : cooling_valve is CLOSED
2022-02-20 16:20:09,922:__main__ : INFO : heating is CLOSED
2022-02-20 16:20:10,501:__main__ : INFO : dump_valve is CLOSED
2022-02-20 16:20:10,502:__main__ : INFO : oxidixer_actuator is CLOSED
2022-02-20 16:20:10,502:__main__ : INFO : oxidizer_valve is CLOSED
2022-02-20 16:20:10,503:__main__ : INFO : cooling_valve is CLOSED
2022-02-20 16:20:10,503:__main__ : INFO : heating is CLOSED
2022-02-20 16:20:11,407:__main__ : INFO : dump_valve is CLOSED
2022-02-20 16:20:11,408:__main__ : INFO : oxidixer_actuator is CLOSED
2022-02-20 16:20:11,408:__main__ : INFO : oxidizer_valve is CLOSED
2022-02-20 16:20:11,409:__main__ : INFO : cooling_valve is OPENED
2022-02-20 16:20:11,409:__main__ : INFO : heating is CLOSED
2022-02-20 16:20:12,060:__main__ : INFO : dump_valve is CLOSED
2022-02-20 16:20:12,061:__main__ : INFO : oxidixer_actuator is CLOSED
2022-02-20 16:20:12,064:__main__ : INFO : oxidizer_valve is CLOSED
2022-02-20 16:20:12,065:__main__ : INFO : cooling_valve is CLOSED
2022-02-20 16:20:12,065:__main__ : INFO : heating is CLOSED
2022-02-20 16:20:12,791:__main__ : INFO : dump_valve is CLOSED
2022-02-20 16:20:12,792:__main__ : INFO : oxidixer_actuator is CLOSED
2022-02-20 16:20:12,792:__main__ : INFO : oxidizer_valve is CLOSED
2022-02-20 16:20:12,792:__main__ : INFO : cooling_valve is CLOSED
2022-02-20 16:20:12,793:__main__ : INFO : heating is OPENED
2022-02-20 16:20:13,283:__main__ : INFO : dump_valve is CLOSED
2022-02-20 16:20:13,284:__main__ : INFO : oxidixer_actuator is CLOSED
2022-02-20 16:20:13,284:__main__ : INFO : oxidizer_valve is CLOSED
2022-02-20 16:20:13,284:__main__ : INFO : cooling_valve is CLOSED
2022-02-20 16:20:13,285:__main__ : INFO : heating is CLOSED
2022-02-20 16:20:14,133:__main__ : INFO : dump_valve is CLOSED
2022-02-20 16:20:14,134:__main__ : INFO : oxidixer_actuator is CLOSED
2022-02-20 16:20:14,134:__main__ : INFO : oxidizer_valve is CLOSED
2022-02-20 16:20:14,134:__main__ : INFO : cooling_valve is CLOSED
2022-02-20 16:20:14,135:__main__ : INFO : heating is CLOSED
2022-02-20 16:20:14,791:__main__ : INFO : dump_valve is CLOSED
2022-02-20 16:20:14,791:__main__ : INFO : oxidixer_actuator is CLOSED
2022-02-20 16:20:14,792:__main__ : INFO : oxidizer_valve is CLOSED
2022-02-20 16:20:14,792:__main__ : INFO : cooling_valve is CLOSED
2022-02-20 16:20:14,792:__main__ : INFO : heating is CLOSED
2022-02-20 16:20:15,766:__main__ : INFO : dump_valve is CLOSED
2022-02-20 16:20:15,766:__main__ : INFO : oxidixer_actuator is CLOSED
2022-02-20 16:20:15,767:__main__ : INFO : oxidizer_valve is OPENED
2022-02-20 16:20:15,767:__main__ : INFO : cooling_valve is CLOSED
2022-02-20 16:20:15,768:__main__ : INFO : heating is CLOSED
2022-02-20 16:20:16,302:__main__ : INFO : dump_valve is CLOSED
2022-02-20 16:20:16,302:__main__ : INFO : oxidixer_actuator is CLOSED
2022-02-20 16:20:16,303:__main__ : INFO : oxidizer_valve is CLOSED
2022-02-20 16:20:16,303:__main__ : INFO : cooling_valve is CLOSED
2022-02-20 16:20:16,303:__main__ : INFO : heating is CLOSED
2022-02-20 16:20:16,305:__main__ : INFO : dump_valve is CLOSED
2022-02-20 16:20:16,305:__main__ : INFO : oxidixer_actuator is CLOSED
2022-02-20 16:20:16,305:__main__ : INFO : oxidizer_valve is OPENED
2022-02-20 16:20:16,306:__main__ : INFO : cooling_valve is CLOSED
2022-02-20 16:20:16,306:__main__ : INFO : heating is CLOSED
2022-02-20 16:20:16,328:__main__ : INFO : dump_valve is CLOSED
2022-02-20 16:20:16,329:__main__ : INFO : oxidixer_actuator is CLOSED
2022-02-20 16:20:16,329:__main__ : INFO : oxidizer_valve is CLOSED
2022-02-20 16:20:16,329:__main__ : INFO : cooling_valve is CLOSED
2022-02-20 16:20:16,330:__main__ : INFO : heating is CLOSED
2022-02-20 16:20:24,435:__main__ : INFO : dump_valve is OPENED
2022-02-20 16:20:24,436:__main__ : INFO : oxidixer_actuator is CLOSED
2022-02-20 16:20:24,436:__main__ : INFO : oxidizer_valve is CLOSED
2022-02-20 16:20:24,437:__main__ : INFO : cooling_valve is CLOSED
2022-02-20 16:20:24,437:__main__ : INFO : heating is CLOSED
2022-02-20 16:20:24,441:__main__ : INFO : dump_valve is CLOSED
2022-02-20 16:20:24,441:__main__ : INFO : oxidixer_actuator is CLOSED
2022-02-20 16:20:24,442:__main__ : INFO : oxidizer_valve is CLOSED
2022-02-20 16:20:24,442:__main__ : INFO : cooling_valve is CLOSED
2022-02-20 16:20:24,443:__main__ : INFO : heating is CLOSED
2022-02-20 16:20:24,462:__main__ : INFO : dump_valve is CLOSED
2022-02-20 16:20:24,462:__main__ : INFO : oxidixer_actuator is OPENED
2022-02-20 16:20:24,463:__main__ : INFO : oxidizer_valve is CLOSED
2022-02-20 16:20:24,463:__main__ : INFO : cooling_valve is CLOSED
2022-02-20 16:20:24,463:__main__ : INFO : heating is CLOSED
2022-02-20 16:20:24,465:__main__ : INFO : dump_valve is CLOSED
2022-02-20 16:20:24,465:__main__ : INFO : oxidixer_actuator is CLOSED
2022-02-20 16:20:24,466:__main__ : INFO : oxidizer_valve is CLOSED
2022-02-20 16:20:24,466:__main__ : INFO : cooling_valve is CLOSED
2022-02-20 16:20:24,466:__main__ : INFO : heating is CLOSED
2022-02-20 16:20:24,487:__main__ : INFO : dump_valve is CLOSED
2022-02-20 16:20:24,488:__main__ : INFO : oxidixer_actuator is CLOSED
2022-02-20 16:20:24,488:__main__ : INFO : oxidizer_valve is CLOSED
2022-02-20 16:20:24,489:__main__ : INFO : cooling_valve is OPENED
2022-02-20 16:20:24,489:__main__ : INFO : heating is CLOSED
2022-02-20 16:20:24,513:__main__ : INFO : dump_valve is CLOSED
2022-02-20 16:20:24,513:__main__ : INFO : oxidixer_actuator is CLOSED
2022-02-20 16:20:24,514:__main__ : INFO : oxidizer_valve is CLOSED
2022-02-20 16:20:24,514:__main__ : INFO : cooling_valve is CLOSED
2022-02-20 16:20:24,515:__main__ : INFO : heating is CLOSED
2022-02-20 16:20:24,516:__main__ : INFO : dump_valve is CLOSED
2022-02-20 16:20:24,517:__main__ : INFO : oxidixer_actuator is CLOSED
2022-02-20 16:20:24,517:__main__ : INFO : oxidizer_valve is CLOSED
2022-02-20 16:20:24,518:__main__ : INFO : cooling_valve is CLOSED
2022-02-20 16:20:24,518:__main__ : INFO : heating is OPENED
2022-02-20 16:20:24,520:__main__ : INFO : dump_valve is CLOSED
2022-02-20 16:20:24,520:__main__ : INFO : oxidixer_actuator is CLOSED
2022-02-20 16:20:24,521:__main__ : INFO : oxidizer_valve is CLOSED
2022-02-20 16:20:24,521:__main__ : INFO : cooling_valve is CLOSED
2022-02-20 16:20:24,521:__main__ : INFO : heating is CLOSED
2022-02-20 16:20:24,523:__main__ : INFO : dump_valve is CLOSED
2022-02-20 16:20:24,523:__main__ : INFO : oxidixer_actuator is CLOSED
2022-02-20 16:20:24,534:__main__ : INFO : oxidizer_valve is CLOSED
2022-02-20 16:20:24,541:__main__ : INFO : cooling_valve is CLOSED
2022-02-20 16:20:24,541:__main__ : INFO : heating is CLOSED
2022-02-20 16:20:24,542:__main__ : INFO : dump_valve is CLOSED
2022-02-20 16:20:24,543:__main__ : INFO : oxidixer_actuator is CLOSED
2022-02-20 16:20:24,543:__main__ : INFO : oxidizer_valve is CLOSED
2022-02-20 16:20:24,544:__main__ : INFO : cooling_valve is CLOSED
2022-02-20 16:20:24,544:__main__ : INFO : heating is CLOSED
2022-02-20 16:20:24,547:__main__ : INFO : dump_valve is CLOSED
2022-02-20 16:20:24,548:__main__ : INFO : oxidixer_actuator is CLOSED
2022-02-20 16:20:24,549:__main__ : INFO : oxidizer_valve is OPENED
2022-02-20 16:20:24,549:__main__ : INFO : cooling_valve is CLOSED
2022-02-20 16:20:24,550:__main__ : INFO : heating is CLOSED
2022-02-20 16:20:24,562:__main__ : INFO : dump_valve is CLOSED
2022-02-20 16:20:24,569:__main__ : INFO : oxidixer_actuator is CLOSED
2022-02-20 16:20:24,569:__main__ : INFO : oxidizer_valve is CLOSED
2022-02-20 16:20:24,570:__main__ : INFO : cooling_valve is CLOSED
2022-02-20 16:20:24,570:__main__ : INFO : heating is CLOSED
2022-02-20 16:20:24,572:__main__ : INFO : dump_valve is CLOSED
2022-02-20 16:20:24,572:__main__ : INFO : oxidixer_actuator is CLOSED
2022-02-20 16:20:24,573:__main__ : INFO : oxidizer_valve is OPENED
2022-02-20 16:20:24,573:__main__ : INFO : cooling_valve is CLOSED
2022-02-20 16:20:24,574:__main__ : INFO : heating is CLOSED
2022-02-20 16:20:24,575:__main__ : INFO : dump_valve is CLOSED
2022-02-20 16:20:24,576:__main__ : INFO : oxidixer_actuator is CLOSED
2022-02-20 16:20:24,576:__main__ : INFO : oxidizer_valve is CLOSED
2022-02-20 16:20:24,577:__main__ : INFO : cooling_valve is CLOSED
2022-02-20 16:20:24,577:__main__ : INFO : heating is CLOSED
2022-02-20 16:20:24,578:__main__ : INFO : dump_valve is CLOSED
2022-02-20 16:20:24,579:__main__ : INFO : oxidixer_actuator is OPENED
2022-02-20 16:20:24,579:__main__ : INFO : oxidizer_valve is CLOSED
2022-02-20 16:20:24,590:__main__ : INFO : cooling_valve is CLOSED
2022-02-20 16:20:24,597:__main__ : INFO : heating is CLOSED
2022-02-20 16:20:25,037:__main__ : INFO : dump_valve is CLOSED
2022-02-20 16:20:25,038:__main__ : INFO : oxidixer_actuator is CLOSED
2022-02-20 16:20:25,038:__main__ : INFO : oxidizer_valve is CLOSED
2022-02-20 16:20:25,039:__main__ : INFO : cooling_valve is CLOSED
2022-02-20 16:20:25,040:__main__ : INFO : heating is CLOSED
2022-02-20 16:20:40,923:__main__ : INFO : dump_valve is CLOSED
2022-02-20 16:20:40,923:__main__ : INFO : oxidixer_actuator is CLOSED
2022-02-20 16:20:40,924:__main__ : INFO : oxidizer_valve is CLOSED
2022-02-20 16:20:40,924:__main__ : INFO : cooling_valve is CLOSED
2022-02-20 16:20:40,925:__main__ : INFO : heating is CLOSED
2022-02-20 16:20:43,676:__main__ : INFO : dump_valve is CLOSED
2022-02-20 16:20:43,676:__main__ : INFO : oxidixer_actuator is OPENED
2022-02-20 16:20:43,677:__main__ : INFO : oxidizer_valve is CLOSED
2022-02-20 16:20:43,677:__main__ : INFO : cooling_valve is CLOSED
2022-02-20 16:20:43,678:__main__ : INFO : heating is CLOSED
2022-02-20 16:20:44,066:__main__ : INFO : dump_valve is CLOSED
2022-02-20 16:20:44,066:__main__ : INFO : oxidixer_actuator is CLOSED
2022-02-20 16:20:44,067:__main__ : INFO : oxidizer_valve is CLOSED
2022-02-20 16:20:44,067:__main__ : INFO : cooling_valve is CLOSED
2022-02-20 16:20:44,068:__main__ : INFO : heating is CLOSED
2022-02-20 16:20:58,413:__main__ : INFO : dump_valve is OPENED
2022-02-20 16:20:58,414:__main__ : INFO : oxidixer_actuator is CLOSED
2022-02-20 16:20:58,414:__main__ : INFO : oxidizer_valve is CLOSED
2022-02-20 16:20:58,425:__main__ : INFO : cooling_valve is CLOSED
2022-02-20 16:20:58,432:__main__ : INFO : heating is CLOSED
2022-02-20 16:20:59,333:__main__ : INFO : dump_valve is CLOSED
2022-02-20 16:20:59,334:__main__ : INFO : oxidixer_actuator is CLOSED
2022-02-20 16:20:59,334:__main__ : INFO : oxidizer_valve is CLOSED
2022-02-20 16:20:59,334:__main__ : INFO : cooling_valve is CLOSED
2022-02-20 16:20:59,335:__main__ : INFO : heating is CLOSED
2022-02-20 16:20:59,797:__main__ : INFO : dump_valve is OPENED
2022-02-20 16:20:59,797:__main__ : INFO : oxidixer_actuator is CLOSED
2022-02-20 16:20:59,798:__main__ : INFO : oxidizer_valve is CLOSED
2022-02-20 16:20:59,798:__main__ : INFO : cooling_valve is CLOSED
2022-02-20 16:20:59,799:__main__ : INFO : heating is CLOSED
2022-02-20 16:21:00,431:__main__ : INFO : dump_valve is CLOSED
2022-02-20 16:21:00,431:__main__ : INFO : oxidixer_actuator is CLOSED
2022-02-20 16:21:00,434:__main__ : INFO : oxidizer_valve is CLOSED
2022-02-20 16:21:00,435:__main__ : INFO : cooling_valve is CLOSED
2022-02-20 16:21:00,435:__main__ : INFO : heating is CLOSED
2022-02-20 16:21:02,238:__main__ : INFO : dump_valve is OPENED
2022-02-20 16:21:02,238:__main__ : INFO : oxidixer_actuator is CLOSED
2022-02-20 16:21:02,239:__main__ : INFO : oxidizer_valve is CLOSED
2022-02-20 16:21:02,239:__main__ : INFO : cooling_valve is CLOSED
2022-02-20 16:21:02,240:__main__ : INFO : heating is CLOSED
2022-02-20 16:21:02,241:__main__ : INFO : dump_valve is CLOSED
2022-02-20 16:21:02,241:__main__ : INFO : oxidixer_actuator is CLOSED
2022-02-20 16:21:02,242:__main__ : INFO : oxidizer_valve is CLOSED
2022-02-20 16:21:02,242:__main__ : INFO : cooling_valve is CLOSED
2022-02-20 16:21:02,243:__main__ : INFO : heating is CLOSED
2022-02-20 16:21:02,244:__main__ : INFO : dump_valve is OPENED
2022-02-20 16:21:02,244:__main__ : INFO : oxidixer_actuator is CLOSED
2022-02-20 16:21:02,245:__main__ : INFO : oxidizer_valve is CLOSED
2022-02-20 16:21:02,245:__main__ : INFO : cooling_valve is CLOSED
2022-02-20 16:21:02,245:__main__ : INFO : heating is CLOSED
2022-02-20 16:21:02,246:__main__ : INFO : dump_valve is CLOSED
2022-02-20 16:21:02,247:__main__ : INFO : oxidixer_actuator is CLOSED
2022-02-20 16:21:02,253:__main__ : INFO : oxidizer_valve is CLOSED
2022-02-20 16:21:02,264:__main__ : INFO : cooling_valve is CLOSED
2022-02-20 16:21:02,265:__main__ : INFO : heating is CLOSED
2022-02-20 16:21:02,266:__main__ : INFO : dump_valve is CLOSED
2022-02-20 16:21:02,267:__main__ : INFO : oxidixer_actuator is CLOSED
2022-02-20 16:21:02,267:__main__ : INFO : oxidizer_valve is CLOSED
2022-02-20 16:21:02,267:__main__ : INFO : cooling_valve is CLOSED
2022-02-20 16:21:02,268:__main__ : INFO : heating is OPENED
2022-02-20 16:21:02,270:__main__ : INFO : dump_valve is CLOSED
2022-02-20 16:21:02,270:__main__ : INFO : oxidixer_actuator is CLOSED
2022-02-20 16:21:02,271:__main__ : INFO : oxidizer_valve is CLOSED
2022-02-20 16:21:02,271:__main__ : INFO : cooling_valve is CLOSED
2022-02-20 16:21:02,271:__main__ : INFO : heating is CLOSED
2022-02-20 16:21:03,976:__main__ : INFO : dump_valve is OPENED
2022-02-20 16:21:03,977:__main__ : INFO : oxidixer_actuator is CLOSED
2022-02-20 16:21:03,977:__main__ : INFO : oxidizer_valve is CLOSED
2022-02-20 16:21:03,977:__main__ : INFO : cooling_valve is CLOSED
2022-02-20 16:21:03,978:__main__ : INFO : heating is CLOSED
2022-02-20 16:21:04,611:__main__ : INFO : dump_valve is CLOSED
2022-02-20 16:21:04,612:__main__ : INFO : oxidixer_actuator is CLOSED
2022-02-20 16:21:04,612:__main__ : INFO : oxidizer_valve is CLOSED
2022-02-20 16:21:04,613:__main__ : INFO : cooling_valve is CLOSED
2022-02-20 16:21:04,613:__main__ : INFO : heating is CLOSED
2022-02-20 16:24:01,040:__main__ : INFO : dump_valve is CLOSED
2022-02-20 16:24:01,040:__main__ : INFO : oxidixer_actuator is CLOSED
2022-02-20 16:24:01,040:__main__ : INFO : oxidizer_valve is CLOSED
2022-02-20 16:24:01,041:__main__ : INFO : cooling_valve is CLOSED
2022-02-20 16:24:01,041:__main__ : INFO : heating is CLOSED
2022-02-20 16:24:02,919:__main__ : INFO : dump_valve is CLOSED
2022-02-20 16:24:02,919:__main__ : INFO : oxidixer_actuator is OPENED
2022-02-20 16:24:02,920:__main__ : INFO : oxidizer_valve is CLOSED
2022-02-20 16:24:02,920:__main__ : INFO : cooling_valve is CLOSED
2022-02-20 16:24:02,921:__main__ : INFO : heating is CLOSED
2022-02-20 16:24:03,603:__main__ : INFO : dump_valve is CLOSED
2022-02-20 16:24:03,604:__main__ : INFO : oxidixer_actuator is CLOSED
2022-02-20 16:24:03,604:__main__ : INFO : oxidizer_valve is CLOSED
2022-02-20 16:24:03,604:__main__ : INFO : cooling_valve is CLOSED
2022-02-20 16:24:03,605:__main__ : INFO : heating is CLOSED
2022-02-20 16:33:53,798:__main__ : INFO : dump_valve is CLOSED
2022-02-20 16:33:53,798:__main__ : INFO : oxidixer_actuator is CLOSED
2022-02-20 16:33:53,799:__main__ : INFO : oxidizer_valve is CLOSED
2022-02-20 16:33:53,799:__main__ : INFO : cooling_valve is CLOSED
2022-02-20 16:33:53,800:__main__ : INFO : heating is OPENED
2022-02-20 16:33:54,802:__main__ : INFO : dump_valve is CLOSED
2022-02-20 16:33:54,802:__main__ : INFO : oxidixer_actuator is CLOSED
2022-02-20 16:33:54,803:__main__ : INFO : oxidizer_valve is CLOSED
2022-02-20 16:33:54,803:__main__ : INFO : cooling_valve is CLOSED
2022-02-20 16:33:54,804:__main__ : INFO : heating is CLOSED
2022-02-20 16:33:56,152:__main__ : INFO : dump_valve is OPENED
2022-02-20 16:33:56,152:__main__ : INFO : oxidixer_actuator is CLOSED
2022-02-20 16:33:56,152:__main__ : INFO : oxidizer_valve is CLOSED
2022-02-20 16:33:56,152:__main__ : INFO : cooling_valve is CLOSED
2022-02-20 16:33:56,153:__main__ : INFO : heating is CLOSED
2022-02-20 16:33:57,465:__main__ : INFO : dump_valve is CLOSED
2022-02-20 16:33:57,466:__main__ : INFO : oxidixer_actuator is CLOSED
2022-02-20 16:33:57,466:__main__ : INFO : oxidizer_valve is CLOSED
2022-02-20 16:33:57,467:__main__ : INFO : cooling_valve is CLOSED
2022-02-20 16:33:57,467:__main__ : INFO : heating is CLOSED
2022-02-20 16:33:57,956:__main__ : INFO : dump_valve is OPENED
2022-02-20 16:33:57,957:__main__ : INFO : oxidixer_actuator is CLOSED
2022-02-20 16:33:57,957:__main__ : INFO : oxidizer_valve is CLOSED
2022-02-20 16:33:57,958:__main__ : INFO : cooling_valve is CLOSED
2022-02-20 16:33:57,958:__main__ : INFO : heating is CLOSED
2022-02-20 16:33:58,392:__main__ : INFO : dump_valve is CLOSED
2022-02-20 16:33:58,392:__main__ : INFO : oxidixer_actuator is CLOSED
2022-02-20 16:33:58,393:__main__ : INFO : oxidizer_valve is CLOSED
2022-02-20 16:33:58,393:__main__ : INFO : cooling_valve is CLOSED
2022-02-20 16:33:58,394:__main__ : INFO : heating is CLOSED
2022-02-20 16:34:02,271:__main__ : INFO : dump_valve is OPENED
2022-02-20 16:34:02,272:__main__ : INFO : oxidixer_actuator is CLOSED
2022-02-20 16:34:02,272:__main__ : INFO : oxidizer_valve is CLOSED
2022-02-20 16:34:02,272:__main__ : INFO : cooling_valve is CLOSED
2022-02-20 16:34:02,273:__main__ : INFO : heating is CLOSED
2022-02-20 16:34:03,128:__main__ : INFO : dump_valve is CLOSED
2022-02-20 16:34:03,129:__main__ : INFO : oxidixer_actuator is CLOSED
2022-02-20 16:34:03,129:__main__ : INFO : oxidizer_valve is CLOSED
2022-02-20 16:34:03,129:__main__ : INFO : cooling_valve is CLOSED
2022-02-20 16:34:03,130:__main__ : INFO : heating is CLOSED
2022-02-20 16:34:09,370:__main__ : INFO : dump_valve is OPENED
2022-02-20 16:34:09,371:__main__ : INFO : oxidixer_actuator is CLOSED
2022-02-20 16:34:09,371:__main__ : INFO : oxidizer_valve is CLOSED
2022-02-20 16:34:09,372:__main__ : INFO : cooling_valve is CLOSED
2022-02-20 16:34:09,372:__main__ : INFO : heating is CLOSED
2022-02-20 16:34:10,583:__main__ : INFO : dump_valve is CLOSED
2022-02-20 16:34:10,584:__main__ : INFO : oxidixer_actuator is CLOSED
2022-02-20 16:34:10,584:__main__ : INFO : oxidizer_valve is CLOSED
2022-02-20 16:34:10,584:__main__ : INFO : cooling_valve is CLOSED
2022-02-20 16:34:10,585:__main__ : INFO : heating is CLOSED
2022-02-20 16:34:11,972:__main__ : INFO : dump_valve is CLOSED
2022-02-20 16:34:11,972:__main__ : INFO : oxidixer_actuator is CLOSED
2022-02-20 16:34:11,973:__main__ : INFO : oxidizer_valve is CLOSED
2022-02-20 16:34:11,973:__main__ : INFO : cooling_valve is CLOSED
2022-02-20 16:34:11,974:__main__ : INFO : heating is CLOSED
2022-02-20 16:34:12,020:__main__ : INFO : dump_valve is OPENED
2022-02-20 16:34:12,021:__main__ : INFO : oxidixer_actuator is CLOSED
2022-02-20 16:34:12,021:__main__ : INFO : oxidizer_valve is CLOSED
2022-02-20 16:34:12,022:__main__ : INFO : cooling_valve is CLOSED
2022-02-20 16:34:12,022:__main__ : INFO : heating is CLOSED
2022-02-20 16:34:12,028:__main__ : INFO : dump_valve is CLOSED
2022-02-20 16:34:12,035:__main__ : INFO : oxidixer_actuator is CLOSED
2022-02-20 16:34:12,045:__main__ : INFO : oxidizer_valve is CLOSED
2022-02-20 16:34:12,046:__main__ : INFO : cooling_valve is CLOSED
2022-02-20 16:34:12,047:__main__ : INFO : heating is CLOSED
2022-02-20 16:34:12,050:__main__ : INFO : dump_valve is OPENED
2022-02-20 16:34:12,051:__main__ : INFO : oxidixer_actuator is CLOSED
2022-02-20 16:34:12,051:__main__ : INFO : oxidizer_valve is CLOSED
2022-02-20 16:34:12,052:__main__ : INFO : cooling_valve is CLOSED
2022-02-20 16:34:12,052:__main__ : INFO : heating is CLOSED
2022-02-20 16:34:12,053:__main__ : INFO : dump_valve is CLOSED
2022-02-20 16:34:12,054:__main__ : INFO : oxidixer_actuator is CLOSED
2022-02-20 16:34:12,054:__main__ : INFO : oxidizer_valve is CLOSED
2022-02-20 16:34:12,054:__main__ : INFO : cooling_valve is CLOSED
2022-02-20 16:34:12,055:__main__ : INFO : heating is CLOSED
2022-02-20 16:34:12,073:__main__ : INFO : dump_valve is OPENED
2022-02-20 16:34:12,074:__main__ : INFO : oxidixer_actuator is CLOSED
2022-02-20 16:34:12,074:__main__ : INFO : oxidizer_valve is CLOSED
2022-02-20 16:34:12,075:__main__ : INFO : cooling_valve is CLOSED
2022-02-20 16:34:12,075:__main__ : INFO : heating is CLOSED
2022-02-20 16:34:12,099:__main__ : INFO : dump_valve is CLOSED
2022-02-20 16:34:12,099:__main__ : INFO : oxidixer_actuator is CLOSED
2022-02-20 16:34:12,102:__main__ : INFO : oxidizer_valve is CLOSED
2022-02-20 16:34:12,102:__main__ : INFO : cooling_valve is CLOSED
2022-02-20 16:34:12,103:__main__ : INFO : heating is CLOSED
2022-02-20 16:34:12,104:__main__ : INFO : dump_valve is OPENED
2022-02-20 16:34:12,104:__main__ : INFO : oxidixer_actuator is CLOSED
2022-02-20 16:34:12,105:__main__ : INFO : oxidizer_valve is CLOSED
2022-02-20 16:34:12,105:__main__ : INFO : cooling_valve is CLOSED
2022-02-20 16:34:12,106:__main__ : INFO : heating is CLOSED
2022-02-20 16:34:12,125:__main__ : INFO : dump_valve is CLOSED
2022-02-20 16:34:12,126:__main__ : INFO : oxidixer_actuator is CLOSED
2022-02-20 16:34:12,126:__main__ : INFO : oxidizer_valve is CLOSED
2022-02-20 16:34:12,127:__main__ : INFO : cooling_valve is CLOSED
2022-02-20 16:34:12,127:__main__ : INFO : heating is CLOSED
2022-02-20 16:34:25,340:__main__ : INFO : dump_valve is CLOSED
2022-02-20 16:34:25,341:__main__ : INFO : oxidixer_actuator is OPENED
2022-02-20 16:34:25,341:__main__ : INFO : oxidizer_valve is CLOSED
2022-02-20 16:34:25,341:__main__ : INFO : cooling_valve is CLOSED
2022-02-20 16:34:25,342:__main__ : INFO : heating is CLOSED
2022-02-20 16:34:26,341:__main__ : INFO : dump_valve is CLOSED
2022-02-20 16:34:26,341:__main__ : INFO : oxidixer_actuator is CLOSED
2022-02-20 16:34:26,342:__main__ : INFO : oxidizer_valve is CLOSED
2022-02-20 16:34:26,342:__main__ : INFO : cooling_valve is CLOSED
2022-02-20 16:34:26,343:__main__ : INFO : heating is CLOSED
2022-02-20 16:34:28,341:__main__ : INFO : dump_valve is CLOSED
2022-02-20 16:34:28,342:__main__ : INFO : oxidixer_actuator is OPENED
2022-02-20 16:34:28,342:__main__ : INFO : oxidizer_valve is CLOSED
2022-02-20 16:34:28,343:__main__ : INFO : cooling_valve is CLOSED
2022-02-20 16:34:28,343:__main__ : INFO : heating is CLOSED
2022-02-20 16:34:28,659:__main__ : INFO : dump_valve is CLOSED
2022-02-20 16:34:28,660:__main__ : INFO : oxidixer_actuator is CLOSED
2022-02-20 16:34:28,660:__main__ : INFO : oxidizer_valve is CLOSED
2022-02-20 16:34:28,660:__main__ : INFO : cooling_valve is CLOSED
2022-02-20 16:34:28,661:__main__ : INFO : heating is CLOSED
2022-02-20 16:34:33,038:__main__ : INFO : dump_valve is CLOSED
2022-02-20 16:34:33,044:__main__ : INFO : oxidixer_actuator is OPENED
2022-02-20 16:34:33,044:__main__ : INFO : oxidizer_valve is CLOSED
2022-02-20 16:34:33,045:__main__ : INFO : cooling_valve is CLOSED
2022-02-20 16:34:33,045:__main__ : INFO : heating is CLOSED
2022-02-20 16:34:33,074:__main__ : INFO : dump_valve is CLOSED
2022-02-20 16:34:33,074:__main__ : INFO : oxidixer_actuator is CLOSED
2022-02-20 16:34:33,075:__main__ : INFO : oxidizer_valve is CLOSED
2022-02-20 16:34:33,075:__main__ : INFO : cooling_valve is CLOSED
2022-02-20 16:34:33,076:__main__ : INFO : heating is CLOSED
2022-02-20 16:34:33,077:__main__ : INFO : dump_valve is CLOSED
2022-02-20 16:34:33,077:__main__ : INFO : oxidixer_actuator is OPENED
2022-02-20 16:34:33,078:__main__ : INFO : oxidizer_valve is CLOSED
2022-02-20 16:34:33,090:__main__ : INFO : cooling_valve is CLOSED
2022-02-20 16:34:33,096:__main__ : INFO : heating is CLOSED
2022-02-20 16:34:33,097:__main__ : INFO : dump_valve is CLOSED
2022-02-20 16:34:33,098:__main__ : INFO : oxidixer_actuator is CLOSED
2022-02-20 16:34:33,098:__main__ : INFO : oxidizer_valve is CLOSED
2022-02-20 16:34:33,099:__main__ : INFO : cooling_valve is CLOSED
2022-02-20 16:34:33,099:__main__ : INFO : heating is CLOSED
