2022-02-21 09:37:36,812:__main__ : INFO : dump_valve is CLOSED
2022-02-21 09:37:36,815:__main__ : INFO : oxidixer_actuator is CLOSED
2022-02-21 09:37:36,838:__main__ : INFO : oxidizer_valve is CLOSED
2022-02-21 09:37:36,848:__main__ : INFO : cooling_valve is OPENED
2022-02-21 09:37:36,859:__main__ : INFO : heating is CLOSED
2022-02-21 09:37:44,716:__main__ : INFO : dump_valve is CLOSED
2022-02-21 09:37:44,727:__main__ : INFO : oxidixer_actuator is CLOSED
2022-02-21 09:37:44,737:__main__ : INFO : oxidizer_valve is CLOSED
2022-02-21 09:37:44,748:__main__ : INFO : cooling_valve is CLOSED
2022-02-21 09:37:44,759:__main__ : INFO : heating is CLOSED
2022-02-21 09:37:49,087:__main__ : INFO : dump_valve is CLOSED
2022-02-21 09:37:49,097:__main__ : INFO : oxidixer_actuator is OPENED
2022-02-21 09:37:49,099:__main__ : INFO : oxidizer_valve is CLOSED
2022-02-21 09:37:49,101:__main__ : INFO : cooling_valve is CLOSED
2022-02-21 09:37:49,103:__main__ : INFO : heating is CLOSED
2022-02-21 09:37:54,861:__main__ : INFO : dump_valve is CLOSED
2022-02-21 09:37:54,862:__main__ : INFO : oxidixer_actuator is CLOSED
2022-02-21 09:37:54,862:__main__ : INFO : oxidizer_valve is CLOSED
2022-02-21 09:37:54,862:__main__ : INFO : cooling_valve is CLOSED
2022-02-21 09:37:54,862:__main__ : INFO : heating is CLOSED
2022-02-21 09:37:59,323:__main__ : INFO : dump_valve is OPENED
2022-02-21 09:37:59,334:__main__ : INFO : oxidixer_actuator is CLOSED
2022-02-21 09:37:59,339:__main__ : INFO : oxidizer_valve is CLOSED
2022-02-21 09:37:59,340:__main__ : INFO : cooling_valve is CLOSED
2022-02-21 09:37:59,340:__main__ : INFO : heating is CLOSED
2022-02-21 09:38:04,188:__main__ : INFO : dump_valve is CLOSED
2022-02-21 09:38:04,189:__main__ : INFO : oxidixer_actuator is CLOSED
2022-02-21 09:38:04,189:__main__ : INFO : oxidizer_valve is CLOSED
2022-02-21 09:38:04,190:__main__ : INFO : cooling_valve is CLOSED
2022-02-21 09:38:04,190:__main__ : INFO : heating is CLOSED
2022-02-21 09:38:09,375:__main__ : INFO : dump_valve is OPENED
2022-02-21 09:38:09,388:__main__ : INFO : oxidixer_actuator is CLOSED
2022-02-21 09:38:09,399:__main__ : INFO : oxidizer_valve is CLOSED
2022-02-21 09:38:09,409:__main__ : INFO : cooling_valve is CLOSED
2022-02-21 09:38:09,420:__main__ : INFO : heating is CLOSED
2022-02-21 09:38:12,820:__main__ : INFO : dump_valve is CLOSED
2022-02-21 09:38:12,822:__main__ : INFO : oxidixer_actuator is CLOSED
2022-02-21 09:38:12,829:__main__ : INFO : oxidizer_valve is CLOSED
2022-02-21 09:38:12,840:__main__ : INFO : cooling_valve is CLOSED
2022-02-21 09:38:12,852:__main__ : INFO : heating is CLOSED
2022-02-21 09:38:18,243:__main__ : INFO : dump_valve is CLOSED
2022-02-21 09:38:18,254:__main__ : INFO : oxidixer_actuator is CLOSED
2022-02-21 09:38:18,264:__main__ : INFO : oxidizer_valve is CLOSED
2022-02-21 09:38:18,275:__main__ : INFO : cooling_valve is CLOSED
2022-02-21 09:38:18,285:__main__ : INFO : heating is OPENED
2022-02-21 09:38:22,706:__main__ : INFO : dump_valve is CLOSED
2022-02-21 09:38:22,717:__main__ : INFO : oxidixer_actuator is CLOSED
2022-02-21 09:38:22,727:__main__ : INFO : oxidizer_valve is CLOSED
2022-02-21 09:38:22,728:__main__ : INFO : cooling_valve is CLOSED
2022-02-21 09:38:22,728:__main__ : INFO : heating is CLOSED
2022-02-21 09:38:27,768:__main__ : INFO : dump_valve is CLOSED
2022-02-21 09:38:27,778:__main__ : INFO : oxidixer_actuator is CLOSED
2022-02-21 09:38:27,789:__main__ : INFO : oxidizer_valve is CLOSED
2022-02-21 09:38:27,792:__main__ : INFO : cooling_valve is CLOSED
2022-02-21 09:38:27,792:__main__ : INFO : heating is CLOSED
2022-02-21 09:38:29,515:__main__ : INFO : dump_valve is CLOSED
2022-02-21 09:38:29,516:__main__ : INFO : oxidixer_actuator is CLOSED
2022-02-21 09:38:29,516:__main__ : INFO : oxidizer_valve is CLOSED
2022-02-21 09:38:29,517:__main__ : INFO : cooling_valve is CLOSED
2022-02-21 09:38:29,517:__main__ : INFO : heating is CLOSED
2022-02-21 09:38:29,518:__main__ : INFO : dump_valve is CLOSED
2022-02-21 09:38:29,519:__main__ : INFO : oxidixer_actuator is CLOSED
2022-02-21 09:38:29,519:__main__ : INFO : oxidizer_valve is CLOSED
2022-02-21 09:38:29,520:__main__ : INFO : cooling_valve is CLOSED
2022-02-21 09:38:29,520:__main__ : INFO : heating is CLOSED
2022-02-21 09:38:34,472:__main__ : INFO : dump_valve is CLOSED
2022-02-21 09:38:34,473:__main__ : INFO : oxidixer_actuator is CLOSED
2022-02-21 09:38:34,473:__main__ : INFO : oxidizer_valve is CLOSED
2022-02-21 09:38:34,474:__main__ : INFO : cooling_valve is CLOSED
2022-02-21 09:38:34,474:__main__ : INFO : heating is CLOSED
2022-02-21 09:38:43,799:__main__ : INFO : dump_valve is CLOSED
2022-02-21 09:38:43,810:__main__ : INFO : oxidixer_actuator is CLOSED
2022-02-21 09:38:43,820:__main__ : INFO : oxidizer_valve is CLOSED
2022-02-21 09:38:43,831:__main__ : INFO : cooling_valve is CLOSED
2022-02-21 09:38:43,841:__main__ : INFO : heating is CLOSED
2022-02-21 09:38:46,739:__main__ : INFO : dump_valve is CLOSED
2022-02-21 09:38:46,751:__main__ : INFO : oxidixer_actuator is CLOSED
2022-02-21 09:38:46,762:__main__ : INFO : oxidizer_valve is CLOSED
2022-02-21 09:38:46,774:__main__ : INFO : cooling_valve is CLOSED
2022-02-21 09:38:46,786:__main__ : INFO : heating is CLOSED
2022-02-21 09:38:53,555:__main__ : INFO : dump_valve is CLOSED
2022-02-21 09:38:53,566:__main__ : INFO : oxidixer_actuator is CLOSED
2022-02-21 09:38:53,575:__main__ : INFO : oxidizer_valve is CLOSED
2022-02-21 09:38:53,577:__main__ : INFO : cooling_valve is CLOSED
2022-02-21 09:38:53,579:__main__ : INFO : heating is CLOSED
2022-02-21 09:39:12,676:__main__ : INFO : dump_valve is CLOSED
2022-02-21 09:39:12,686:__main__ : INFO : oxidixer_actuator is CLOSED
2022-02-21 09:39:12,697:__main__ : INFO : oxidizer_valve is CLOSED
2022-02-21 09:39:12,707:__main__ : INFO : cooling_valve is CLOSED
2022-02-21 09:39:12,718:__main__ : INFO : heating is CLOSED
2022-02-21 09:40:15,504:__main__ : INFO : dump_valve is CLOSED
2022-02-21 09:40:15,515:__main__ : INFO : oxidixer_actuator is CLOSED
2022-02-21 09:40:15,525:__main__ : INFO : oxidizer_valve is CLOSED
2022-02-21 09:40:15,536:__main__ : INFO : cooling_valve is CLOSED
2022-02-21 09:40:15,546:__main__ : INFO : heating is CLOSED
2022-02-21 09:40:24,519:__main__ : INFO : dump_valve is CLOSED
2022-02-21 09:40:24,520:__main__ : INFO : oxidixer_actuator is CLOSED
2022-02-21 09:40:24,520:__main__ : INFO : oxidizer_valve is CLOSED
2022-02-21 09:40:24,520:__main__ : INFO : cooling_valve is CLOSED
2022-02-21 09:40:24,520:__main__ : INFO : heating is CLOSED
2022-02-21 09:40:31,543:__main__ : INFO : dump_valve is CLOSED
2022-02-21 09:40:31,554:__main__ : INFO : oxidixer_actuator is CLOSED
2022-02-21 09:40:31,557:__main__ : INFO : oxidizer_valve is CLOSED
2022-02-21 09:40:31,560:__main__ : INFO : cooling_valve is CLOSED
2022-02-21 09:40:31,561:__main__ : INFO : heating is CLOSED
2022-02-21 09:40:42,298:__main__ : INFO : dump_valve is CLOSED
2022-02-21 09:40:42,309:__main__ : INFO : oxidixer_actuator is CLOSED
2022-02-21 09:40:42,319:__main__ : INFO : oxidizer_valve is CLOSED
2022-02-21 09:40:42,330:__main__ : INFO : cooling_valve is CLOSED
2022-02-21 09:40:42,340:__main__ : INFO : heating is CLOSED
2022-02-21 09:43:04,245:__main__ : INFO : dump_valve is CLOSED
2022-02-21 09:43:04,256:__main__ : INFO : oxidixer_actuator is CLOSED
2022-02-21 09:43:04,266:__main__ : INFO : oxidizer_valve is CLOSED
2022-02-21 09:43:04,277:__main__ : INFO : cooling_valve is CLOSED
2022-02-21 09:43:04,287:__main__ : INFO : heating is CLOSED
2022-02-21 09:44:04,639:__main__ : INFO : dump_valve is CLOSED
2022-02-21 09:44:04,650:__main__ : INFO : oxidixer_actuator is CLOSED
2022-02-21 09:44:04,650:__main__ : INFO : oxidizer_valve is CLOSED
2022-02-21 09:44:04,652:__main__ : INFO : cooling_valve is CLOSED
2022-02-21 09:44:04,652:__main__ : INFO : heating is CLOSED
2022-02-21 09:44:05,910:__main__ : INFO : dump_valve is CLOSED
2022-02-21 09:44:05,920:__main__ : INFO : oxidixer_actuator is CLOSED
2022-02-21 09:44:05,931:__main__ : INFO : oxidizer_valve is CLOSED
2022-02-21 09:44:05,941:__main__ : INFO : cooling_valve is CLOSED
2022-02-21 09:44:05,943:__main__ : INFO : heating is CLOSED
2022-02-21 09:44:57,161:__main__ : INFO : dump_valve is CLOSED
2022-02-21 09:44:57,172:__main__ : INFO : oxidixer_actuator is CLOSED
2022-02-21 09:44:57,174:__main__ : INFO : oxidizer_valve is OPENED
2022-02-21 09:44:57,177:__main__ : INFO : cooling_valve is CLOSED
2022-02-21 09:44:57,177:__main__ : INFO : heating is CLOSED
2022-02-21 09:45:02,675:__main__ : INFO : dump_valve is CLOSED
2022-02-21 09:45:02,677:__main__ : INFO : oxidixer_actuator is CLOSED
2022-02-21 09:45:02,684:__main__ : INFO : oxidizer_valve is CLOSED
2022-02-21 09:45:02,695:__main__ : INFO : cooling_valve is CLOSED
2022-02-21 09:45:02,707:__main__ : INFO : heating is CLOSED
2022-02-21 09:45:05,753:__main__ : INFO : dump_valve is CLOSED
2022-02-21 09:45:05,765:__main__ : INFO : oxidixer_actuator is CLOSED
2022-02-21 09:45:05,777:__main__ : INFO : oxidizer_valve is CLOSED
2022-02-21 09:45:05,788:__main__ : INFO : cooling_valve is CLOSED
2022-02-21 09:45:05,795:__main__ : INFO : heating is CLOSED
2022-02-21 09:47:31,989:__main__ : INFO : dump_valve is CLOSED
2022-02-21 09:47:32,000:__main__ : INFO : oxidixer_actuator is CLOSED
2022-02-21 09:47:32,010:__main__ : INFO : oxidizer_valve is CLOSED
2022-02-21 09:47:32,021:__main__ : INFO : cooling_valve is CLOSED
2022-02-21 09:47:32,031:__main__ : INFO : heating is CLOSED
2022-02-21 09:47:39,192:__main__ : INFO : dump_valve is CLOSED
2022-02-21 09:47:39,192:__main__ : INFO : oxidixer_actuator is CLOSED
2022-02-21 09:47:39,192:__main__ : INFO : oxidizer_valve is CLOSED
2022-02-21 09:47:39,203:__main__ : INFO : cooling_valve is CLOSED
2022-02-21 09:47:39,213:__main__ : INFO : heating is CLOSED
2022-02-21 09:47:45,921:__main__ : INFO : dump_valve is CLOSED
2022-02-21 09:47:45,931:__main__ : INFO : oxidixer_actuator is CLOSED
2022-02-21 09:47:45,942:__main__ : INFO : oxidizer_valve is CLOSED
2022-02-21 09:47:45,949:__main__ : INFO : cooling_valve is CLOSED
2022-02-21 09:47:45,950:__main__ : INFO : heating is CLOSED
2022-02-21 09:47:52,678:__main__ : INFO : dump_valve is CLOSED
2022-02-21 09:47:52,689:__main__ : INFO : oxidixer_actuator is CLOSED
2022-02-21 09:47:52,699:__main__ : INFO : oxidizer_valve is CLOSED
2022-02-21 09:47:52,710:__main__ : INFO : cooling_valve is CLOSED
2022-02-21 09:47:52,720:__main__ : INFO : heating is CLOSED
2022-02-21 09:48:01,509:__main__ : INFO : dump_valve is CLOSED
2022-02-21 09:48:01,511:__main__ : INFO : oxidixer_actuator is CLOSED
2022-02-21 09:48:01,511:__main__ : INFO : oxidizer_valve is CLOSED
2022-02-21 09:48:01,512:__main__ : INFO : cooling_valve is CLOSED
2022-02-21 09:48:01,512:__main__ : INFO : heating is CLOSED
2022-02-21 09:48:04,472:__main__ : INFO : dump_valve is CLOSED
2022-02-21 09:48:04,482:__main__ : INFO : oxidixer_actuator is CLOSED
2022-02-21 09:48:04,493:__main__ : INFO : oxidizer_valve is CLOSED
2022-02-21 09:48:04,503:__main__ : INFO : cooling_valve is CLOSED
2022-02-21 09:48:04,514:__main__ : INFO : heating is CLOSED
2022-02-21 09:54:40,375:__main__ : INFO : dump_valve is CLOSED
2022-02-21 09:54:40,377:__main__ : INFO : oxidixer_actuator is CLOSED
2022-02-21 09:54:40,377:__main__ : INFO : oxidizer_valve is CLOSED
2022-02-21 09:54:40,378:__main__ : INFO : cooling_valve is CLOSED
2022-02-21 09:54:40,378:__main__ : INFO : heating is CLOSED
2022-02-21 09:55:14,591:__main__ : INFO : dump_valve is CLOSED
2022-02-21 09:55:14,592:__main__ : INFO : oxidixer_actuator is CLOSED
2022-02-21 09:55:14,592:__main__ : INFO : oxidizer_valve is CLOSED
2022-02-21 09:55:14,593:__main__ : INFO : cooling_valve is CLOSED
2022-02-21 09:55:14,593:__main__ : INFO : heating is CLOSED
2022-02-21 09:55:20,076:__main__ : INFO : dump_valve is CLOSED
2022-02-21 09:55:20,086:__main__ : INFO : oxidixer_actuator is CLOSED
2022-02-21 09:55:20,096:__main__ : INFO : oxidizer_valve is CLOSED
2022-02-21 09:55:20,096:__main__ : INFO : cooling_valve is CLOSED
2022-02-21 09:55:20,098:__main__ : INFO : heating is CLOSED
2022-02-21 09:55:35,613:__main__ : INFO : dump_valve is CLOSED
2022-02-21 09:55:35,624:__main__ : INFO : oxidixer_actuator is CLOSED
2022-02-21 09:55:35,634:__main__ : INFO : oxidizer_valve is CLOSED
2022-02-21 09:55:35,645:__main__ : INFO : cooling_valve is CLOSED
2022-02-21 09:55:35,655:__main__ : INFO : heating is CLOSED
2022-02-21 09:55:40,323:__main__ : INFO : dump_valve is CLOSED
2022-02-21 09:55:40,333:__main__ : INFO : oxidixer_actuator is CLOSED
2022-02-21 09:55:40,344:__main__ : INFO : oxidizer_valve is CLOSED
2022-02-21 09:55:40,354:__main__ : INFO : cooling_valve is CLOSED
2022-02-21 09:55:40,365:__main__ : INFO : heating is CLOSED
2022-02-21 09:55:56,566:__main__ : INFO : dump_valve is CLOSED
2022-02-21 09:55:56,576:__main__ : INFO : oxidixer_actuator is CLOSED
2022-02-21 09:55:56,587:__main__ : INFO : oxidizer_valve is CLOSED
2022-02-21 09:55:56,594:__main__ : INFO : cooling_valve is OPENED
2022-02-21 09:55:56,595:__main__ : INFO : heating is CLOSED
2022-02-21 09:56:02,154:__main__ : INFO : dump_valve is CLOSED
2022-02-21 09:56:02,164:__main__ : INFO : oxidixer_actuator is CLOSED
2022-02-21 09:56:02,175:__main__ : INFO : oxidizer_valve is CLOSED
2022-02-21 09:56:02,185:__main__ : INFO : cooling_valve is CLOSED
2022-02-21 09:56:02,196:__main__ : INFO : heating is CLOSED
