2022-02-21 15:31:28,865:__main__ : INFO : dump_valve is CLOSED
2022-02-21 15:31:28,875:__main__ : INFO : oxidixer_actuator is CLOSED
2022-02-21 15:31:28,877:__main__ : INFO : oxidizer_valve is CLOSED
2022-02-21 15:31:28,879:__main__ : INFO : cooling_valve is CLOSED
2022-02-21 15:31:28,879:__main__ : INFO : heating is CLOSED
2022-02-21 15:32:38,080:__main__ : INFO : dump_valve is CLOSED
2022-02-21 15:32:38,082:__main__ : INFO : oxidixer_actuator is OPENED
2022-02-21 15:32:38,083:__main__ : INFO : oxidizer_valve is CLOSED
2022-02-21 15:32:38,083:__main__ : INFO : cooling_valve is CLOSED
2022-02-21 15:32:38,083:__main__ : INFO : heating is CLOSED
2022-02-21 15:32:41,300:__main__ : INFO : dump_valve is CLOSED
2022-02-21 15:32:41,310:__main__ : INFO : oxidixer_actuator is CLOSED
2022-02-21 15:32:41,321:__main__ : INFO : oxidizer_valve is CLOSED
2022-02-21 15:32:41,331:__main__ : INFO : cooling_valve is CLOSED
2022-02-21 15:32:41,338:__main__ : INFO : heating is CLOSED
2022-02-21 15:32:42,487:__main__ : INFO : dump_valve is CLOSED
2022-02-21 15:32:42,498:__main__ : INFO : oxidixer_actuator is OPENED
2022-02-21 15:32:42,508:__main__ : INFO : oxidizer_valve is CLOSED
2022-02-21 15:32:42,519:__main__ : INFO : cooling_valve is CLOSED
2022-02-21 15:32:42,529:__main__ : INFO : heating is CLOSED
2022-02-21 15:32:46,629:__main__ : INFO : dump_valve is CLOSED
2022-02-21 15:32:46,639:__main__ : INFO : oxidixer_actuator is CLOSED
2022-02-21 15:32:46,650:__main__ : INFO : oxidizer_valve is CLOSED
2022-02-21 15:32:46,660:__main__ : INFO : cooling_valve is CLOSED
2022-02-21 15:32:46,667:__main__ : INFO : heating is CLOSED
2022-02-21 15:35:49,710:__main__ : INFO : dump_valve is CLOSED
2022-02-21 15:35:49,711:__main__ : INFO : oxidixer_actuator is OPENED
2022-02-21 15:35:49,714:__main__ : INFO : oxidizer_valve is CLOSED
2022-02-21 15:35:49,714:__main__ : INFO : cooling_valve is CLOSED
2022-02-21 15:35:49,722:__main__ : INFO : heating is CLOSED
2022-02-21 15:36:12,027:__main__ : INFO : dump_valve is CLOSED
2022-02-21 15:36:12,037:__main__ : INFO : oxidixer_actuator is OPENED
2022-02-21 15:36:12,048:__main__ : INFO : oxidizer_valve is CLOSED
2022-02-21 15:36:12,058:__main__ : INFO : cooling_valve is OPENED
2022-02-21 15:36:12,062:__main__ : INFO : heating is CLOSED
2022-02-21 15:36:15,406:__main__ : INFO : dump_valve is CLOSED
2022-02-21 15:36:15,407:__main__ : INFO : oxidixer_actuator is OPENED
2022-02-21 15:36:15,407:__main__ : INFO : oxidizer_valve is CLOSED
2022-02-21 15:36:15,408:__main__ : INFO : cooling_valve is CLOSED
2022-02-21 15:36:15,408:__main__ : INFO : heating is CLOSED
2022-02-21 15:36:58,274:__main__ : INFO : dump_valve is CLOSED
2022-02-21 15:36:58,284:__main__ : INFO : oxidixer_actuator is CLOSED
2022-02-21 15:36:58,295:__main__ : INFO : oxidizer_valve is CLOSED
2022-02-21 15:36:58,305:__main__ : INFO : cooling_valve is CLOSED
2022-02-21 15:36:58,316:__main__ : INFO : heating is CLOSED
2022-02-21 15:37:31,173:__main__ : INFO : dump_valve is CLOSED
2022-02-21 15:37:31,184:__main__ : INFO : oxidixer_actuator is OPENED
2022-02-21 15:37:31,194:__main__ : INFO : oxidizer_valve is CLOSED
2022-02-21 15:37:31,205:__main__ : INFO : cooling_valve is CLOSED
2022-02-21 15:37:31,215:__main__ : INFO : heating is CLOSED
2022-02-21 15:37:46,106:__main__ : INFO : dump_valve is CLOSED
2022-02-21 15:37:46,106:__main__ : INFO : oxidixer_actuator is CLOSED
2022-02-21 15:37:46,107:__main__ : INFO : oxidizer_valve is CLOSED
2022-02-21 15:37:46,107:__main__ : INFO : cooling_valve is CLOSED
2022-02-21 15:37:46,108:__main__ : INFO : heating is CLOSED
2022-02-21 15:40:27,797:__main__ : INFO : dump_valve is CLOSED
2022-02-21 15:40:27,808:__main__ : INFO : oxidixer_actuator is OPENED
2022-02-21 15:40:27,815:__main__ : INFO : oxidizer_valve is CLOSED
2022-02-21 15:40:27,816:__main__ : INFO : cooling_valve is CLOSED
2022-02-21 15:40:27,817:__main__ : INFO : heating is CLOSED
2022-02-21 15:40:52,113:__main__ : INFO : dump_valve is CLOSED
2022-02-21 15:40:52,124:__main__ : INFO : oxidixer_actuator is CLOSED
2022-02-21 15:40:52,135:__main__ : INFO : oxidizer_valve is CLOSED
2022-02-21 15:40:52,145:__main__ : INFO : cooling_valve is CLOSED
2022-02-21 15:40:52,156:__main__ : INFO : heating is CLOSED
2022-02-21 15:41:18,752:__main__ : INFO : dump_valve is OPENED
2022-02-21 15:41:18,763:__main__ : INFO : oxidixer_actuator is CLOSED
2022-02-21 15:41:18,773:__main__ : INFO : oxidizer_valve is CLOSED
2022-02-21 15:41:18,784:__main__ : INFO : cooling_valve is CLOSED
2022-02-21 15:41:18,795:__main__ : INFO : heating is CLOSED
2022-02-21 15:41:21,373:__main__ : INFO : dump_valve is CLOSED
2022-02-21 15:41:21,383:__main__ : INFO : oxidixer_actuator is CLOSED
2022-02-21 15:41:21,394:__main__ : INFO : oxidizer_valve is CLOSED
2022-02-21 15:41:21,404:__main__ : INFO : cooling_valve is CLOSED
2022-02-21 15:41:21,415:__main__ : INFO : heating is CLOSED
2022-02-21 15:41:25,944:__main__ : INFO : dump_valve is CLOSED
2022-02-21 15:41:25,945:__main__ : INFO : oxidixer_actuator is CLOSED
2022-02-21 15:41:25,945:__main__ : INFO : oxidizer_valve is CLOSED
2022-02-21 15:41:25,946:__main__ : INFO : cooling_valve is CLOSED
2022-02-21 15:41:25,946:__main__ : INFO : heating is OPENED
2022-02-21 15:41:27,854:__main__ : INFO : dump_valve is CLOSED
2022-02-21 15:41:27,865:__main__ : INFO : oxidixer_actuator is CLOSED
2022-02-21 15:41:27,876:__main__ : INFO : oxidizer_valve is CLOSED
2022-02-21 15:41:27,884:__main__ : INFO : cooling_valve is CLOSED
2022-02-21 15:41:27,884:__main__ : INFO : heating is CLOSED
2022-02-21 15:41:45,453:__main__ : INFO : dump_valve is CLOSED
2022-02-21 15:41:45,463:__main__ : INFO : oxidixer_actuator is CLOSED
2022-02-21 15:41:45,474:__main__ : INFO : oxidizer_valve is CLOSED
2022-02-21 15:41:45,484:__main__ : INFO : cooling_valve is CLOSED
2022-02-21 15:41:45,495:__main__ : INFO : heating is CLOSED
2022-02-21 15:41:47,223:__main__ : INFO : dump_valve is CLOSED
2022-02-21 15:41:47,234:__main__ : INFO : oxidixer_actuator is CLOSED
2022-02-21 15:41:47,246:__main__ : INFO : oxidizer_valve is CLOSED
2022-02-21 15:41:47,250:__main__ : INFO : cooling_valve is CLOSED
2022-02-21 15:41:47,252:__main__ : INFO : heating is CLOSED
2022-02-21 15:41:53,339:__main__ : INFO : dump_valve is CLOSED
2022-02-21 15:41:53,351:__main__ : INFO : oxidixer_actuator is CLOSED
2022-02-21 15:41:53,362:__main__ : INFO : oxidizer_valve is OPENED
2022-02-21 15:41:53,375:__main__ : INFO : cooling_valve is CLOSED
2022-02-21 15:41:53,386:__main__ : INFO : heating is CLOSED
2022-02-21 15:41:56,490:__main__ : INFO : dump_valve is CLOSED
2022-02-21 15:41:56,501:__main__ : INFO : oxidixer_actuator is CLOSED
2022-02-21 15:41:56,513:__main__ : INFO : oxidizer_valve is CLOSED
2022-02-21 15:41:56,517:__main__ : INFO : cooling_valve is CLOSED
2022-02-21 15:41:56,519:__main__ : INFO : heating is CLOSED
2022-02-21 15:42:13,138:__main__ : INFO : dump_valve is CLOSED
2022-02-21 15:42:13,149:__main__ : INFO : oxidixer_actuator is CLOSED
2022-02-21 15:42:13,150:__main__ : INFO : oxidizer_valve is CLOSED
2022-02-21 15:42:13,150:__main__ : INFO : cooling_valve is OPENED
2022-02-21 15:42:13,151:__main__ : INFO : heating is CLOSED
2022-02-21 15:42:19,096:__main__ : INFO : dump_valve is CLOSED
2022-02-21 15:42:19,097:__main__ : INFO : oxidixer_actuator is CLOSED
2022-02-21 15:42:19,097:__main__ : INFO : oxidizer_valve is CLOSED
2022-02-21 15:42:19,097:__main__ : INFO : cooling_valve is CLOSED
2022-02-21 15:42:19,097:__main__ : INFO : heating is CLOSED
2022-02-21 15:45:52,373:__main__ : INFO : dump_valve is CLOSED
2022-02-21 15:45:52,384:__main__ : INFO : oxidixer_actuator is CLOSED
2022-02-21 15:45:52,394:__main__ : INFO : oxidizer_valve is CLOSED
2022-02-21 15:45:52,405:__main__ : INFO : cooling_valve is CLOSED
2022-02-21 15:45:52,419:__main__ : INFO : heating is CLOSED
2022-02-21 15:46:02,320:__main__ : INFO : dump_valve is CLOSED
2022-02-21 15:46:02,327:__main__ : INFO : oxidixer_actuator is CLOSED
2022-02-21 15:46:02,339:__main__ : INFO : oxidizer_valve is CLOSED
2022-02-21 15:46:02,342:__main__ : INFO : cooling_valve is CLOSED
2022-02-21 15:46:02,343:__main__ : INFO : heating is CLOSED
2022-02-21 15:46:03,557:__main__ : INFO : dump_valve is CLOSED
2022-02-21 15:46:03,557:__main__ : INFO : oxidixer_actuator is CLOSED
2022-02-21 15:46:03,558:__main__ : INFO : oxidizer_valve is CLOSED
2022-02-21 15:46:03,558:__main__ : INFO : cooling_valve is CLOSED
2022-02-21 15:46:03,558:__main__ : INFO : heating is CLOSED
2022-02-21 15:56:36,558:__main__ : INFO : dump_valve is CLOSED
2022-02-21 15:56:36,569:__main__ : INFO : oxidixer_actuator is CLOSED
2022-02-21 15:56:36,572:__main__ : INFO : oxidizer_valve is CLOSED
2022-02-21 15:56:36,574:__main__ : INFO : cooling_valve is CLOSED
2022-02-21 15:56:36,578:__main__ : INFO : heating is CLOSED
2022-02-21 15:57:28,315:__main__ : INFO : dump_valve is CLOSED
2022-02-21 15:57:28,319:__main__ : INFO : oxidixer_actuator is CLOSED
2022-02-21 15:57:28,322:__main__ : INFO : oxidizer_valve is CLOSED
2022-02-21 15:57:28,322:__main__ : INFO : cooling_valve is CLOSED
2022-02-21 15:57:28,327:__main__ : INFO : heating is CLOSED
2022-02-21 15:57:35,168:__main__ : INFO : dump_valve is CLOSED
2022-02-21 15:57:35,169:__main__ : INFO : oxidixer_actuator is CLOSED
2022-02-21 15:57:35,169:__main__ : INFO : oxidizer_valve is CLOSED
2022-02-21 15:57:35,169:__main__ : INFO : cooling_valve is CLOSED
2022-02-21 15:57:35,169:__main__ : INFO : heating is CLOSED
2022-02-21 16:00:28,823:__main__ : INFO : dump_valve is CLOSED
2022-02-21 16:00:28,833:__main__ : INFO : oxidixer_actuator is CLOSED
2022-02-21 16:00:28,844:__main__ : INFO : oxidizer_valve is CLOSED
2022-02-21 16:00:28,855:__main__ : INFO : cooling_valve is CLOSED
2022-02-21 16:00:28,865:__main__ : INFO : heating is CLOSED
2022-02-21 16:00:34,347:__main__ : INFO : dump_valve is CLOSED
2022-02-21 16:00:34,358:__main__ : INFO : oxidixer_actuator is CLOSED
2022-02-21 16:00:34,368:__main__ : INFO : oxidizer_valve is CLOSED
2022-02-21 16:00:34,368:__main__ : INFO : cooling_valve is CLOSED
2022-02-21 16:00:34,373:__main__ : INFO : heating is CLOSED
2022-02-21 16:01:16,875:__main__ : INFO : dump_valve is OPENED
2022-02-21 16:01:16,887:__main__ : INFO : oxidixer_actuator is CLOSED
2022-02-21 16:01:16,898:__main__ : INFO : oxidizer_valve is CLOSED
2022-02-21 16:01:16,908:__main__ : INFO : cooling_valve is CLOSED
2022-02-21 16:01:16,919:__main__ : INFO : heating is CLOSED
2022-02-21 16:01:23,889:__main__ : INFO : dump_valve is CLOSED
2022-02-21 16:01:23,889:__main__ : INFO : oxidixer_actuator is CLOSED
2022-02-21 16:01:23,889:__main__ : INFO : oxidizer_valve is CLOSED
2022-02-21 16:01:23,890:__main__ : INFO : cooling_valve is CLOSED
2022-02-21 16:01:23,890:__main__ : INFO : heating is CLOSED
