2022-02-21 03:26:40,451:__main__ : INFO : dump_valve is OPENED
2022-02-21 03:26:40,451:__main__ : INFO : oxidixer_actuator is CLOSED
2022-02-21 03:26:40,452:__main__ : INFO : oxidizer_valve is CLOSED
2022-02-21 03:26:40,452:__main__ : INFO : cooling_valve is CLOSED
2022-02-21 03:26:40,453:__main__ : INFO : heating is CLOSED
2022-02-21 03:27:06,353:__main__ : INFO : dump_valve is CLOSED
2022-02-21 03:27:06,364:__main__ : INFO : oxidixer_actuator is CLOSED
2022-02-21 03:27:06,374:__main__ : INFO : oxidizer_valve is CLOSED
2022-02-21 03:27:06,385:__main__ : INFO : cooling_valve is CLOSED
2022-02-21 03:27:06,395:__main__ : INFO : heating is CLOSED
2022-02-21 03:27:21,322:__main__ : INFO : dump_valve is CLOSED
2022-02-21 03:27:21,333:__main__ : INFO : oxidixer_actuator is CLOSED
2022-02-21 03:27:21,343:__main__ : INFO : oxidizer_valve is CLOSED
2022-02-21 03:27:21,351:__main__ : INFO : cooling_valve is CLOSED
2022-02-21 03:27:21,352:__main__ : INFO : heating is OPENED
2022-02-21 03:27:55,384:__main__ : INFO : dump_valve is CLOSED
2022-02-21 03:27:55,394:__main__ : INFO : oxidixer_actuator is OPENED
2022-02-21 03:27:55,405:__main__ : INFO : oxidizer_valve is CLOSED
2022-02-21 03:27:55,415:__main__ : INFO : cooling_valve is CLOSED
2022-02-21 03:27:55,426:__main__ : INFO : heating is OPENED
2022-02-21 03:28:12,955:__main__ : INFO : dump_valve is CLOSED
2022-02-21 03:28:12,956:__main__ : INFO : oxidixer_actuator is CLOSED
2022-02-21 03:28:12,957:__main__ : INFO : oxidizer_valve is CLOSED
2022-02-21 03:28:12,957:__main__ : INFO : cooling_valve is CLOSED
2022-02-21 03:28:12,958:__main__ : INFO : heating is OPENED
2022-02-21 03:28:28,260:__main__ : INFO : dump_valve is CLOSED
2022-02-21 03:28:28,271:__main__ : INFO : oxidixer_actuator is CLOSED
2022-02-21 03:28:28,281:__main__ : INFO : oxidizer_valve is CLOSED
2022-02-21 03:28:28,292:__main__ : INFO : cooling_valve is CLOSED
2022-02-21 03:28:28,302:__main__ : INFO : heating is OPENED
2022-02-21 03:28:36,466:__main__ : INFO : dump_valve is CLOSED
2022-02-21 03:28:36,467:__main__ : INFO : oxidixer_actuator is CLOSED
2022-02-21 03:28:36,467:__main__ : INFO : oxidizer_valve is CLOSED
2022-02-21 03:28:36,467:__main__ : INFO : cooling_valve is CLOSED
2022-02-21 03:28:36,468:__main__ : INFO : heating is OPENED
2022-02-21 03:28:57,277:__main__ : INFO : dump_valve is CLOSED
2022-02-21 03:28:57,289:__main__ : INFO : oxidixer_actuator is CLOSED
2022-02-21 03:28:57,300:__main__ : INFO : oxidizer_valve is CLOSED
2022-02-21 03:28:57,312:__main__ : INFO : cooling_valve is CLOSED
2022-02-21 03:28:57,323:__main__ : INFO : heating is OPENED
2022-02-21 03:29:05,735:__main__ : INFO : dump_valve is CLOSED
2022-02-21 03:29:05,747:__main__ : INFO : oxidixer_actuator is CLOSED
2022-02-21 03:29:05,757:__main__ : INFO : oxidizer_valve is CLOSED
2022-02-21 03:29:05,768:__main__ : INFO : cooling_valve is CLOSED
2022-02-21 03:29:05,778:__main__ : INFO : heating is OPENED
2022-02-21 03:34:54,474:__main__ : INFO : dump_valve is CLOSED
2022-02-21 03:34:54,484:__main__ : INFO : oxidixer_actuator is OPENED
2022-02-21 03:34:54,495:__main__ : INFO : oxidizer_valve is CLOSED
2022-02-21 03:34:54,505:__main__ : INFO : cooling_valve is CLOSED
2022-02-21 03:34:54,516:__main__ : INFO : heating is OPENED
2022-02-21 03:37:55,842:__main__ : INFO : dump_valve is CLOSED
2022-02-21 03:37:55,853:__main__ : INFO : oxidixer_actuator is OPENED
2022-02-21 03:37:55,863:__main__ : INFO : oxidizer_valve is CLOSED
2022-02-21 03:37:55,874:__main__ : INFO : cooling_valve is CLOSED
2022-02-21 03:37:55,884:__main__ : INFO : heating is CLOSED
2022-02-21 03:39:30,913:__main__ : INFO : dump_valve is OPENED
2022-02-21 03:39:30,923:__main__ : INFO : oxidixer_actuator is OPENED
2022-02-21 03:39:30,934:__main__ : INFO : oxidizer_valve is CLOSED
2022-02-21 03:39:30,944:__main__ : INFO : cooling_valve is CLOSED
2022-02-21 03:39:30,955:__main__ : INFO : heating is CLOSED
2022-02-21 03:39:44,912:__main__ : INFO : dump_valve is CLOSED
2022-02-21 03:39:44,923:__main__ : INFO : oxidixer_actuator is OPENED
2022-02-21 03:39:44,933:__main__ : INFO : oxidizer_valve is CLOSED
2022-02-21 03:39:44,944:__main__ : INFO : cooling_valve is CLOSED
2022-02-21 03:39:44,947:__main__ : INFO : heating is CLOSED
2022-02-21 03:41:09,083:__main__ : INFO : dump_valve is CLOSED
2022-02-21 03:41:09,094:__main__ : INFO : oxidixer_actuator is OPENED
2022-02-21 03:41:09,105:__main__ : INFO : oxidizer_valve is CLOSED
2022-02-21 03:41:09,115:__main__ : INFO : cooling_valve is CLOSED
2022-02-21 03:41:09,126:__main__ : INFO : heating is CLOSED
2022-02-21 03:41:14,052:__main__ : INFO : dump_valve is CLOSED
2022-02-21 03:41:14,063:__main__ : INFO : oxidixer_actuator is OPENED
2022-02-21 03:41:14,075:__main__ : INFO : oxidizer_valve is CLOSED
2022-02-21 03:41:14,088:__main__ : INFO : cooling_valve is CLOSED
2022-02-21 03:41:14,095:__main__ : INFO : heating is CLOSED
2022-02-21 03:42:46,573:__main__ : INFO : dump_valve is CLOSED
2022-02-21 03:42:46,583:__main__ : INFO : oxidixer_actuator is OPENED
2022-02-21 03:42:46,594:__main__ : INFO : oxidizer_valve is CLOSED
2022-02-21 03:42:46,605:__main__ : INFO : cooling_valve is CLOSED
2022-02-21 03:42:46,615:__main__ : INFO : heating is CLOSED
2022-02-21 03:43:12,393:__main__ : INFO : dump_valve is CLOSED
2022-02-21 03:43:12,396:__main__ : INFO : oxidixer_actuator is OPENED
2022-02-21 03:43:12,397:__main__ : INFO : oxidizer_valve is CLOSED
2022-02-21 03:43:12,400:__main__ : INFO : cooling_valve is CLOSED
2022-02-21 03:43:12,400:__main__ : INFO : heating is CLOSED
2022-02-21 03:44:07,071:__main__ : INFO : dump_valve is CLOSED
2022-02-21 03:44:07,073:__main__ : INFO : oxidixer_actuator is CLOSED
2022-02-21 03:44:07,074:__main__ : INFO : oxidizer_valve is CLOSED
2022-02-21 03:44:07,074:__main__ : INFO : cooling_valve is CLOSED
2022-02-21 03:44:07,074:__main__ : INFO : heating is CLOSED
2022-02-21 03:59:42,007:__main__ : INFO : dump_valve is CLOSED
2022-02-21 03:59:42,018:__main__ : INFO : oxidixer_actuator is CLOSED
2022-02-21 03:59:42,028:__main__ : INFO : oxidizer_valve is CLOSED
2022-02-21 03:59:42,039:__main__ : INFO : cooling_valve is CLOSED
2022-02-21 03:59:42,049:__main__ : INFO : heating is OPENED
2022-02-21 03:59:42,076:__main__ : INFO : dump_valve is OPENED
2022-02-21 03:59:42,082:__main__ : INFO : oxidixer_actuator is CLOSED
2022-02-21 03:59:42,083:__main__ : INFO : oxidizer_valve is CLOSED
2022-02-21 03:59:42,086:__main__ : INFO : cooling_valve is CLOSED
2022-02-21 03:59:42,086:__main__ : INFO : heating is OPENED
2022-02-21 03:59:51,550:__main__ : INFO : dump_valve is OPENED
2022-02-21 03:59:51,561:__main__ : INFO : oxidixer_actuator is CLOSED
2022-02-21 03:59:51,571:__main__ : INFO : oxidizer_valve is CLOSED
2022-02-21 03:59:51,582:__main__ : INFO : cooling_valve is CLOSED
2022-02-21 03:59:51,592:__main__ : INFO : heating is CLOSED
2022-02-21 03:59:51,855:__main__ : INFO : dump_valve is CLOSED
2022-02-21 03:59:51,866:__main__ : INFO : oxidixer_actuator is CLOSED
2022-02-21 03:59:51,876:__main__ : INFO : oxidizer_valve is CLOSED
2022-02-21 03:59:51,887:__main__ : INFO : cooling_valve is CLOSED
2022-02-21 03:59:51,897:__main__ : INFO : heating is CLOSED
2022-02-21 04:11:18,076:__main__ : INFO : Switches closed becouse of disconnect
2022-02-21 04:11:18,076:__main__ : INFO : Switches closed becouse of disconnect
