2022-04-08 20:05:08,950:Modules.Adc_ : DEBUG : I2C initialized
2022-04-08 20:05:09,165:__main__ : DEBUG : AnalogToDigitalConverter() components initialized
2022-04-08 20:05:09,166:__main__ : INFO : Cant check pressure ratio
2022-04-08 20:05:09,672:__main__ : INFO : Cant check pressure ratio
2022-04-08 20:05:10,177:__main__ : INFO : Cant check pressure ratio
2022-04-08 20:05:10,683:__main__ : INFO : Cant check pressure ratio
2022-04-08 20:05:11,188:__main__ : INFO : Cant check pressure ratio
2022-04-08 20:05:11,694:__main__ : INFO : Cant check pressure ratio
2022-04-08 20:05:12,199:__main__ : INFO : Cant check pressure ratio
2022-04-08 20:05:12,705:__main__ : INFO : Cant check pressure ratio
2022-04-08 20:05:13,210:__main__ : INFO : Cant check pressure ratio
2022-04-08 20:05:13,716:__main__ : INFO : Cant check pressure ratio
2022-04-08 20:05:14,221:__main__ : INFO : Cant check pressure ratio
2022-04-08 20:05:14,727:__main__ : INFO : Cant check pressure ratio
2022-04-08 20:05:15,232:__main__ : INFO : Cant check pressure ratio
2022-04-08 20:05:15,738:__main__ : INFO : Cant check pressure ratio
2022-04-08 20:05:16,243:__main__ : INFO : Cant check pressure ratio
2022-04-08 20:05:16,749:__main__ : INFO : Cant check pressure ratio
2022-04-08 20:05:17,254:__main__ : INFO : Cant check pressure ratio
2022-04-08 20:05:17,760:__main__ : INFO : Cant check pressure ratio
2022-04-08 20:05:18,265:__main__ : INFO : Cant check pressure ratio
2022-04-08 20:05:18,771:__main__ : INFO : Cant check pressure ratio
2022-04-08 20:05:18,817:__main__ : INFO : Noticied request start of test
2022-04-08 20:05:19,271:Modules.TestFailures : WARNING : Pressure in chamber is too high!
2022-04-08 20:05:19,272:Modules.TestFailures : INFO : Pressure in chamber value: -3.2087000000000003 bar
2022-04-08 20:05:19,272:Modules.TestFailures : INFO : Pressure in tank value: -8.1284 bar
2022-04-08 20:05:19,272:__main__ : INFO : Servo closed becouse of incorrect pressure ratio
2022-04-08 20:05:45,225:__main__ : INFO : Noticied request termination of test
2022-04-08 20:05:45,237:__main__ : INFO : Measurements for SAVEDATA process have ended
