2022-02-21 14:01:38,954:__main__ : INFO : dump_valve is CLOSED
2022-02-21 14:01:38,957:__main__ : INFO : oxidixer_actuator is CLOSED
2022-02-21 14:01:38,958:__main__ : INFO : oxidizer_valve is CLOSED
2022-02-21 14:01:38,958:__main__ : INFO : cooling_valve is CLOSED
2022-02-21 14:01:38,959:__main__ : INFO : heating is CLOSED
2022-02-21 14:03:06,776:__main__ : INFO : dump_valve is OPENED
2022-02-21 14:03:06,777:__main__ : INFO : oxidixer_actuator is CLOSED
2022-02-21 14:03:06,778:__main__ : INFO : oxidizer_valve is CLOSED
2022-02-21 14:03:06,778:__main__ : INFO : cooling_valve is CLOSED
2022-02-21 14:03:06,778:__main__ : INFO : heating is CLOSED
2022-02-21 14:03:06,781:__main__ : INFO : dump_valve is CLOSED
2022-02-21 14:03:06,782:__main__ : INFO : oxidixer_actuator is CLOSED
2022-02-21 14:03:06,782:__main__ : INFO : oxidizer_valve is CLOSED
2022-02-21 14:03:06,783:__main__ : INFO : cooling_valve is CLOSED
2022-02-21 14:03:06,783:__main__ : INFO : heating is CLOSED
2022-02-21 14:03:06,784:__main__ : INFO : dump_valve is OPENED
2022-02-21 14:03:06,786:__main__ : INFO : oxidixer_actuator is CLOSED
2022-02-21 14:03:06,786:__main__ : INFO : oxidizer_valve is CLOSED
2022-02-21 14:03:06,788:__main__ : INFO : cooling_valve is CLOSED
2022-02-21 14:03:06,789:__main__ : INFO : heating is CLOSED
2022-02-21 14:03:06,791:__main__ : INFO : dump_valve is CLOSED
2022-02-21 14:03:06,792:__main__ : INFO : oxidixer_actuator is CLOSED
2022-02-21 14:03:06,792:__main__ : INFO : oxidizer_valve is CLOSED
2022-02-21 14:03:06,793:__main__ : INFO : cooling_valve is CLOSED
2022-02-21 14:03:06,794:__main__ : INFO : heating is CLOSED
2022-02-21 14:03:06,812:__main__ : INFO : dump_valve is CLOSED
2022-02-21 14:03:06,824:__main__ : INFO : oxidixer_actuator is CLOSED
2022-02-21 14:03:06,845:__main__ : INFO : oxidizer_valve is CLOSED
2022-02-21 14:03:06,855:__main__ : INFO : cooling_valve is CLOSED
2022-02-21 14:03:06,866:__main__ : INFO : heating is OPENED
2022-02-21 14:03:06,897:__main__ : INFO : dump_valve is CLOSED
2022-02-21 14:03:06,897:__main__ : INFO : oxidixer_actuator is CLOSED
2022-02-21 14:03:06,897:__main__ : INFO : oxidizer_valve is CLOSED
2022-02-21 14:03:06,898:__main__ : INFO : cooling_valve is CLOSED
2022-02-21 14:03:06,898:__main__ : INFO : heating is CLOSED
2022-02-21 14:03:06,901:__main__ : INFO : dump_valve is CLOSED
2022-02-21 14:03:06,901:__main__ : INFO : oxidixer_actuator is OPENED
2022-02-21 14:03:06,902:__main__ : INFO : oxidizer_valve is CLOSED
2022-02-21 14:03:06,902:__main__ : INFO : cooling_valve is CLOSED
2022-02-21 14:03:06,902:__main__ : INFO : heating is CLOSED
2022-02-21 14:03:06,921:__main__ : INFO : dump_valve is CLOSED
2022-02-21 14:03:06,932:__main__ : INFO : oxidixer_actuator is CLOSED
2022-02-21 14:03:06,942:__main__ : INFO : oxidizer_valve is CLOSED
2022-02-21 14:03:06,953:__main__ : INFO : cooling_valve is CLOSED
2022-02-21 14:03:06,963:__main__ : INFO : heating is CLOSED
2022-02-21 14:03:06,985:__main__ : INFO : dump_valve is CLOSED
2022-02-21 14:03:06,995:__main__ : INFO : oxidixer_actuator is CLOSED
2022-02-21 14:03:07,006:__main__ : INFO : oxidizer_valve is CLOSED
2022-02-21 14:03:07,006:__main__ : INFO : cooling_valve is OPENED
2022-02-21 14:03:07,006:__main__ : INFO : heating is CLOSED
2022-02-21 14:03:07,503:__main__ : INFO : dump_valve is CLOSED
2022-02-21 14:03:07,513:__main__ : INFO : oxidixer_actuator is CLOSED
2022-02-21 14:03:07,524:__main__ : INFO : oxidizer_valve is CLOSED
2022-02-21 14:03:07,534:__main__ : INFO : cooling_valve is CLOSED
2022-02-21 14:03:07,545:__main__ : INFO : heating is CLOSED
