2022-02-21 16:00:19,809:__main__ : INFO : dump_valve is CLOSED
2022-02-21 16:00:19,823:__main__ : INFO : oxidixer_actuator is CLOSED
2022-02-21 16:00:19,836:__main__ : INFO : oxidizer_valve is CLOSED
2022-02-21 16:00:19,850:__main__ : INFO : cooling_valve is OPENED
2022-02-21 16:00:19,855:__main__ : INFO : heating is CLOSED
2022-02-21 16:00:20,574:__main__ : INFO : dump_valve is CLOSED
2022-02-21 16:00:20,586:__main__ : INFO : oxidixer_actuator is CLOSED
2022-02-21 16:00:20,599:__main__ : INFO : oxidizer_valve is CLOSED
2022-02-21 16:00:20,611:__main__ : INFO : cooling_valve is CLOSED
2022-02-21 16:00:20,616:__main__ : INFO : heating is CLOSED
2022-02-21 16:06:12,085:__main__ : INFO : dump_valve is CLOSED
2022-02-21 16:06:12,086:__main__ : INFO : oxidixer_actuator is OPENED
2022-02-21 16:06:12,086:__main__ : INFO : oxidizer_valve is CLOSED
2022-02-21 16:06:12,086:__main__ : INFO : cooling_valve is CLOSED
2022-02-21 16:06:12,086:__main__ : INFO : heating is CLOSED
2022-02-21 16:06:58,879:__main__ : INFO : dump_valve is OPENED
2022-02-21 16:06:58,879:__main__ : INFO : oxidixer_actuator is OPENED
2022-02-21 16:06:58,880:__main__ : INFO : oxidizer_valve is CLOSED
2022-02-21 16:06:58,890:__main__ : INFO : cooling_valve is CLOSED
2022-02-21 16:06:58,901:__main__ : INFO : heating is CLOSED
2022-02-21 16:08:34,887:__main__ : INFO : dump_valve is CLOSED
2022-02-21 16:08:34,898:__main__ : INFO : oxidixer_actuator is OPENED
2022-02-21 16:08:34,908:__main__ : INFO : oxidizer_valve is CLOSED
2022-02-21 16:08:34,910:__main__ : INFO : cooling_valve is CLOSED
2022-02-21 16:08:34,910:__main__ : INFO : heating is CLOSED
2022-02-21 16:08:45,142:__main__ : INFO : dump_valve is CLOSED
2022-02-21 16:08:45,142:__main__ : INFO : oxidixer_actuator is OPENED
2022-02-21 16:08:45,143:__main__ : INFO : oxidizer_valve is CLOSED
2022-02-21 16:08:45,144:__main__ : INFO : cooling_valve is CLOSED
2022-02-21 16:08:45,144:__main__ : INFO : heating is CLOSED
2022-02-21 16:08:46,432:__main__ : INFO : dump_valve is CLOSED
2022-02-21 16:08:46,443:__main__ : INFO : oxidixer_actuator is OPENED
2022-02-21 16:08:46,452:__main__ : INFO : oxidizer_valve is CLOSED
2022-02-21 16:08:46,452:__main__ : INFO : cooling_valve is CLOSED
2022-02-21 16:08:46,452:__main__ : INFO : heating is CLOSED
2022-02-21 16:10:03,012:__main__ : INFO : dump_valve is OPENED
2022-02-21 16:10:03,023:__main__ : INFO : oxidixer_actuator is OPENED
2022-02-21 16:10:03,034:__main__ : INFO : oxidizer_valve is CLOSED
2022-02-21 16:10:03,039:__main__ : INFO : cooling_valve is CLOSED
2022-02-21 16:10:03,039:__main__ : INFO : heating is CLOSED
2022-02-21 16:24:49,575:__main__ : INFO : dump_valve is OPENED
2022-02-21 16:24:49,576:__main__ : INFO : oxidixer_actuator is OPENED
2022-02-21 16:24:49,577:__main__ : INFO : oxidizer_valve is CLOSED
2022-02-21 16:24:49,577:__main__ : INFO : cooling_valve is CLOSED
2022-02-21 16:24:49,577:__main__ : INFO : heating is OPENED
2022-02-21 16:25:18,584:__main__ : INFO : dump_valve is OPENED
2022-02-21 16:25:18,594:__main__ : INFO : oxidixer_actuator is OPENED
2022-02-21 16:25:18,605:__main__ : INFO : oxidizer_valve is CLOSED
2022-02-21 16:25:18,615:__main__ : INFO : cooling_valve is CLOSED
2022-02-21 16:25:18,626:__main__ : INFO : heating is CLOSED
2022-02-21 16:35:01,544:__main__ : INFO : dump_valve is OPENED
2022-02-21 16:35:01,556:__main__ : INFO : oxidixer_actuator is OPENED
2022-02-21 16:35:01,568:__main__ : INFO : oxidizer_valve is CLOSED
2022-02-21 16:35:01,580:__main__ : INFO : cooling_valve is CLOSED
2022-02-21 16:35:01,582:__main__ : INFO : heating is CLOSED
2022-02-21 16:35:02,887:__main__ : INFO : dump_valve is OPENED
2022-02-21 16:35:02,888:__main__ : INFO : oxidixer_actuator is OPENED
2022-02-21 16:35:02,888:__main__ : INFO : oxidizer_valve is CLOSED
2022-02-21 16:35:02,888:__main__ : INFO : cooling_valve is CLOSED
2022-02-21 16:35:02,888:__main__ : INFO : heating is CLOSED
2022-02-21 16:39:58,789:__main__ : INFO : dump_valve is OPENED
2022-02-21 16:39:58,801:__main__ : INFO : oxidixer_actuator is OPENED
2022-02-21 16:39:58,812:__main__ : INFO : oxidizer_valve is CLOSED
2022-02-21 16:39:58,824:__main__ : INFO : cooling_valve is CLOSED
2022-02-21 16:39:58,834:__main__ : INFO : heating is CLOSED
2022-02-21 16:40:01,196:__main__ : INFO : dump_valve is OPENED
2022-02-21 16:40:01,213:__main__ : INFO : oxidixer_actuator is OPENED
2022-02-21 16:40:01,223:__main__ : INFO : oxidizer_valve is CLOSED
2022-02-21 16:40:01,226:__main__ : INFO : cooling_valve is CLOSED
2022-02-21 16:40:01,229:__main__ : INFO : heating is CLOSED
2022-02-21 16:40:17,322:__main__ : INFO : dump_valve is OPENED
2022-02-21 16:40:17,329:__main__ : INFO : oxidixer_actuator is OPENED
2022-02-21 16:40:17,331:__main__ : INFO : oxidizer_valve is CLOSED
2022-02-21 16:40:17,331:__main__ : INFO : cooling_valve is CLOSED
2022-02-21 16:40:17,332:__main__ : INFO : heating is OPENED
2022-02-21 16:40:52,224:__main__ : INFO : dump_valve is OPENED
2022-02-21 16:40:52,224:__main__ : INFO : oxidixer_actuator is OPENED
2022-02-21 16:40:52,225:__main__ : INFO : oxidizer_valve is CLOSED
2022-02-21 16:40:52,225:__main__ : INFO : cooling_valve is CLOSED
2022-02-21 16:40:52,225:__main__ : INFO : heating is CLOSED
2022-02-21 16:45:12,747:__main__ : INFO : dump_valve is OPENED
2022-02-21 16:45:12,749:__main__ : INFO : oxidixer_actuator is OPENED
2022-02-21 16:45:12,751:__main__ : INFO : oxidizer_valve is CLOSED
2022-02-21 16:45:12,758:__main__ : INFO : cooling_valve is CLOSED
2022-02-21 16:45:12,770:__main__ : INFO : heating is CLOSED
2022-02-21 16:45:15,213:__main__ : INFO : dump_valve is OPENED
2022-02-21 16:45:15,225:__main__ : INFO : oxidixer_actuator is OPENED
2022-02-21 16:45:15,237:__main__ : INFO : oxidizer_valve is CLOSED
2022-02-21 16:45:15,249:__main__ : INFO : cooling_valve is CLOSED
2022-02-21 16:45:15,255:__main__ : INFO : heating is CLOSED
2022-02-21 16:50:28,950:__main__ : INFO : dump_valve is OPENED
2022-02-21 16:50:28,962:__main__ : INFO : oxidixer_actuator is OPENED
2022-02-21 16:50:28,974:__main__ : INFO : oxidizer_valve is CLOSED
2022-02-21 16:50:28,982:__main__ : INFO : cooling_valve is CLOSED
2022-02-21 16:50:28,984:__main__ : INFO : heating is CLOSED
2022-02-21 16:50:31,782:__main__ : INFO : dump_valve is OPENED
2022-02-21 16:50:31,794:__main__ : INFO : oxidixer_actuator is OPENED
2022-02-21 16:50:31,806:__main__ : INFO : oxidizer_valve is CLOSED
2022-02-21 16:50:31,816:__main__ : INFO : cooling_valve is CLOSED
2022-02-21 16:50:31,818:__main__ : INFO : heating is CLOSED
2022-02-21 16:50:37,033:__main__ : INFO : dump_valve is OPENED
2022-02-21 16:50:37,035:__main__ : INFO : oxidixer_actuator is OPENED
2022-02-21 16:50:37,037:__main__ : INFO : oxidizer_valve is CLOSED
2022-02-21 16:50:37,039:__main__ : INFO : cooling_valve is CLOSED
2022-02-21 16:50:37,041:__main__ : INFO : heating is OPENED
2022-02-21 16:51:06,951:__main__ : INFO : dump_valve is OPENED
2022-02-21 16:51:06,963:__main__ : INFO : oxidixer_actuator is OPENED
2022-02-21 16:51:06,975:__main__ : INFO : oxidizer_valve is CLOSED
2022-02-21 16:51:06,986:__main__ : INFO : cooling_valve is CLOSED
2022-02-21 16:51:06,988:__main__ : INFO : heating is CLOSED
2022-02-21 16:55:07,591:__main__ : INFO : dump_valve is OPENED
2022-02-21 16:55:07,604:__main__ : INFO : oxidixer_actuator is OPENED
2022-02-21 16:55:07,615:__main__ : INFO : oxidizer_valve is CLOSED
2022-02-21 16:55:07,627:__main__ : INFO : cooling_valve is CLOSED
2022-02-21 16:55:07,639:__main__ : INFO : heating is CLOSED
2022-02-21 16:55:10,812:__main__ : INFO : dump_valve is OPENED
2022-02-21 16:55:10,815:__main__ : INFO : oxidixer_actuator is OPENED
2022-02-21 16:55:10,817:__main__ : INFO : oxidizer_valve is CLOSED
2022-02-21 16:55:10,819:__main__ : INFO : cooling_valve is CLOSED
2022-02-21 16:55:10,827:__main__ : INFO : heating is CLOSED
2022-02-21 16:59:03,093:__main__ : INFO : dump_valve is OPENED
2022-02-21 16:59:03,103:__main__ : INFO : oxidixer_actuator is OPENED
2022-02-21 16:59:03,114:__main__ : INFO : oxidizer_valve is CLOSED
2022-02-21 16:59:03,124:__main__ : INFO : cooling_valve is CLOSED
2022-02-21 16:59:03,135:__main__ : INFO : heating is CLOSED
2022-02-21 16:59:06,214:__main__ : INFO : dump_valve is OPENED
2022-02-21 16:59:06,214:__main__ : INFO : oxidixer_actuator is OPENED
2022-02-21 16:59:06,215:__main__ : INFO : oxidizer_valve is CLOSED
2022-02-21 16:59:06,215:__main__ : INFO : cooling_valve is CLOSED
2022-02-21 16:59:06,216:__main__ : INFO : heating is CLOSED
2022-02-21 17:03:34,049:__main__ : INFO : dump_valve is OPENED
2022-02-21 17:03:34,060:__main__ : INFO : oxidixer_actuator is OPENED
2022-02-21 17:03:34,070:__main__ : INFO : oxidizer_valve is CLOSED
2022-02-21 17:03:34,081:__main__ : INFO : cooling_valve is CLOSED
2022-02-21 17:03:34,091:__main__ : INFO : heating is CLOSED
2022-02-21 17:03:41,399:__main__ : INFO : dump_valve is OPENED
2022-02-21 17:03:41,406:__main__ : INFO : oxidixer_actuator is OPENED
2022-02-21 17:03:41,408:__main__ : INFO : oxidizer_valve is CLOSED
2022-02-21 17:03:41,411:__main__ : INFO : cooling_valve is CLOSED
2022-02-21 17:03:41,413:__main__ : INFO : heating is CLOSED
2022-02-21 17:09:22,864:__main__ : INFO : dump_valve is OPENED
2022-02-21 17:09:22,875:__main__ : INFO : oxidixer_actuator is OPENED
2022-02-21 17:09:22,887:__main__ : INFO : oxidizer_valve is CLOSED
2022-02-21 17:09:22,899:__main__ : INFO : cooling_valve is CLOSED
2022-02-21 17:09:22,901:__main__ : INFO : heating is CLOSED
2022-02-21 17:09:31,379:__main__ : INFO : dump_valve is OPENED
2022-02-21 17:09:31,383:__main__ : INFO : oxidixer_actuator is OPENED
2022-02-21 17:09:31,385:__main__ : INFO : oxidizer_valve is CLOSED
2022-02-21 17:09:31,387:__main__ : INFO : cooling_valve is CLOSED
2022-02-21 17:09:31,387:__main__ : INFO : heating is CLOSED
2022-02-21 17:10:48,940:__main__ : INFO : dump_valve is OPENED
2022-02-21 17:10:48,952:__main__ : INFO : oxidixer_actuator is OPENED
2022-02-21 17:10:48,962:__main__ : INFO : oxidizer_valve is CLOSED
2022-02-21 17:10:48,964:__main__ : INFO : cooling_valve is CLOSED
2022-02-21 17:10:48,965:__main__ : INFO : heating is OPENED
2022-02-21 17:11:15,167:__main__ : INFO : dump_valve is OPENED
2022-02-21 17:11:15,179:__main__ : INFO : oxidixer_actuator is OPENED
2022-02-21 17:11:15,191:__main__ : INFO : oxidizer_valve is CLOSED
2022-02-21 17:11:15,203:__main__ : INFO : cooling_valve is CLOSED
2022-02-21 17:11:15,215:__main__ : INFO : heating is CLOSED
2022-02-21 17:11:17,758:__main__ : INFO : dump_valve is OPENED
2022-02-21 17:11:17,770:__main__ : INFO : oxidixer_actuator is OPENED
2022-02-21 17:11:17,776:__main__ : INFO : oxidizer_valve is CLOSED
2022-02-21 17:11:17,778:__main__ : INFO : cooling_valve is CLOSED
2022-02-21 17:11:17,780:__main__ : INFO : heating is OPENED
2022-02-21 17:11:28,935:__main__ : INFO : dump_valve is OPENED
2022-02-21 17:11:28,947:__main__ : INFO : oxidixer_actuator is OPENED
2022-02-21 17:11:28,959:__main__ : INFO : oxidizer_valve is CLOSED
2022-02-21 17:11:28,971:__main__ : INFO : cooling_valve is CLOSED
2022-02-21 17:11:28,973:__main__ : INFO : heating is CLOSED
2022-02-21 17:13:21,392:__main__ : INFO : dump_valve is OPENED
2022-02-21 17:13:21,392:__main__ : INFO : oxidixer_actuator is OPENED
2022-02-21 17:13:21,393:__main__ : INFO : oxidizer_valve is CLOSED
2022-02-21 17:13:21,393:__main__ : INFO : cooling_valve is CLOSED
2022-02-21 17:13:21,394:__main__ : INFO : heating is OPENED
2022-02-21 17:13:56,344:__main__ : INFO : dump_valve is OPENED
2022-02-21 17:13:56,354:__main__ : INFO : oxidixer_actuator is OPENED
2022-02-21 17:13:56,365:__main__ : INFO : oxidizer_valve is CLOSED
2022-02-21 17:13:56,375:__main__ : INFO : cooling_valve is CLOSED
2022-02-21 17:13:56,385:__main__ : INFO : heating is CLOSED
2022-02-21 17:14:14,261:__main__ : INFO : dump_valve is OPENED
2022-02-21 17:14:14,263:__main__ : INFO : oxidixer_actuator is OPENED
2022-02-21 17:14:14,270:__main__ : INFO : oxidizer_valve is CLOSED
2022-02-21 17:14:14,282:__main__ : INFO : cooling_valve is CLOSED
2022-02-21 17:14:14,294:__main__ : INFO : heating is OPENED
2022-02-21 17:14:38,365:__main__ : INFO : dump_valve is OPENED
2022-02-21 17:14:38,377:__main__ : INFO : oxidixer_actuator is OPENED
2022-02-21 17:14:38,388:__main__ : INFO : oxidizer_valve is CLOSED
2022-02-21 17:14:38,400:__main__ : INFO : cooling_valve is CLOSED
2022-02-21 17:14:38,402:__main__ : INFO : heating is CLOSED
2022-02-21 17:14:55,165:__main__ : INFO : dump_valve is OPENED
2022-02-21 17:14:55,167:__main__ : INFO : oxidixer_actuator is OPENED
2022-02-21 17:14:55,169:__main__ : INFO : oxidizer_valve is CLOSED
2022-02-21 17:14:55,172:__main__ : INFO : cooling_valve is CLOSED
2022-02-21 17:14:55,174:__main__ : INFO : heating is CLOSED
2022-02-21 17:14:56,473:__main__ : INFO : dump_valve is OPENED
2022-02-21 17:14:56,475:__main__ : INFO : oxidixer_actuator is OPENED
2022-02-21 17:14:56,483:__main__ : INFO : oxidizer_valve is CLOSED
2022-02-21 17:14:56,495:__main__ : INFO : cooling_valve is CLOSED
2022-02-21 17:14:56,507:__main__ : INFO : heating is CLOSED
2022-02-21 17:15:26,277:__main__ : INFO : dump_valve is OPENED
2022-02-21 17:15:26,289:__main__ : INFO : oxidixer_actuator is OPENED
2022-02-21 17:15:26,301:__main__ : INFO : oxidizer_valve is CLOSED
2022-02-21 17:15:26,313:__main__ : INFO : cooling_valve is CLOSED
2022-02-21 17:15:26,323:__main__ : INFO : heating is CLOSED
2022-02-21 17:15:28,996:__main__ : INFO : dump_valve is OPENED
2022-02-21 17:15:29,007:__main__ : INFO : oxidixer_actuator is OPENED
2022-02-21 17:15:29,017:__main__ : INFO : oxidizer_valve is CLOSED
2022-02-21 17:15:29,028:__main__ : INFO : cooling_valve is CLOSED
2022-02-21 17:15:29,038:__main__ : INFO : heating is CLOSED
2022-02-21 17:15:30,785:__main__ : INFO : dump_valve is OPENED
2022-02-21 17:15:30,786:__main__ : INFO : oxidixer_actuator is OPENED
2022-02-21 17:15:30,786:__main__ : INFO : oxidizer_valve is CLOSED
2022-02-21 17:15:30,787:__main__ : INFO : cooling_valve is CLOSED
2022-02-21 17:15:30,787:__main__ : INFO : heating is CLOSED
2022-02-21 17:15:34,451:__main__ : INFO : dump_valve is OPENED
2022-02-21 17:15:34,461:__main__ : INFO : oxidixer_actuator is OPENED
2022-02-21 17:15:34,472:__main__ : INFO : oxidizer_valve is CLOSED
2022-02-21 17:15:34,482:__main__ : INFO : cooling_valve is CLOSED
2022-02-21 17:15:34,489:__main__ : INFO : heating is CLOSED
2022-02-21 17:16:02,439:__main__ : INFO : dump_valve is OPENED
2022-02-21 17:16:02,441:__main__ : INFO : oxidixer_actuator is OPENED
2022-02-21 17:16:02,443:__main__ : INFO : oxidizer_valve is CLOSED
2022-02-21 17:16:02,444:__main__ : INFO : cooling_valve is CLOSED
2022-02-21 17:16:02,444:__main__ : INFO : heating is CLOSED
2022-02-21 17:16:04,831:__main__ : INFO : dump_valve is OPENED
2022-02-21 17:16:04,831:__main__ : INFO : oxidixer_actuator is OPENED
2022-02-21 17:16:04,832:__main__ : INFO : oxidizer_valve is CLOSED
2022-02-21 17:16:04,832:__main__ : INFO : cooling_valve is CLOSED
2022-02-21 17:16:04,833:__main__ : INFO : heating is CLOSED
2022-02-21 17:16:10,884:__main__ : INFO : dump_valve is OPENED
2022-02-21 17:16:10,896:__main__ : INFO : oxidixer_actuator is OPENED
2022-02-21 17:16:10,908:__main__ : INFO : oxidizer_valve is CLOSED
2022-02-21 17:16:10,919:__main__ : INFO : cooling_valve is OPENED
2022-02-21 17:16:10,921:__main__ : INFO : heating is CLOSED
2022-02-21 17:16:17,986:__main__ : INFO : dump_valve is OPENED
2022-02-21 17:16:17,996:__main__ : INFO : oxidixer_actuator is OPENED
2022-02-21 17:16:17,998:__main__ : INFO : oxidizer_valve is CLOSED
2022-02-21 17:16:18,000:__main__ : INFO : cooling_valve is OPENED
2022-02-21 17:16:18,002:__main__ : INFO : heating is CLOSED
2022-02-21 17:16:23,184:__main__ : INFO : dump_valve is OPENED
2022-02-21 17:16:23,196:__main__ : INFO : oxidixer_actuator is OPENED
2022-02-21 17:16:23,208:__main__ : INFO : oxidizer_valve is CLOSED
2022-02-21 17:16:23,220:__main__ : INFO : cooling_valve is OPENED
2022-02-21 17:16:23,226:__main__ : INFO : heating is CLOSED
2022-02-21 17:16:27,534:__main__ : INFO : dump_valve is OPENED
2022-02-21 17:16:27,546:__main__ : INFO : oxidixer_actuator is OPENED
2022-02-21 17:16:27,559:__main__ : INFO : oxidizer_valve is CLOSED
2022-02-21 17:16:27,571:__main__ : INFO : cooling_valve is OPENED
2022-02-21 17:16:27,579:__main__ : INFO : heating is CLOSED
2022-02-21 17:16:28,645:__main__ : INFO : dump_valve is OPENED
2022-02-21 17:16:28,657:__main__ : INFO : oxidixer_actuator is OPENED
2022-02-21 17:16:28,666:__main__ : INFO : oxidizer_valve is CLOSED
2022-02-21 17:16:28,668:__main__ : INFO : cooling_valve is OPENED
2022-02-21 17:16:28,670:__main__ : INFO : heating is CLOSED
2022-02-21 17:21:05,567:__main__ : INFO : dump_valve is CLOSED
2022-02-21 17:21:05,579:__main__ : INFO : oxidixer_actuator is OPENED
2022-02-21 17:21:05,591:__main__ : INFO : oxidizer_valve is CLOSED
2022-02-21 17:21:05,603:__main__ : INFO : cooling_valve is OPENED
2022-02-21 17:21:05,617:__main__ : INFO : heating is CLOSED
2022-02-21 17:27:59,576:__main__ : INFO : dump_valve is CLOSED
2022-02-21 17:27:59,578:__main__ : INFO : oxidixer_actuator is OPENED
2022-02-21 17:27:59,580:__main__ : INFO : oxidizer_valve is CLOSED
2022-02-21 17:27:59,582:__main__ : INFO : cooling_valve is OPENED
2022-02-21 17:27:59,590:__main__ : INFO : heating is CLOSED
2022-02-21 17:28:10,050:__main__ : INFO : dump_valve is CLOSED
2022-02-21 17:28:10,063:__main__ : INFO : oxidixer_actuator is OPENED
2022-02-21 17:28:10,075:__main__ : INFO : oxidizer_valve is CLOSED
2022-02-21 17:28:10,087:__main__ : INFO : cooling_valve is OPENED
2022-02-21 17:28:10,098:__main__ : INFO : heating is CLOSED
2022-02-21 17:35:28,276:__main__ : INFO : dump_valve is CLOSED
2022-02-21 17:35:28,288:__main__ : INFO : oxidixer_actuator is CLOSED
2022-02-21 17:35:28,300:__main__ : INFO : oxidizer_valve is CLOSED
2022-02-21 17:35:28,302:__main__ : INFO : cooling_valve is OPENED
2022-02-21 17:35:28,304:__main__ : INFO : heating is CLOSED
2022-02-21 17:41:36,128:__main__ : INFO : dump_valve is CLOSED
2022-02-21 17:41:36,140:__main__ : INFO : oxidixer_actuator is CLOSED
2022-02-21 17:41:36,142:__main__ : INFO : oxidizer_valve is CLOSED
2022-02-21 17:41:36,144:__main__ : INFO : cooling_valve is OPENED
2022-02-21 17:41:36,146:__main__ : INFO : heating is CLOSED
2022-02-21 17:41:37,543:__main__ : INFO : dump_valve is CLOSED
2022-02-21 17:41:37,554:__main__ : INFO : oxidixer_actuator is CLOSED
2022-02-21 17:41:37,556:__main__ : INFO : oxidizer_valve is CLOSED
2022-02-21 17:41:37,558:__main__ : INFO : cooling_valve is OPENED
2022-02-21 17:41:37,560:__main__ : INFO : heating is CLOSED
2022-02-21 17:46:48,661:__main__ : INFO : dump_valve is CLOSED
2022-02-21 17:46:48,672:__main__ : INFO : oxidixer_actuator is CLOSED
2022-02-21 17:46:48,682:__main__ : INFO : oxidizer_valve is CLOSED
2022-02-21 17:46:48,690:__main__ : INFO : cooling_valve is CLOSED
2022-02-21 17:46:48,690:__main__ : INFO : heating is CLOSED
2022-02-21 17:49:37,241:__main__ : INFO : dump_valve is CLOSED
2022-02-21 17:49:37,252:__main__ : INFO : oxidixer_actuator is CLOSED
2022-02-21 17:49:37,262:__main__ : INFO : oxidizer_valve is CLOSED
2022-02-21 17:49:37,273:__main__ : INFO : cooling_valve is CLOSED
2022-02-21 17:49:37,280:__main__ : INFO : heating is CLOSED
2022-02-21 17:50:18,704:__main__ : INFO : dump_valve is OPENED
2022-02-21 17:50:18,709:__main__ : INFO : oxidixer_actuator is CLOSED
2022-02-21 17:50:18,711:__main__ : INFO : oxidizer_valve is CLOSED
2022-02-21 17:50:18,713:__main__ : INFO : cooling_valve is CLOSED
2022-02-21 17:50:18,715:__main__ : INFO : heating is CLOSED
