2022-03-27 20:47:12,508:__main__ : INFO : dump_valve is CLOSED
2022-03-27 20:47:12,518:__main__ : INFO : oxidixer_actuator is CLOSED
2022-03-27 20:47:12,518:__main__ : INFO : oxidizer_valve is CLOSED
2022-03-27 20:47:12,520:__main__ : INFO : cooling_valve is CLOSED
2022-03-27 20:47:12,520:__main__ : INFO : heating is CLOSED
2022-03-27 20:47:14,676:__main__ : INFO : dump_valve is CLOSED
2022-03-27 20:47:14,676:__main__ : INFO : oxidixer_actuator is OPENED
2022-03-27 20:47:14,677:__main__ : INFO : oxidizer_valve is CLOSED
2022-03-27 20:47:14,677:__main__ : INFO : cooling_valve is CLOSED
2022-03-27 20:47:14,677:__main__ : INFO : heating is CLOSED
2022-03-27 20:47:15,151:__main__ : INFO : dump_valve is CLOSED
2022-03-27 20:47:15,161:__main__ : INFO : oxidixer_actuator is CLOSED
2022-03-27 20:47:15,172:__main__ : INFO : oxidizer_valve is CLOSED
2022-03-27 20:47:15,182:__main__ : INFO : cooling_valve is CLOSED
2022-03-27 20:47:15,193:__main__ : INFO : heating is CLOSED
2022-03-27 20:47:17,854:__main__ : INFO : dump_valve is OPENED
2022-03-27 20:47:17,864:__main__ : INFO : oxidixer_actuator is CLOSED
2022-03-27 20:47:17,875:__main__ : INFO : oxidizer_valve is CLOSED
2022-03-27 20:47:17,885:__main__ : INFO : cooling_valve is CLOSED
2022-03-27 20:47:17,896:__main__ : INFO : heating is CLOSED
2022-03-27 20:47:18,423:__main__ : INFO : dump_valve is CLOSED
2022-03-27 20:47:18,434:__main__ : INFO : oxidixer_actuator is CLOSED
2022-03-27 20:47:18,444:__main__ : INFO : oxidizer_valve is CLOSED
2022-03-27 20:47:18,447:__main__ : INFO : cooling_valve is CLOSED
2022-03-27 20:47:18,447:__main__ : INFO : heating is CLOSED
2022-03-27 20:47:18,721:__main__ : INFO : dump_valve is CLOSED
2022-03-27 20:47:18,732:__main__ : INFO : oxidixer_actuator is CLOSED
2022-03-27 20:47:18,742:__main__ : INFO : oxidizer_valve is CLOSED
2022-03-27 20:47:18,752:__main__ : INFO : cooling_valve is CLOSED
2022-03-27 20:47:18,763:__main__ : INFO : heating is OPENED
2022-03-27 20:47:19,044:__main__ : INFO : dump_valve is CLOSED
2022-03-27 20:47:19,055:__main__ : INFO : oxidixer_actuator is CLOSED
2022-03-27 20:47:19,065:__main__ : INFO : oxidizer_valve is CLOSED
2022-03-27 20:47:19,076:__main__ : INFO : cooling_valve is CLOSED
2022-03-27 20:47:19,086:__main__ : INFO : heating is CLOSED
2022-03-27 20:47:19,703:__main__ : INFO : dump_valve is CLOSED
2022-03-27 20:47:19,714:__main__ : INFO : oxidixer_actuator is CLOSED
2022-03-27 20:47:19,724:__main__ : INFO : oxidizer_valve is CLOSED
2022-03-27 20:47:19,735:__main__ : INFO : cooling_valve is OPENED
2022-03-27 20:47:19,740:__main__ : INFO : heating is CLOSED
2022-03-27 20:47:20,172:__main__ : INFO : dump_valve is CLOSED
2022-03-27 20:47:20,172:__main__ : INFO : oxidixer_actuator is CLOSED
2022-03-27 20:47:20,173:__main__ : INFO : oxidizer_valve is CLOSED
2022-03-27 20:47:20,173:__main__ : INFO : cooling_valve is CLOSED
2022-03-27 20:47:20,174:__main__ : INFO : heating is CLOSED
2022-03-27 20:47:20,862:__main__ : INFO : dump_valve is CLOSED
2022-03-27 20:47:20,873:__main__ : INFO : oxidixer_actuator is OPENED
2022-03-27 20:47:20,883:__main__ : INFO : oxidizer_valve is CLOSED
2022-03-27 20:47:20,894:__main__ : INFO : cooling_valve is CLOSED
2022-03-27 20:47:20,904:__main__ : INFO : heating is CLOSED
2022-03-27 20:47:21,248:__main__ : INFO : dump_valve is CLOSED
2022-03-27 20:47:21,250:__main__ : INFO : oxidixer_actuator is OPENED
2022-03-27 20:47:21,250:__main__ : INFO : oxidizer_valve is OPENED
2022-03-27 20:47:21,251:__main__ : INFO : cooling_valve is CLOSED
2022-03-27 20:47:21,251:__main__ : INFO : heating is CLOSED
2022-03-27 20:47:21,682:__main__ : INFO : dump_valve is CLOSED
2022-03-27 20:47:21,682:__main__ : INFO : oxidixer_actuator is CLOSED
2022-03-27 20:47:21,683:__main__ : INFO : oxidizer_valve is OPENED
2022-03-27 20:47:21,683:__main__ : INFO : cooling_valve is CLOSED
2022-03-27 20:47:21,684:__main__ : INFO : heating is CLOSED
2022-03-27 20:47:21,965:__main__ : INFO : dump_valve is CLOSED
2022-03-27 20:47:21,976:__main__ : INFO : oxidixer_actuator is CLOSED
2022-03-27 20:47:21,986:__main__ : INFO : oxidizer_valve is CLOSED
2022-03-27 20:47:21,997:__main__ : INFO : cooling_valve is CLOSED
2022-03-27 20:47:22,005:__main__ : INFO : heating is CLOSED
2022-03-27 20:47:22,526:__main__ : INFO : dump_valve is CLOSED
2022-03-27 20:47:22,537:__main__ : INFO : oxidixer_actuator is CLOSED
2022-03-27 20:47:22,544:__main__ : INFO : oxidizer_valve is CLOSED
2022-03-27 20:47:22,544:__main__ : INFO : cooling_valve is CLOSED
2022-03-27 20:47:22,545:__main__ : INFO : heating is CLOSED
2022-03-27 20:47:22,912:__main__ : INFO : dump_valve is CLOSED
2022-03-27 20:47:22,922:__main__ : INFO : oxidixer_actuator is CLOSED
2022-03-27 20:47:22,933:__main__ : INFO : oxidizer_valve is CLOSED
2022-03-27 20:47:22,943:__main__ : INFO : cooling_valve is CLOSED
2022-03-27 20:47:22,954:__main__ : INFO : heating is CLOSED
2022-03-27 20:47:23,250:__main__ : INFO : dump_valve is CLOSED
2022-03-27 20:47:23,260:__main__ : INFO : oxidixer_actuator is CLOSED
2022-03-27 20:47:23,271:__main__ : INFO : oxidizer_valve is CLOSED
2022-03-27 20:47:23,281:__main__ : INFO : cooling_valve is CLOSED
2022-03-27 20:47:23,292:__main__ : INFO : heating is CLOSED
2022-03-27 20:47:23,593:__main__ : INFO : dump_valve is CLOSED
2022-03-27 20:47:23,603:__main__ : INFO : oxidixer_actuator is CLOSED
2022-03-27 20:47:23,614:__main__ : INFO : oxidizer_valve is CLOSED
2022-03-27 20:47:23,622:__main__ : INFO : cooling_valve is CLOSED
2022-03-27 20:47:23,622:__main__ : INFO : heating is CLOSED
2022-03-27 20:47:24,016:__main__ : INFO : dump_valve is OPENED
2022-03-27 20:47:24,027:__main__ : INFO : oxidixer_actuator is CLOSED
2022-03-27 20:47:24,037:__main__ : INFO : oxidizer_valve is CLOSED
2022-03-27 20:47:24,047:__main__ : INFO : cooling_valve is CLOSED
2022-03-27 20:47:24,053:__main__ : INFO : heating is CLOSED
2022-03-27 20:47:24,570:__main__ : INFO : dump_valve is CLOSED
2022-03-27 20:47:24,581:__main__ : INFO : oxidixer_actuator is CLOSED
2022-03-27 20:47:24,592:__main__ : INFO : oxidizer_valve is CLOSED
2022-03-27 20:47:24,592:__main__ : INFO : cooling_valve is CLOSED
2022-03-27 20:47:24,593:__main__ : INFO : heating is CLOSED
2022-03-27 20:47:24,996:__main__ : INFO : dump_valve is CLOSED
2022-03-27 20:47:25,007:__main__ : INFO : oxidixer_actuator is CLOSED
2022-03-27 20:47:25,017:__main__ : INFO : oxidizer_valve is CLOSED
2022-03-27 20:47:25,024:__main__ : INFO : cooling_valve is CLOSED
2022-03-27 20:47:25,024:__main__ : INFO : heating is OPENED
2022-03-27 20:47:25,832:__main__ : INFO : dump_valve is CLOSED
2022-03-27 20:47:25,843:__main__ : INFO : oxidixer_actuator is CLOSED
2022-03-27 20:47:25,853:__main__ : INFO : oxidizer_valve is CLOSED
2022-03-27 20:47:25,864:__main__ : INFO : cooling_valve is CLOSED
2022-03-27 20:47:25,874:__main__ : INFO : heating is CLOSED
2022-03-27 20:47:26,196:__main__ : INFO : dump_valve is CLOSED
2022-03-27 20:47:26,207:__main__ : INFO : oxidixer_actuator is CLOSED
2022-03-27 20:47:26,209:__main__ : INFO : oxidizer_valve is CLOSED
2022-03-27 20:47:26,210:__main__ : INFO : cooling_valve is CLOSED
2022-03-27 20:47:26,210:__main__ : INFO : heating is OPENED
2022-03-27 20:47:26,511:__main__ : INFO : dump_valve is CLOSED
2022-03-27 20:47:26,522:__main__ : INFO : oxidixer_actuator is CLOSED
2022-03-27 20:47:26,532:__main__ : INFO : oxidizer_valve is CLOSED
2022-03-27 20:47:26,533:__main__ : INFO : cooling_valve is CLOSED
2022-03-27 20:47:26,533:__main__ : INFO : heating is CLOSED
2022-03-27 20:47:29,661:__main__ : INFO : dump_valve is CLOSED
2022-03-27 20:47:29,662:__main__ : INFO : oxidixer_actuator is CLOSED
2022-03-27 20:47:29,662:__main__ : INFO : oxidizer_valve is CLOSED
2022-03-27 20:47:29,663:__main__ : INFO : cooling_valve is OPENED
2022-03-27 20:47:29,663:__main__ : INFO : heating is CLOSED
2022-03-27 20:47:30,044:__main__ : INFO : dump_valve is CLOSED
2022-03-27 20:47:30,055:__main__ : INFO : oxidixer_actuator is OPENED
2022-03-27 20:47:30,065:__main__ : INFO : oxidizer_valve is CLOSED
2022-03-27 20:47:30,076:__main__ : INFO : cooling_valve is OPENED
2022-03-27 20:47:30,086:__main__ : INFO : heating is CLOSED
2022-03-27 20:47:30,813:__main__ : INFO : dump_valve is CLOSED
2022-03-27 20:47:30,823:__main__ : INFO : oxidixer_actuator is OPENED
2022-03-27 20:47:30,834:__main__ : INFO : oxidizer_valve is CLOSED
2022-03-27 20:47:30,844:__main__ : INFO : cooling_valve is CLOSED
2022-03-27 20:47:30,845:__main__ : INFO : heating is CLOSED
2022-03-27 20:47:31,052:__main__ : INFO : dump_valve is CLOSED
2022-03-27 20:47:31,060:__main__ : INFO : oxidixer_actuator is CLOSED
2022-03-27 20:47:31,061:__main__ : INFO : oxidizer_valve is CLOSED
2022-03-27 20:47:31,061:__main__ : INFO : cooling_valve is CLOSED
2022-03-27 20:47:31,062:__main__ : INFO : heating is CLOSED
2022-03-27 21:09:46,724:__main__ : INFO : Switches closed becouse of disconnect
2022-03-27 21:09:46,735:__main__ : INFO : Switches closed becouse of disconnect
