2022-02-21 03:02:27,816:__main__ : INFO : dump_valve is CLOSED
2022-02-21 03:02:27,832:__main__ : INFO : oxidixer_actuator is OPENED
2022-02-21 03:02:27,845:__main__ : INFO : oxidizer_valve is CLOSED
2022-02-21 03:02:27,849:__main__ : INFO : cooling_valve is CLOSED
2022-02-21 03:02:27,850:__main__ : INFO : heating is CLOSED
2022-02-21 03:02:28,265:__main__ : INFO : dump_valve is CLOSED
2022-02-21 03:02:28,276:__main__ : INFO : oxidixer_actuator is CLOSED
2022-02-21 03:02:28,281:__main__ : INFO : oxidizer_valve is CLOSED
2022-02-21 03:02:28,281:__main__ : INFO : cooling_valve is CLOSED
2022-02-21 03:02:28,281:__main__ : INFO : heating is CLOSED
2022-02-21 03:02:28,994:__main__ : INFO : dump_valve is OPENED
2022-02-21 03:02:29,005:__main__ : INFO : oxidixer_actuator is CLOSED
2022-02-21 03:02:29,016:__main__ : INFO : oxidizer_valve is CLOSED
2022-02-21 03:02:29,028:__main__ : INFO : cooling_valve is CLOSED
2022-02-21 03:02:29,036:__main__ : INFO : heating is CLOSED
2022-02-21 03:02:30,294:__main__ : INFO : dump_valve is CLOSED
2022-02-21 03:02:30,308:__main__ : INFO : oxidixer_actuator is CLOSED
2022-02-21 03:02:30,319:__main__ : INFO : oxidizer_valve is CLOSED
2022-02-21 03:02:30,330:__main__ : INFO : cooling_valve is CLOSED
2022-02-21 03:02:30,330:__main__ : INFO : heating is CLOSED
2022-02-21 03:02:31,021:__main__ : INFO : dump_valve is CLOSED
2022-02-21 03:02:31,035:__main__ : INFO : oxidixer_actuator is OPENED
2022-02-21 03:02:31,046:__main__ : INFO : oxidizer_valve is CLOSED
2022-02-21 03:02:31,057:__main__ : INFO : cooling_valve is CLOSED
2022-02-21 03:02:31,068:__main__ : INFO : heating is CLOSED
2022-02-21 03:02:31,488:__main__ : INFO : dump_valve is CLOSED
2022-02-21 03:02:31,498:__main__ : INFO : oxidixer_actuator is CLOSED
2022-02-21 03:02:31,511:__main__ : INFO : oxidizer_valve is CLOSED
2022-02-21 03:02:31,518:__main__ : INFO : cooling_valve is CLOSED
2022-02-21 03:02:31,518:__main__ : INFO : heating is CLOSED
2022-02-21 03:02:32,041:__main__ : INFO : dump_valve is CLOSED
2022-02-21 03:02:32,052:__main__ : INFO : oxidixer_actuator is OPENED
2022-02-21 03:02:32,058:__main__ : INFO : oxidizer_valve is CLOSED
2022-02-21 03:02:32,059:__main__ : INFO : cooling_valve is CLOSED
2022-02-21 03:02:32,059:__main__ : INFO : heating is CLOSED
2022-02-21 03:02:32,485:__main__ : INFO : dump_valve is CLOSED
2022-02-21 03:02:32,489:__main__ : INFO : oxidixer_actuator is CLOSED
2022-02-21 03:02:32,490:__main__ : INFO : oxidizer_valve is CLOSED
2022-02-21 03:02:32,490:__main__ : INFO : cooling_valve is CLOSED
2022-02-21 03:02:32,490:__main__ : INFO : heating is CLOSED
2022-02-21 03:02:32,970:__main__ : INFO : dump_valve is CLOSED
2022-02-21 03:02:32,982:__main__ : INFO : oxidixer_actuator is OPENED
2022-02-21 03:02:32,992:__main__ : INFO : oxidizer_valve is CLOSED
2022-02-21 03:02:33,003:__main__ : INFO : cooling_valve is CLOSED
2022-02-21 03:02:33,014:__main__ : INFO : heating is CLOSED
2022-02-21 03:02:33,462:__main__ : INFO : dump_valve is CLOSED
2022-02-21 03:02:33,462:__main__ : INFO : oxidixer_actuator is CLOSED
2022-02-21 03:02:33,462:__main__ : INFO : oxidizer_valve is CLOSED
2022-02-21 03:02:33,463:__main__ : INFO : cooling_valve is CLOSED
2022-02-21 03:02:33,463:__main__ : INFO : heating is CLOSED
2022-02-21 03:02:34,281:__main__ : INFO : dump_valve is OPENED
2022-02-21 03:02:34,292:__main__ : INFO : oxidixer_actuator is CLOSED
2022-02-21 03:02:34,302:__main__ : INFO : oxidizer_valve is CLOSED
2022-02-21 03:02:34,315:__main__ : INFO : cooling_valve is CLOSED
2022-02-21 03:02:34,324:__main__ : INFO : heating is CLOSED
2022-02-21 03:02:34,594:__main__ : INFO : dump_valve is CLOSED
2022-02-21 03:02:34,606:__main__ : INFO : oxidixer_actuator is CLOSED
2022-02-21 03:02:34,617:__main__ : INFO : oxidizer_valve is CLOSED
2022-02-21 03:02:34,630:__main__ : INFO : cooling_valve is CLOSED
2022-02-21 03:02:34,641:__main__ : INFO : heating is CLOSED
2022-02-21 03:02:36,033:__main__ : INFO : dump_valve is CLOSED
2022-02-21 03:02:36,044:__main__ : INFO : oxidixer_actuator is CLOSED
2022-02-21 03:02:36,051:__main__ : INFO : oxidizer_valve is CLOSED
2022-02-21 03:02:36,052:__main__ : INFO : cooling_valve is OPENED
2022-02-21 03:02:36,052:__main__ : INFO : heating is CLOSED
2022-02-21 03:02:36,484:__main__ : INFO : dump_valve is CLOSED
2022-02-21 03:02:36,484:__main__ : INFO : oxidixer_actuator is CLOSED
2022-02-21 03:02:36,485:__main__ : INFO : oxidizer_valve is CLOSED
2022-02-21 03:02:36,485:__main__ : INFO : cooling_valve is CLOSED
2022-02-21 03:02:36,485:__main__ : INFO : heating is CLOSED
2022-02-21 03:02:36,954:__main__ : INFO : dump_valve is CLOSED
2022-02-21 03:02:36,965:__main__ : INFO : oxidixer_actuator is CLOSED
2022-02-21 03:02:36,976:__main__ : INFO : oxidizer_valve is CLOSED
2022-02-21 03:02:36,987:__main__ : INFO : cooling_valve is CLOSED
2022-02-21 03:02:36,998:__main__ : INFO : heating is OPENED
2022-02-21 03:02:37,306:__main__ : INFO : dump_valve is CLOSED
2022-02-21 03:02:37,320:__main__ : INFO : oxidixer_actuator is CLOSED
2022-02-21 03:02:37,331:__main__ : INFO : oxidizer_valve is CLOSED
2022-02-21 03:02:37,342:__main__ : INFO : cooling_valve is CLOSED
2022-02-21 03:02:37,349:__main__ : INFO : heating is CLOSED
2022-02-21 03:02:38,191:__main__ : INFO : dump_valve is CLOSED
2022-02-21 03:02:38,202:__main__ : INFO : oxidixer_actuator is CLOSED
2022-02-21 03:02:38,213:__main__ : INFO : oxidizer_valve is CLOSED
2022-02-21 03:02:38,214:__main__ : INFO : cooling_valve is CLOSED
2022-02-21 03:02:38,214:__main__ : INFO : heating is CLOSED
2022-02-21 03:02:38,476:__main__ : INFO : dump_valve is CLOSED
2022-02-21 03:02:38,477:__main__ : INFO : oxidixer_actuator is CLOSED
2022-02-21 03:02:38,489:__main__ : INFO : oxidizer_valve is CLOSED
2022-02-21 03:02:38,504:__main__ : INFO : cooling_valve is CLOSED
2022-02-21 03:02:38,518:__main__ : INFO : heating is CLOSED
2022-02-21 03:02:39,145:__main__ : INFO : dump_valve is CLOSED
2022-02-21 03:02:39,155:__main__ : INFO : oxidixer_actuator is CLOSED
2022-02-21 03:02:39,167:__main__ : INFO : oxidizer_valve is OPENED
2022-02-21 03:02:39,178:__main__ : INFO : cooling_valve is CLOSED
2022-02-21 03:02:39,189:__main__ : INFO : heating is CLOSED
2022-02-21 03:02:39,470:__main__ : INFO : dump_valve is CLOSED
2022-02-21 03:02:39,480:__main__ : INFO : oxidixer_actuator is CLOSED
2022-02-21 03:02:39,491:__main__ : INFO : oxidizer_valve is CLOSED
2022-02-21 03:02:39,502:__main__ : INFO : cooling_valve is CLOSED
2022-02-21 03:02:39,512:__main__ : INFO : heating is CLOSED
2022-02-21 03:02:40,217:__main__ : INFO : dump_valve is OPENED
2022-02-21 03:02:40,228:__main__ : INFO : oxidixer_actuator is CLOSED
2022-02-21 03:02:40,240:__main__ : INFO : oxidizer_valve is CLOSED
2022-02-21 03:02:40,251:__main__ : INFO : cooling_valve is CLOSED
2022-02-21 03:02:40,262:__main__ : INFO : heating is CLOSED
2022-02-21 03:02:40,858:__main__ : INFO : dump_valve is CLOSED
2022-02-21 03:02:40,869:__main__ : INFO : oxidixer_actuator is CLOSED
2022-02-21 03:02:40,879:__main__ : INFO : oxidizer_valve is CLOSED
2022-02-21 03:02:40,890:__main__ : INFO : cooling_valve is CLOSED
2022-02-21 03:02:40,901:__main__ : INFO : heating is CLOSED
2022-02-21 03:02:41,299:__main__ : INFO : dump_valve is OPENED
2022-02-21 03:02:41,310:__main__ : INFO : oxidixer_actuator is CLOSED
2022-02-21 03:02:41,321:__main__ : INFO : oxidizer_valve is CLOSED
2022-02-21 03:02:41,331:__main__ : INFO : cooling_valve is CLOSED
2022-02-21 03:02:41,342:__main__ : INFO : heating is CLOSED
2022-02-21 03:02:41,675:__main__ : INFO : dump_valve is CLOSED
2022-02-21 03:02:41,683:__main__ : INFO : oxidixer_actuator is CLOSED
2022-02-21 03:02:41,684:__main__ : INFO : oxidizer_valve is CLOSED
2022-02-21 03:02:41,684:__main__ : INFO : cooling_valve is CLOSED
2022-02-21 03:02:41,685:__main__ : INFO : heating is CLOSED
2022-02-21 03:02:42,083:__main__ : INFO : dump_valve is OPENED
2022-02-21 03:02:42,094:__main__ : INFO : oxidixer_actuator is CLOSED
2022-02-21 03:02:42,107:__main__ : INFO : oxidizer_valve is CLOSED
2022-02-21 03:02:42,114:__main__ : INFO : cooling_valve is CLOSED
2022-02-21 03:02:42,115:__main__ : INFO : heating is CLOSED
2022-02-21 03:02:42,420:__main__ : INFO : dump_valve is CLOSED
2022-02-21 03:02:42,430:__main__ : INFO : oxidixer_actuator is CLOSED
2022-02-21 03:02:42,438:__main__ : INFO : oxidizer_valve is CLOSED
2022-02-21 03:02:42,438:__main__ : INFO : cooling_valve is CLOSED
2022-02-21 03:02:42,439:__main__ : INFO : heating is CLOSED
2022-02-21 03:02:42,816:__main__ : INFO : dump_valve is OPENED
2022-02-21 03:02:42,830:__main__ : INFO : oxidixer_actuator is CLOSED
2022-02-21 03:02:42,841:__main__ : INFO : oxidizer_valve is CLOSED
2022-02-21 03:02:42,852:__main__ : INFO : cooling_valve is CLOSED
2022-02-21 03:02:42,863:__main__ : INFO : heating is CLOSED
2022-02-21 03:02:43,155:__main__ : INFO : dump_valve is CLOSED
2022-02-21 03:02:43,168:__main__ : INFO : oxidixer_actuator is CLOSED
2022-02-21 03:02:43,179:__main__ : INFO : oxidizer_valve is CLOSED
2022-02-21 03:02:43,190:__main__ : INFO : cooling_valve is CLOSED
2022-02-21 03:02:43,194:__main__ : INFO : heating is CLOSED
2022-02-21 03:02:43,518:__main__ : INFO : dump_valve is OPENED
2022-02-21 03:02:43,537:__main__ : INFO : oxidixer_actuator is CLOSED
2022-02-21 03:02:43,547:__main__ : INFO : oxidizer_valve is CLOSED
2022-02-21 03:02:43,558:__main__ : INFO : cooling_valve is CLOSED
2022-02-21 03:02:43,569:__main__ : INFO : heating is CLOSED
2022-02-21 03:02:43,884:__main__ : INFO : dump_valve is CLOSED
2022-02-21 03:02:43,895:__main__ : INFO : oxidixer_actuator is CLOSED
2022-02-21 03:02:43,906:__main__ : INFO : oxidizer_valve is CLOSED
2022-02-21 03:02:43,916:__main__ : INFO : cooling_valve is CLOSED
2022-02-21 03:02:43,927:__main__ : INFO : heating is CLOSED
2022-02-21 03:02:44,215:__main__ : INFO : dump_valve is OPENED
2022-02-21 03:02:44,226:__main__ : INFO : oxidixer_actuator is CLOSED
2022-02-21 03:02:44,237:__main__ : INFO : oxidizer_valve is CLOSED
2022-02-21 03:02:44,248:__main__ : INFO : cooling_valve is CLOSED
2022-02-21 03:02:44,258:__main__ : INFO : heating is CLOSED
2022-02-21 03:02:44,435:__main__ : INFO : dump_valve is CLOSED
2022-02-21 03:02:44,445:__main__ : INFO : oxidixer_actuator is CLOSED
2022-02-21 03:02:44,456:__main__ : INFO : oxidizer_valve is CLOSED
2022-02-21 03:02:44,467:__main__ : INFO : cooling_valve is CLOSED
2022-02-21 03:02:44,477:__main__ : INFO : heating is CLOSED
2022-02-21 03:02:44,669:__main__ : INFO : dump_valve is OPENED
2022-02-21 03:02:44,680:__main__ : INFO : oxidixer_actuator is CLOSED
2022-02-21 03:02:44,691:__main__ : INFO : oxidizer_valve is CLOSED
2022-02-21 03:02:44,701:__main__ : INFO : cooling_valve is CLOSED
2022-02-21 03:02:44,705:__main__ : INFO : heating is CLOSED
2022-02-21 03:02:44,920:__main__ : INFO : dump_valve is CLOSED
2022-02-21 03:02:44,921:__main__ : INFO : oxidixer_actuator is CLOSED
2022-02-21 03:02:44,921:__main__ : INFO : oxidizer_valve is CLOSED
2022-02-21 03:02:44,921:__main__ : INFO : cooling_valve is CLOSED
2022-02-21 03:02:44,922:__main__ : INFO : heating is CLOSED
2022-02-21 03:02:45,137:__main__ : INFO : dump_valve is OPENED
2022-02-21 03:02:45,138:__main__ : INFO : oxidixer_actuator is CLOSED
2022-02-21 03:02:45,138:__main__ : INFO : oxidizer_valve is CLOSED
2022-02-21 03:02:45,138:__main__ : INFO : cooling_valve is CLOSED
2022-02-21 03:02:45,139:__main__ : INFO : heating is CLOSED
2022-02-21 03:02:45,320:__main__ : INFO : dump_valve is CLOSED
2022-02-21 03:02:45,330:__main__ : INFO : oxidixer_actuator is CLOSED
2022-02-21 03:02:45,341:__main__ : INFO : oxidizer_valve is CLOSED
2022-02-21 03:02:45,352:__main__ : INFO : cooling_valve is CLOSED
2022-02-21 03:02:45,353:__main__ : INFO : heating is CLOSED
2022-02-21 03:02:45,461:__main__ : INFO : dump_valve is OPENED
2022-02-21 03:02:45,461:__main__ : INFO : oxidixer_actuator is CLOSED
2022-02-21 03:02:45,462:__main__ : INFO : oxidizer_valve is CLOSED
2022-02-21 03:02:45,462:__main__ : INFO : cooling_valve is CLOSED
2022-02-21 03:02:45,462:__main__ : INFO : heating is CLOSED
2022-02-21 03:02:45,720:__main__ : INFO : dump_valve is CLOSED
2022-02-21 03:02:45,730:__main__ : INFO : oxidixer_actuator is CLOSED
2022-02-21 03:02:45,741:__main__ : INFO : oxidizer_valve is CLOSED
2022-02-21 03:02:45,752:__main__ : INFO : cooling_valve is CLOSED
2022-02-21 03:02:45,763:__main__ : INFO : heating is CLOSED
2022-02-21 03:02:45,862:__main__ : INFO : dump_valve is OPENED
2022-02-21 03:02:45,873:__main__ : INFO : oxidixer_actuator is CLOSED
2022-02-21 03:02:45,884:__main__ : INFO : oxidizer_valve is CLOSED
2022-02-21 03:02:45,892:__main__ : INFO : cooling_valve is CLOSED
2022-02-21 03:02:45,893:__main__ : INFO : heating is CLOSED
2022-02-21 03:02:45,894:__main__ : INFO : dump_valve is CLOSED
2022-02-21 03:02:45,894:__main__ : INFO : oxidixer_actuator is CLOSED
2022-02-21 03:02:45,895:__main__ : INFO : oxidizer_valve is CLOSED
2022-02-21 03:02:45,895:__main__ : INFO : cooling_valve is CLOSED
2022-02-21 03:02:45,895:__main__ : INFO : heating is CLOSED
2022-02-21 03:02:46,109:__main__ : INFO : dump_valve is OPENED
2022-02-21 03:02:46,109:__main__ : INFO : oxidixer_actuator is CLOSED
2022-02-21 03:02:46,109:__main__ : INFO : oxidizer_valve is CLOSED
2022-02-21 03:02:46,110:__main__ : INFO : cooling_valve is CLOSED
2022-02-21 03:02:46,110:__main__ : INFO : heating is CLOSED
2022-02-21 03:02:46,314:__main__ : INFO : dump_valve is CLOSED
2022-02-21 03:02:46,324:__main__ : INFO : oxidixer_actuator is CLOSED
2022-02-21 03:02:46,326:__main__ : INFO : oxidizer_valve is CLOSED
2022-02-21 03:02:46,326:__main__ : INFO : cooling_valve is CLOSED
2022-02-21 03:02:46,327:__main__ : INFO : heating is CLOSED
2022-02-21 03:02:47,241:__main__ : INFO : dump_valve is CLOSED
2022-02-21 03:02:47,251:__main__ : INFO : oxidixer_actuator is OPENED
2022-02-21 03:02:47,263:__main__ : INFO : oxidizer_valve is CLOSED
2022-02-21 03:02:47,274:__main__ : INFO : cooling_valve is CLOSED
2022-02-21 03:02:47,284:__main__ : INFO : heating is CLOSED
2022-02-21 03:02:47,452:__main__ : INFO : dump_valve is CLOSED
2022-02-21 03:02:47,463:__main__ : INFO : oxidixer_actuator is CLOSED
2022-02-21 03:02:47,473:__main__ : INFO : oxidizer_valve is CLOSED
2022-02-21 03:02:47,484:__main__ : INFO : cooling_valve is CLOSED
2022-02-21 03:02:47,495:__main__ : INFO : heating is CLOSED
2022-02-21 03:02:47,609:__main__ : INFO : dump_valve is CLOSED
2022-02-21 03:02:47,619:__main__ : INFO : oxidixer_actuator is OPENED
2022-02-21 03:02:47,620:__main__ : INFO : oxidizer_valve is CLOSED
2022-02-21 03:02:47,620:__main__ : INFO : cooling_valve is CLOSED
2022-02-21 03:02:47,620:__main__ : INFO : heating is CLOSED
2022-02-21 03:02:47,733:__main__ : INFO : dump_valve is CLOSED
2022-02-21 03:02:47,733:__main__ : INFO : oxidixer_actuator is CLOSED
2022-02-21 03:02:47,734:__main__ : INFO : oxidizer_valve is CLOSED
2022-02-21 03:02:47,734:__main__ : INFO : cooling_valve is CLOSED
2022-02-21 03:02:47,734:__main__ : INFO : heating is CLOSED
2022-02-21 03:02:47,884:__main__ : INFO : dump_valve is CLOSED
2022-02-21 03:02:47,895:__main__ : INFO : oxidixer_actuator is OPENED
2022-02-21 03:02:47,906:__main__ : INFO : oxidizer_valve is CLOSED
2022-02-21 03:02:47,916:__main__ : INFO : cooling_valve is CLOSED
2022-02-21 03:02:47,927:__main__ : INFO : heating is CLOSED
2022-02-21 03:02:47,992:__main__ : INFO : dump_valve is CLOSED
2022-02-21 03:02:48,003:__main__ : INFO : oxidixer_actuator is CLOSED
2022-02-21 03:02:48,013:__main__ : INFO : oxidizer_valve is CLOSED
2022-02-21 03:02:48,024:__main__ : INFO : cooling_valve is CLOSED
2022-02-21 03:02:48,035:__main__ : INFO : heating is CLOSED
2022-02-21 03:02:48,090:__main__ : INFO : dump_valve is CLOSED
2022-02-21 03:02:48,101:__main__ : INFO : oxidixer_actuator is OPENED
2022-02-21 03:02:48,112:__main__ : INFO : oxidizer_valve is CLOSED
2022-02-21 03:02:48,123:__main__ : INFO : cooling_valve is CLOSED
2022-02-21 03:02:48,134:__main__ : INFO : heating is CLOSED
2022-02-21 03:02:48,209:__main__ : INFO : dump_valve is CLOSED
2022-02-21 03:02:48,219:__main__ : INFO : oxidixer_actuator is CLOSED
2022-02-21 03:02:48,230:__main__ : INFO : oxidizer_valve is CLOSED
2022-02-21 03:02:48,240:__main__ : INFO : cooling_valve is CLOSED
2022-02-21 03:02:48,251:__main__ : INFO : heating is CLOSED
2022-02-21 03:02:48,312:__main__ : INFO : dump_valve is CLOSED
2022-02-21 03:02:48,322:__main__ : INFO : oxidixer_actuator is OPENED
2022-02-21 03:02:48,333:__main__ : INFO : oxidizer_valve is CLOSED
2022-02-21 03:02:48,343:__main__ : INFO : cooling_valve is CLOSED
2022-02-21 03:02:48,354:__main__ : INFO : heating is CLOSED
2022-02-21 03:02:48,425:__main__ : INFO : dump_valve is CLOSED
2022-02-21 03:02:48,436:__main__ : INFO : oxidixer_actuator is CLOSED
2022-02-21 03:02:48,447:__main__ : INFO : oxidizer_valve is CLOSED
2022-02-21 03:02:48,457:__main__ : INFO : cooling_valve is CLOSED
2022-02-21 03:02:48,468:__main__ : INFO : heating is CLOSED
2022-02-21 03:02:48,575:__main__ : INFO : dump_valve is CLOSED
2022-02-21 03:02:48,585:__main__ : INFO : oxidixer_actuator is OPENED
2022-02-21 03:02:48,593:__main__ : INFO : oxidizer_valve is CLOSED
2022-02-21 03:02:48,593:__main__ : INFO : cooling_valve is CLOSED
2022-02-21 03:02:48,593:__main__ : INFO : heating is CLOSED
2022-02-21 03:02:48,701:__main__ : INFO : dump_valve is CLOSED
2022-02-21 03:02:48,701:__main__ : INFO : oxidixer_actuator is CLOSED
2022-02-21 03:02:48,702:__main__ : INFO : oxidizer_valve is CLOSED
2022-02-21 03:02:48,702:__main__ : INFO : cooling_valve is CLOSED
2022-02-21 03:02:48,702:__main__ : INFO : heating is CLOSED
2022-02-21 03:02:54,853:__main__ : INFO : dump_valve is OPENED
2022-02-21 03:02:54,853:__main__ : INFO : oxidixer_actuator is CLOSED
2022-02-21 03:02:54,854:__main__ : INFO : oxidizer_valve is CLOSED
2022-02-21 03:02:54,854:__main__ : INFO : cooling_valve is CLOSED
2022-02-21 03:02:54,854:__main__ : INFO : heating is CLOSED
2022-02-21 03:02:55,272:__main__ : INFO : dump_valve is CLOSED
2022-02-21 03:02:55,285:__main__ : INFO : oxidixer_actuator is CLOSED
2022-02-21 03:02:55,285:__main__ : INFO : oxidizer_valve is CLOSED
2022-02-21 03:02:55,286:__main__ : INFO : cooling_valve is CLOSED
2022-02-21 03:02:55,286:__main__ : INFO : heating is CLOSED
2022-02-21 03:02:55,606:__main__ : INFO : dump_valve is CLOSED
2022-02-21 03:02:55,608:__main__ : INFO : oxidixer_actuator is OPENED
2022-02-21 03:02:55,608:__main__ : INFO : oxidizer_valve is CLOSED
2022-02-21 03:02:55,609:__main__ : INFO : cooling_valve is CLOSED
2022-02-21 03:02:55,609:__main__ : INFO : heating is CLOSED
2022-02-21 03:02:55,824:__main__ : INFO : dump_valve is CLOSED
2022-02-21 03:02:55,825:__main__ : INFO : oxidixer_actuator is CLOSED
2022-02-21 03:02:55,825:__main__ : INFO : oxidizer_valve is CLOSED
2022-02-21 03:02:55,825:__main__ : INFO : cooling_valve is CLOSED
2022-02-21 03:02:55,826:__main__ : INFO : heating is CLOSED
2022-02-21 03:02:56,363:__main__ : INFO : dump_valve is CLOSED
2022-02-21 03:02:56,363:__main__ : INFO : oxidixer_actuator is OPENED
2022-02-21 03:02:56,363:__main__ : INFO : oxidizer_valve is CLOSED
2022-02-21 03:02:56,364:__main__ : INFO : cooling_valve is CLOSED
2022-02-21 03:02:56,364:__main__ : INFO : heating is CLOSED
2022-02-21 03:02:56,418:__main__ : INFO : dump_valve is OPENED
2022-02-21 03:02:56,429:__main__ : INFO : oxidixer_actuator is OPENED
2022-02-21 03:02:56,439:__main__ : INFO : oxidizer_valve is CLOSED
2022-02-21 03:02:56,450:__main__ : INFO : cooling_valve is CLOSED
2022-02-21 03:02:56,461:__main__ : INFO : heating is CLOSED
2022-02-21 03:02:56,694:__main__ : INFO : dump_valve is OPENED
2022-02-21 03:02:56,694:__main__ : INFO : oxidixer_actuator is CLOSED
2022-02-21 03:02:56,694:__main__ : INFO : oxidizer_valve is CLOSED
2022-02-21 03:02:56,700:__main__ : INFO : cooling_valve is CLOSED
2022-02-21 03:02:56,711:__main__ : INFO : heating is CLOSED
2022-02-21 03:02:56,758:__main__ : INFO : dump_valve is CLOSED
2022-02-21 03:02:56,769:__main__ : INFO : oxidixer_actuator is CLOSED
2022-02-21 03:02:56,780:__main__ : INFO : oxidizer_valve is CLOSED
2022-02-21 03:02:56,791:__main__ : INFO : cooling_valve is CLOSED
2022-02-21 03:02:56,796:__main__ : INFO : heating is CLOSED
2022-02-21 03:02:57,089:__main__ : INFO : dump_valve is OPENED
2022-02-21 03:02:57,100:__main__ : INFO : oxidixer_actuator is CLOSED
2022-02-21 03:02:57,110:__main__ : INFO : oxidizer_valve is CLOSED
2022-02-21 03:02:57,119:__main__ : INFO : cooling_valve is CLOSED
2022-02-21 03:02:57,119:__main__ : INFO : heating is CLOSED
2022-02-21 03:02:57,174:__main__ : INFO : dump_valve is OPENED
2022-02-21 03:02:57,184:__main__ : INFO : oxidixer_actuator is OPENED
2022-02-21 03:02:57,195:__main__ : INFO : oxidizer_valve is CLOSED
2022-02-21 03:02:57,205:__main__ : INFO : cooling_valve is CLOSED
2022-02-21 03:02:57,216:__main__ : INFO : heating is CLOSED
2022-02-21 03:02:57,452:__main__ : INFO : dump_valve is OPENED
2022-02-21 03:02:57,452:__main__ : INFO : oxidixer_actuator is CLOSED
2022-02-21 03:02:57,458:__main__ : INFO : oxidizer_valve is CLOSED
2022-02-21 03:02:57,458:__main__ : INFO : cooling_valve is CLOSED
2022-02-21 03:02:57,471:__main__ : INFO : heating is CLOSED
2022-02-21 03:02:57,520:__main__ : INFO : dump_valve is CLOSED
2022-02-21 03:02:57,531:__main__ : INFO : oxidixer_actuator is CLOSED
2022-02-21 03:02:57,542:__main__ : INFO : oxidizer_valve is CLOSED
2022-02-21 03:02:57,553:__main__ : INFO : cooling_valve is CLOSED
2022-02-21 03:02:57,553:__main__ : INFO : heating is CLOSED
2022-02-21 03:02:57,792:__main__ : INFO : dump_valve is OPENED
2022-02-21 03:02:57,802:__main__ : INFO : oxidixer_actuator is CLOSED
2022-02-21 03:02:57,813:__main__ : INFO : oxidizer_valve is CLOSED
2022-02-21 03:02:57,824:__main__ : INFO : cooling_valve is CLOSED
2022-02-21 03:02:57,835:__main__ : INFO : heating is CLOSED
2022-02-21 03:02:57,867:__main__ : INFO : dump_valve is OPENED
2022-02-21 03:02:57,876:__main__ : INFO : oxidixer_actuator is OPENED
2022-02-21 03:02:57,877:__main__ : INFO : oxidizer_valve is CLOSED
2022-02-21 03:02:57,877:__main__ : INFO : cooling_valve is CLOSED
2022-02-21 03:02:57,878:__main__ : INFO : heating is CLOSED
2022-02-21 03:02:58,423:__main__ : INFO : dump_valve is OPENED
2022-02-21 03:02:58,423:__main__ : INFO : oxidixer_actuator is CLOSED
2022-02-21 03:02:58,424:__main__ : INFO : oxidizer_valve is CLOSED
2022-02-21 03:02:58,424:__main__ : INFO : cooling_valve is CLOSED
2022-02-21 03:02:58,430:__main__ : INFO : heating is CLOSED
2022-02-21 03:02:58,959:__main__ : INFO : dump_valve is CLOSED
2022-02-21 03:02:58,960:__main__ : INFO : oxidixer_actuator is CLOSED
2022-02-21 03:02:58,960:__main__ : INFO : oxidizer_valve is CLOSED
2022-02-21 03:02:58,961:__main__ : INFO : cooling_valve is CLOSED
2022-02-21 03:02:58,962:__main__ : INFO : heating is CLOSED
2022-02-21 03:02:59,014:__main__ : INFO : dump_valve is CLOSED
2022-02-21 03:02:59,024:__main__ : INFO : oxidixer_actuator is OPENED
2022-02-21 03:02:59,035:__main__ : INFO : oxidizer_valve is CLOSED
2022-02-21 03:02:59,046:__main__ : INFO : cooling_valve is CLOSED
2022-02-21 03:02:59,057:__main__ : INFO : heating is CLOSED
2022-02-21 03:02:59,256:__main__ : INFO : dump_valve is CLOSED
2022-02-21 03:02:59,266:__main__ : INFO : oxidixer_actuator is CLOSED
2022-02-21 03:02:59,277:__main__ : INFO : oxidizer_valve is CLOSED
2022-02-21 03:02:59,283:__main__ : INFO : cooling_valve is CLOSED
2022-02-21 03:02:59,283:__main__ : INFO : heating is CLOSED
2022-02-21 03:02:59,322:__main__ : INFO : dump_valve is OPENED
2022-02-21 03:02:59,333:__main__ : INFO : oxidixer_actuator is CLOSED
2022-02-21 03:02:59,343:__main__ : INFO : oxidizer_valve is CLOSED
2022-02-21 03:02:59,354:__main__ : INFO : cooling_valve is CLOSED
2022-02-21 03:02:59,365:__main__ : INFO : heating is CLOSED
2022-02-21 03:02:59,493:__main__ : INFO : dump_valve is OPENED
2022-02-21 03:02:59,499:__main__ : INFO : oxidixer_actuator is OPENED
2022-02-21 03:02:59,499:__main__ : INFO : oxidizer_valve is CLOSED
2022-02-21 03:02:59,500:__main__ : INFO : cooling_valve is CLOSED
2022-02-21 03:02:59,501:__main__ : INFO : heating is CLOSED
2022-02-21 03:02:59,502:__main__ : INFO : dump_valve is CLOSED
2022-02-21 03:02:59,503:__main__ : INFO : oxidixer_actuator is OPENED
2022-02-21 03:02:59,504:__main__ : INFO : oxidizer_valve is CLOSED
2022-02-21 03:02:59,504:__main__ : INFO : cooling_valve is CLOSED
2022-02-21 03:02:59,505:__main__ : INFO : heating is CLOSED
2022-02-21 03:02:59,692:__main__ : INFO : dump_valve is CLOSED
2022-02-21 03:02:59,703:__main__ : INFO : oxidixer_actuator is CLOSED
2022-02-21 03:02:59,714:__main__ : INFO : oxidizer_valve is CLOSED
2022-02-21 03:02:59,717:__main__ : INFO : cooling_valve is CLOSED
2022-02-21 03:02:59,718:__main__ : INFO : heating is CLOSED
2022-02-21 03:02:59,719:__main__ : INFO : dump_valve is OPENED
2022-02-21 03:02:59,720:__main__ : INFO : oxidixer_actuator is CLOSED
2022-02-21 03:02:59,720:__main__ : INFO : oxidizer_valve is CLOSED
2022-02-21 03:02:59,721:__main__ : INFO : cooling_valve is CLOSED
2022-02-21 03:02:59,722:__main__ : INFO : heating is CLOSED
2022-02-21 03:02:59,917:__main__ : INFO : dump_valve is CLOSED
2022-02-21 03:02:59,927:__main__ : INFO : oxidixer_actuator is CLOSED
2022-02-21 03:02:59,934:__main__ : INFO : oxidizer_valve is CLOSED
2022-02-21 03:02:59,935:__main__ : INFO : cooling_valve is CLOSED
2022-02-21 03:02:59,935:__main__ : INFO : heating is CLOSED
2022-02-21 03:02:59,937:__main__ : INFO : dump_valve is CLOSED
2022-02-21 03:02:59,941:__main__ : INFO : oxidixer_actuator is OPENED
2022-02-21 03:02:59,942:__main__ : INFO : oxidizer_valve is CLOSED
2022-02-21 03:02:59,943:__main__ : INFO : cooling_valve is CLOSED
2022-02-21 03:02:59,944:__main__ : INFO : heating is CLOSED
2022-02-21 03:03:00,115:__main__ : INFO : dump_valve is CLOSED
2022-02-21 03:03:00,126:__main__ : INFO : oxidixer_actuator is CLOSED
2022-02-21 03:03:00,137:__main__ : INFO : oxidizer_valve is CLOSED
2022-02-21 03:03:00,150:__main__ : INFO : cooling_valve is CLOSED
2022-02-21 03:03:00,158:__main__ : INFO : heating is CLOSED
2022-02-21 03:03:00,162:__main__ : INFO : dump_valve is OPENED
2022-02-21 03:03:00,163:__main__ : INFO : oxidixer_actuator is CLOSED
2022-02-21 03:03:00,164:__main__ : INFO : oxidizer_valve is CLOSED
2022-02-21 03:03:00,165:__main__ : INFO : cooling_valve is CLOSED
2022-02-21 03:03:00,166:__main__ : INFO : heating is CLOSED
2022-02-21 03:03:00,342:__main__ : INFO : dump_valve is CLOSED
2022-02-21 03:03:00,353:__main__ : INFO : oxidixer_actuator is CLOSED
2022-02-21 03:03:00,364:__main__ : INFO : oxidizer_valve is CLOSED
2022-02-21 03:03:00,377:__main__ : INFO : cooling_valve is CLOSED
2022-02-21 03:03:00,380:__main__ : INFO : heating is CLOSED
2022-02-21 03:03:00,383:__main__ : INFO : dump_valve is CLOSED
2022-02-21 03:03:00,383:__main__ : INFO : oxidixer_actuator is OPENED
2022-02-21 03:03:00,384:__main__ : INFO : oxidizer_valve is CLOSED
2022-02-21 03:03:00,385:__main__ : INFO : cooling_valve is CLOSED
2022-02-21 03:03:00,387:__main__ : INFO : heating is CLOSED
2022-02-21 03:03:00,929:__main__ : INFO : dump_valve is CLOSED
2022-02-21 03:03:00,930:__main__ : INFO : oxidixer_actuator is CLOSED
2022-02-21 03:03:00,930:__main__ : INFO : oxidizer_valve is CLOSED
2022-02-21 03:03:00,931:__main__ : INFO : cooling_valve is CLOSED
2022-02-21 03:03:00,931:__main__ : INFO : heating is CLOSED
