2022-02-20 16:02:59,334:__main__ : INFO : dump_valve is CLOSED
2022-02-20 16:02:59,339:__main__ : INFO : oxidixer_actuator is CLOSED
2022-02-20 16:02:59,350:__main__ : INFO : oxidizer_valve is CLOSED
2022-02-20 16:02:59,360:__main__ : INFO : cooling_valve is CLOSED
2022-02-20 16:02:59,371:__main__ : INFO : heating is CLOSED
2022-02-20 16:03:08,919:__main__ : INFO : dump_valve is CLOSED
2022-02-20 16:03:08,930:__main__ : INFO : oxidixer_actuator is OPENED
2022-02-20 16:03:08,941:__main__ : INFO : oxidizer_valve is CLOSED
2022-02-20 16:03:08,951:__main__ : INFO : cooling_valve is CLOSED
2022-02-20 16:03:08,962:__main__ : INFO : heating is CLOSED
2022-02-20 16:03:11,161:__main__ : INFO : dump_valve is CLOSED
2022-02-20 16:03:11,172:__main__ : INFO : oxidixer_actuator is CLOSED
2022-02-20 16:03:11,182:__main__ : INFO : oxidizer_valve is CLOSED
2022-02-20 16:03:11,193:__main__ : INFO : cooling_valve is CLOSED
2022-02-20 16:03:11,203:__main__ : INFO : heating is CLOSED
2022-02-20 16:03:12,155:__main__ : INFO : dump_valve is CLOSED
2022-02-20 16:03:12,157:__main__ : INFO : oxidixer_actuator is CLOSED
2022-02-20 16:03:12,157:__main__ : INFO : oxidizer_valve is CLOSED
2022-02-20 16:03:12,158:__main__ : INFO : cooling_valve is OPENED
2022-02-20 16:03:12,158:__main__ : INFO : heating is CLOSED
2022-02-20 16:03:13,062:__main__ : INFO : dump_valve is CLOSED
2022-02-20 16:03:13,073:__main__ : INFO : oxidixer_actuator is CLOSED
2022-02-20 16:03:13,084:__main__ : INFO : oxidizer_valve is CLOSED
2022-02-20 16:03:13,087:__main__ : INFO : cooling_valve is CLOSED
2022-02-20 16:03:13,088:__main__ : INFO : heating is CLOSED
2022-02-20 16:03:14,151:__main__ : INFO : dump_valve is CLOSED
2022-02-20 16:03:14,162:__main__ : INFO : oxidixer_actuator is OPENED
2022-02-20 16:03:14,172:__main__ : INFO : oxidizer_valve is CLOSED
2022-02-20 16:03:14,183:__main__ : INFO : cooling_valve is CLOSED
2022-02-20 16:03:14,194:__main__ : INFO : heating is CLOSED
2022-02-20 16:03:15,119:__main__ : INFO : dump_valve is CLOSED
2022-02-20 16:03:15,130:__main__ : INFO : oxidixer_actuator is CLOSED
2022-02-20 16:03:15,140:__main__ : INFO : oxidizer_valve is CLOSED
2022-02-20 16:03:15,151:__main__ : INFO : cooling_valve is CLOSED
2022-02-20 16:03:15,162:__main__ : INFO : heating is CLOSED
2022-02-20 16:03:16,013:__main__ : INFO : dump_valve is OPENED
2022-02-20 16:03:16,024:__main__ : INFO : oxidixer_actuator is CLOSED
2022-02-20 16:03:16,034:__main__ : INFO : oxidizer_valve is CLOSED
2022-02-20 16:03:16,045:__main__ : INFO : cooling_valve is CLOSED
2022-02-20 16:03:16,055:__main__ : INFO : heating is CLOSED
2022-02-20 16:03:17,003:__main__ : INFO : dump_valve is CLOSED
2022-02-20 16:03:17,014:__main__ : INFO : oxidixer_actuator is CLOSED
2022-02-20 16:03:17,024:__main__ : INFO : oxidizer_valve is CLOSED
2022-02-20 16:03:17,035:__main__ : INFO : cooling_valve is CLOSED
2022-02-20 16:03:17,045:__main__ : INFO : heating is CLOSED
2022-02-20 16:03:17,634:__main__ : INFO : dump_valve is CLOSED
2022-02-20 16:03:17,645:__main__ : INFO : oxidixer_actuator is CLOSED
2022-02-20 16:03:17,655:__main__ : INFO : oxidizer_valve is CLOSED
2022-02-20 16:03:17,666:__main__ : INFO : cooling_valve is CLOSED
2022-02-20 16:03:17,676:__main__ : INFO : heating is OPENED
2022-02-20 16:03:18,344:__main__ : INFO : dump_valve is CLOSED
2022-02-20 16:03:18,344:__main__ : INFO : oxidixer_actuator is CLOSED
2022-02-20 16:03:18,344:__main__ : INFO : oxidizer_valve is CLOSED
2022-02-20 16:03:18,344:__main__ : INFO : cooling_valve is CLOSED
2022-02-20 16:03:18,345:__main__ : INFO : heating is CLOSED
2022-02-20 16:03:19,038:__main__ : INFO : dump_valve is CLOSED
2022-02-20 16:03:19,048:__main__ : INFO : oxidixer_actuator is CLOSED
2022-02-20 16:03:19,059:__main__ : INFO : oxidizer_valve is CLOSED
2022-02-20 16:03:19,069:__main__ : INFO : cooling_valve is CLOSED
2022-02-20 16:03:19,080:__main__ : INFO : heating is CLOSED
2022-02-20 16:03:19,803:__main__ : INFO : dump_valve is CLOSED
2022-02-20 16:03:19,814:__main__ : INFO : oxidixer_actuator is CLOSED
2022-02-20 16:03:19,824:__main__ : INFO : oxidizer_valve is CLOSED
2022-02-20 16:03:19,835:__main__ : INFO : cooling_valve is CLOSED
2022-02-20 16:03:19,845:__main__ : INFO : heating is CLOSED
2022-02-20 16:04:18,166:__main__ : INFO : dump_valve is OPENED
2022-02-20 16:04:18,176:__main__ : INFO : oxidixer_actuator is CLOSED
2022-02-20 16:04:18,187:__main__ : INFO : oxidizer_valve is CLOSED
2022-02-20 16:04:18,187:__main__ : INFO : cooling_valve is CLOSED
2022-02-20 16:04:18,187:__main__ : INFO : heating is CLOSED
2022-02-20 16:04:18,724:__main__ : INFO : dump_valve is CLOSED
2022-02-20 16:04:18,724:__main__ : INFO : oxidixer_actuator is CLOSED
2022-02-20 16:04:18,725:__main__ : INFO : oxidizer_valve is CLOSED
2022-02-20 16:04:18,725:__main__ : INFO : cooling_valve is CLOSED
2022-02-20 16:04:18,725:__main__ : INFO : heating is CLOSED
2022-02-20 16:04:19,265:__main__ : INFO : dump_valve is CLOSED
2022-02-20 16:04:19,265:__main__ : INFO : oxidixer_actuator is CLOSED
2022-02-20 16:04:19,266:__main__ : INFO : oxidizer_valve is CLOSED
2022-02-20 16:04:19,267:__main__ : INFO : cooling_valve is CLOSED
2022-02-20 16:04:19,267:__main__ : INFO : heating is OPENED
2022-02-20 16:04:20,022:__main__ : INFO : dump_valve is CLOSED
2022-02-20 16:04:20,033:__main__ : INFO : oxidixer_actuator is CLOSED
2022-02-20 16:04:20,043:__main__ : INFO : oxidizer_valve is CLOSED
2022-02-20 16:04:20,054:__main__ : INFO : cooling_valve is CLOSED
2022-02-20 16:04:20,065:__main__ : INFO : heating is CLOSED
2022-02-20 16:04:20,915:__main__ : INFO : dump_valve is CLOSED
2022-02-20 16:04:20,926:__main__ : INFO : oxidixer_actuator is OPENED
2022-02-20 16:04:20,936:__main__ : INFO : oxidizer_valve is CLOSED
2022-02-20 16:04:20,947:__main__ : INFO : cooling_valve is CLOSED
2022-02-20 16:04:20,957:__main__ : INFO : heating is CLOSED
2022-02-20 16:04:21,563:__main__ : INFO : dump_valve is CLOSED
2022-02-20 16:04:21,573:__main__ : INFO : oxidixer_actuator is CLOSED
2022-02-20 16:04:21,584:__main__ : INFO : oxidizer_valve is CLOSED
2022-02-20 16:04:21,594:__main__ : INFO : cooling_valve is CLOSED
2022-02-20 16:04:21,605:__main__ : INFO : heating is CLOSED
2022-02-20 16:04:22,399:__main__ : INFO : dump_valve is CLOSED
2022-02-20 16:04:22,409:__main__ : INFO : oxidixer_actuator is CLOSED
2022-02-20 16:04:22,420:__main__ : INFO : oxidizer_valve is CLOSED
2022-02-20 16:04:22,430:__main__ : INFO : cooling_valve is OPENED
2022-02-20 16:04:22,441:__main__ : INFO : heating is CLOSED
2022-02-20 16:04:23,108:__main__ : INFO : dump_valve is CLOSED
2022-02-20 16:04:23,108:__main__ : INFO : oxidixer_actuator is CLOSED
2022-02-20 16:04:23,109:__main__ : INFO : oxidizer_valve is CLOSED
2022-02-20 16:04:23,109:__main__ : INFO : cooling_valve is CLOSED
2022-02-20 16:04:23,109:__main__ : INFO : heating is CLOSED
2022-02-20 16:04:24,151:__main__ : INFO : dump_valve is CLOSED
2022-02-20 16:04:24,161:__main__ : INFO : oxidixer_actuator is CLOSED
2022-02-20 16:04:24,172:__main__ : INFO : oxidizer_valve is OPENED
2022-02-20 16:04:24,183:__main__ : INFO : cooling_valve is CLOSED
2022-02-20 16:04:24,193:__main__ : INFO : heating is CLOSED
2022-02-20 16:04:24,913:__main__ : INFO : dump_valve is CLOSED
2022-02-20 16:04:24,924:__main__ : INFO : oxidixer_actuator is CLOSED
2022-02-20 16:04:24,934:__main__ : INFO : oxidizer_valve is CLOSED
2022-02-20 16:04:24,945:__main__ : INFO : cooling_valve is CLOSED
2022-02-20 16:04:24,955:__main__ : INFO : heating is CLOSED
2022-02-20 16:04:25,942:__main__ : INFO : dump_valve is CLOSED
2022-02-20 16:04:25,952:__main__ : INFO : oxidixer_actuator is CLOSED
2022-02-20 16:04:25,963:__main__ : INFO : oxidizer_valve is CLOSED
2022-02-20 16:04:25,974:__main__ : INFO : cooling_valve is CLOSED
2022-02-20 16:04:25,984:__main__ : INFO : heating is CLOSED
2022-02-20 16:04:26,878:__main__ : INFO : dump_valve is CLOSED
2022-02-20 16:04:26,889:__main__ : INFO : oxidixer_actuator is CLOSED
2022-02-20 16:04:26,900:__main__ : INFO : oxidizer_valve is CLOSED
2022-02-20 16:04:26,910:__main__ : INFO : cooling_valve is CLOSED
2022-02-20 16:04:26,921:__main__ : INFO : heating is CLOSED
2022-02-20 16:04:27,575:__main__ : INFO : dump_valve is CLOSED
2022-02-20 16:04:27,585:__main__ : INFO : oxidixer_actuator is CLOSED
2022-02-20 16:04:27,596:__main__ : INFO : oxidizer_valve is CLOSED
2022-02-20 16:04:27,606:__main__ : INFO : cooling_valve is CLOSED
2022-02-20 16:04:27,608:__main__ : INFO : heating is OPENED
2022-02-20 16:04:28,305:__main__ : INFO : dump_valve is CLOSED
2022-02-20 16:04:28,316:__main__ : INFO : oxidixer_actuator is CLOSED
2022-02-20 16:04:28,327:__main__ : INFO : oxidizer_valve is CLOSED
2022-02-20 16:04:28,337:__main__ : INFO : cooling_valve is CLOSED
2022-02-20 16:04:28,348:__main__ : INFO : heating is CLOSED
2022-02-20 16:04:29,041:__main__ : INFO : dump_valve is OPENED
2022-02-20 16:04:29,052:__main__ : INFO : oxidixer_actuator is CLOSED
2022-02-20 16:04:29,062:__main__ : INFO : oxidizer_valve is CLOSED
2022-02-20 16:04:29,073:__main__ : INFO : cooling_valve is CLOSED
2022-02-20 16:04:29,084:__main__ : INFO : heating is CLOSED
2022-02-20 16:04:29,750:__main__ : INFO : dump_valve is CLOSED
2022-02-20 16:04:29,761:__main__ : INFO : oxidixer_actuator is CLOSED
2022-02-20 16:04:29,771:__main__ : INFO : oxidizer_valve is CLOSED
2022-02-20 16:04:29,774:__main__ : INFO : cooling_valve is CLOSED
2022-02-20 16:04:29,774:__main__ : INFO : heating is CLOSED
2022-02-20 16:04:31,011:__main__ : INFO : dump_valve is CLOSED
2022-02-20 16:04:31,012:__main__ : INFO : oxidixer_actuator is OPENED
2022-02-20 16:04:31,012:__main__ : INFO : oxidizer_valve is CLOSED
2022-02-20 16:04:31,012:__main__ : INFO : cooling_valve is CLOSED
2022-02-20 16:04:31,013:__main__ : INFO : heating is CLOSED
2022-02-20 16:04:31,442:__main__ : INFO : dump_valve is CLOSED
2022-02-20 16:04:31,453:__main__ : INFO : oxidixer_actuator is CLOSED
2022-02-20 16:04:31,463:__main__ : INFO : oxidizer_valve is CLOSED
2022-02-20 16:04:31,474:__main__ : INFO : cooling_valve is CLOSED
2022-02-20 16:04:31,484:__main__ : INFO : heating is CLOSED
