2022-02-21 03:08:47,193:__main__ : INFO : dump_valve is CLOSED
2022-02-21 03:08:47,193:__main__ : INFO : oxidixer_actuator is OPENED
2022-02-21 03:08:47,205:__main__ : INFO : oxidizer_valve is CLOSED
2022-02-21 03:08:47,214:__main__ : INFO : cooling_valve is CLOSED
2022-02-21 03:08:47,214:__main__ : INFO : heating is CLOSED
2022-02-21 03:08:47,610:__main__ : INFO : dump_valve is CLOSED
2022-02-21 03:08:47,620:__main__ : INFO : oxidixer_actuator is CLOSED
2022-02-21 03:08:47,631:__main__ : INFO : oxidizer_valve is CLOSED
2022-02-21 03:08:47,641:__main__ : INFO : cooling_valve is CLOSED
2022-02-21 03:08:47,648:__main__ : INFO : heating is CLOSED
2022-02-21 03:08:47,938:__main__ : INFO : dump_valve is CLOSED
2022-02-21 03:08:47,948:__main__ : INFO : oxidixer_actuator is OPENED
2022-02-21 03:08:47,959:__main__ : INFO : oxidizer_valve is CLOSED
2022-02-21 03:08:47,969:__main__ : INFO : cooling_valve is CLOSED
2022-02-21 03:08:47,974:__main__ : INFO : heating is CLOSED
2022-02-21 03:08:48,194:__main__ : INFO : dump_valve is CLOSED
2022-02-21 03:08:48,195:__main__ : INFO : oxidixer_actuator is CLOSED
2022-02-21 03:08:48,195:__main__ : INFO : oxidizer_valve is CLOSED
2022-02-21 03:08:48,196:__main__ : INFO : cooling_valve is CLOSED
2022-02-21 03:08:48,196:__main__ : INFO : heating is CLOSED
2022-02-21 03:08:48,592:__main__ : INFO : dump_valve is CLOSED
2022-02-21 03:08:48,592:__main__ : INFO : oxidixer_actuator is OPENED
2022-02-21 03:08:48,593:__main__ : INFO : oxidizer_valve is CLOSED
2022-02-21 03:08:48,593:__main__ : INFO : cooling_valve is CLOSED
2022-02-21 03:08:48,593:__main__ : INFO : heating is CLOSED
2022-02-21 03:08:48,871:__main__ : INFO : dump_valve is CLOSED
2022-02-21 03:08:48,872:__main__ : INFO : oxidixer_actuator is CLOSED
2022-02-21 03:08:48,872:__main__ : INFO : oxidizer_valve is CLOSED
2022-02-21 03:08:48,872:__main__ : INFO : cooling_valve is CLOSED
2022-02-21 03:08:48,873:__main__ : INFO : heating is CLOSED
2022-02-21 03:08:50,202:__main__ : INFO : dump_valve is OPENED
2022-02-21 03:08:50,208:__main__ : INFO : oxidixer_actuator is CLOSED
2022-02-21 03:08:50,218:__main__ : INFO : oxidizer_valve is CLOSED
2022-02-21 03:08:50,229:__main__ : INFO : cooling_valve is CLOSED
2022-02-21 03:08:50,239:__main__ : INFO : heating is CLOSED
2022-02-21 03:08:50,582:__main__ : INFO : dump_valve is CLOSED
2022-02-21 03:08:50,583:__main__ : INFO : oxidixer_actuator is CLOSED
2022-02-21 03:08:50,583:__main__ : INFO : oxidizer_valve is CLOSED
2022-02-21 03:08:50,584:__main__ : INFO : cooling_valve is CLOSED
2022-02-21 03:08:50,584:__main__ : INFO : heating is CLOSED
2022-02-21 03:13:28,389:__main__ : INFO : dump_valve is CLOSED
2022-02-21 03:13:28,399:__main__ : INFO : oxidixer_actuator is CLOSED
2022-02-21 03:13:28,401:__main__ : INFO : oxidizer_valve is CLOSED
2022-02-21 03:13:28,402:__main__ : INFO : cooling_valve is CLOSED
2022-02-21 03:13:28,402:__main__ : INFO : heating is CLOSED
