2022-02-21 02:48:34,356:__main__ : INFO : dump_valve is OPENED
2022-02-21 02:48:34,356:__main__ : INFO : oxidixer_actuator is CLOSED
2022-02-21 02:48:34,357:__main__ : INFO : oxidizer_valve is CLOSED
2022-02-21 02:48:34,357:__main__ : INFO : cooling_valve is CLOSED
2022-02-21 02:48:34,357:__main__ : INFO : heating is CLOSED
2022-02-21 02:48:34,914:__main__ : INFO : dump_valve is CLOSED
2022-02-21 02:48:34,915:__main__ : INFO : oxidixer_actuator is CLOSED
2022-02-21 02:48:34,915:__main__ : INFO : oxidizer_valve is CLOSED
2022-02-21 02:48:34,915:__main__ : INFO : cooling_valve is CLOSED
2022-02-21 02:48:34,915:__main__ : INFO : heating is CLOSED
2022-02-21 02:48:35,462:__main__ : INFO : dump_valve is OPENED
2022-02-21 02:48:35,473:__main__ : INFO : oxidixer_actuator is CLOSED
2022-02-21 02:48:35,483:__main__ : INFO : oxidizer_valve is CLOSED
2022-02-21 02:48:35,494:__main__ : INFO : cooling_valve is CLOSED
2022-02-21 02:48:35,496:__main__ : INFO : heating is CLOSED
2022-02-21 02:48:36,079:__main__ : INFO : dump_valve is CLOSED
2022-02-21 02:48:36,090:__main__ : INFO : oxidixer_actuator is CLOSED
2022-02-21 02:48:36,101:__main__ : INFO : oxidizer_valve is CLOSED
2022-02-21 02:48:36,111:__main__ : INFO : cooling_valve is CLOSED
2022-02-21 02:48:36,122:__main__ : INFO : heating is CLOSED
2022-02-21 02:48:55,857:__main__ : INFO : dump_valve is CLOSED
2022-02-21 02:48:55,858:__main__ : INFO : oxidixer_actuator is CLOSED
2022-02-21 02:48:55,858:__main__ : INFO : oxidizer_valve is CLOSED
2022-02-21 02:48:55,859:__main__ : INFO : cooling_valve is CLOSED
2022-02-21 02:48:55,859:__main__ : INFO : heating is OPENED
2022-02-21 02:48:55,921:__main__ : INFO : dump_valve is CLOSED
2022-02-21 02:48:55,932:__main__ : INFO : oxidixer_actuator is CLOSED
2022-02-21 02:48:55,943:__main__ : INFO : oxidizer_valve is CLOSED
2022-02-21 02:48:55,953:__main__ : INFO : cooling_valve is CLOSED
2022-02-21 02:48:55,964:__main__ : INFO : heating is CLOSED
2022-02-21 02:48:58,014:__main__ : INFO : dump_valve is CLOSED
2022-02-21 02:48:58,014:__main__ : INFO : oxidixer_actuator is OPENED
2022-02-21 02:48:58,015:__main__ : INFO : oxidizer_valve is CLOSED
2022-02-21 02:48:58,016:__main__ : INFO : cooling_valve is CLOSED
2022-02-21 02:48:58,017:__main__ : INFO : heating is CLOSED
2022-02-21 02:48:58,423:__main__ : INFO : dump_valve is CLOSED
2022-02-21 02:48:58,433:__main__ : INFO : oxidixer_actuator is CLOSED
2022-02-21 02:48:58,444:__main__ : INFO : oxidizer_valve is CLOSED
2022-02-21 02:48:58,447:__main__ : INFO : cooling_valve is CLOSED
2022-02-21 02:48:58,447:__main__ : INFO : heating is CLOSED
2022-02-21 02:48:59,298:__main__ : INFO : dump_valve is OPENED
2022-02-21 02:48:59,309:__main__ : INFO : oxidixer_actuator is CLOSED
2022-02-21 02:48:59,309:__main__ : INFO : oxidizer_valve is CLOSED
2022-02-21 02:48:59,310:__main__ : INFO : cooling_valve is CLOSED
2022-02-21 02:48:59,310:__main__ : INFO : heating is CLOSED
2022-02-21 02:48:59,944:__main__ : INFO : dump_valve is CLOSED
2022-02-21 02:48:59,955:__main__ : INFO : oxidixer_actuator is CLOSED
2022-02-21 02:48:59,956:__main__ : INFO : oxidizer_valve is CLOSED
2022-02-21 02:48:59,956:__main__ : INFO : cooling_valve is CLOSED
2022-02-21 02:48:59,957:__main__ : INFO : heating is CLOSED
2022-02-21 02:49:14,460:__main__ : INFO : dump_valve is OPENED
2022-02-21 02:49:14,461:__main__ : INFO : oxidixer_actuator is CLOSED
2022-02-21 02:49:14,462:__main__ : INFO : oxidizer_valve is CLOSED
2022-02-21 02:49:14,463:__main__ : INFO : cooling_valve is CLOSED
2022-02-21 02:49:14,464:__main__ : INFO : heating is CLOSED
2022-02-21 02:49:14,466:__main__ : INFO : dump_valve is CLOSED
2022-02-21 02:49:14,467:__main__ : INFO : oxidixer_actuator is CLOSED
2022-02-21 02:49:14,468:__main__ : INFO : oxidizer_valve is CLOSED
2022-02-21 02:49:14,469:__main__ : INFO : cooling_valve is CLOSED
2022-02-21 02:49:14,470:__main__ : INFO : heating is CLOSED
2022-02-21 02:49:26,151:__main__ : INFO : dump_valve is OPENED
2022-02-21 02:49:26,151:__main__ : INFO : oxidixer_actuator is CLOSED
2022-02-21 02:49:26,151:__main__ : INFO : oxidizer_valve is CLOSED
2022-02-21 02:49:26,152:__main__ : INFO : cooling_valve is CLOSED
2022-02-21 02:49:26,153:__main__ : INFO : heating is CLOSED
2022-02-21 02:49:27,014:__main__ : INFO : dump_valve is CLOSED
2022-02-21 02:49:27,015:__main__ : INFO : oxidixer_actuator is CLOSED
2022-02-21 02:49:27,016:__main__ : INFO : oxidizer_valve is CLOSED
2022-02-21 02:49:27,017:__main__ : INFO : cooling_valve is CLOSED
2022-02-21 02:49:27,017:__main__ : INFO : heating is CLOSED
