2022-04-29 20:50:55,018:Modules.Adc_ : DEBUG : I2C initialized
2022-04-29 20:50:55,223:Modules.Adc_ : DEBUG : I2C initialized
2022-04-29 20:50:55,232:__main__ : DEBUG : AnalogToDigitalConverter() components initialized
2022-04-29 20:50:55,234:__main__ : INFO : Cant check pressure ratio
2022-04-29 20:50:55,743:__main__ : INFO : Cant check pressure ratio
2022-04-29 20:50:56,258:__main__ : INFO : Cant check pressure ratio
2022-04-29 20:50:56,774:__main__ : INFO : Cant check pressure ratio
2022-04-29 20:50:57,295:__main__ : INFO : Cant check pressure ratio
2022-04-29 20:50:57,811:__main__ : INFO : Cant check pressure ratio
2022-04-29 20:50:58,327:__main__ : INFO : Cant check pressure ratio
2022-04-29 20:50:58,843:__main__ : INFO : Cant check pressure ratio
2022-04-29 20:50:59,358:__main__ : INFO : Cant check pressure ratio
2022-04-29 20:50:59,874:__main__ : INFO : Cant check pressure ratio
2022-04-29 20:51:00,390:__main__ : INFO : Cant check pressure ratio
2022-04-29 20:51:00,905:__main__ : INFO : Cant check pressure ratio
2022-04-29 20:51:01,421:__main__ : INFO : Cant check pressure ratio
2022-04-29 20:51:01,937:__main__ : INFO : Cant check pressure ratio
2022-04-29 20:51:02,457:__main__ : INFO : Cant check pressure ratio
2022-04-29 20:51:02,973:__main__ : INFO : Cant check pressure ratio
2022-04-29 20:51:03,488:__main__ : INFO : Cant check pressure ratio
2022-04-29 20:51:04,004:__main__ : INFO : Cant check pressure ratio
2022-04-29 20:51:04,520:__main__ : INFO : Cant check pressure ratio
2022-04-29 20:51:05,035:__main__ : INFO : Cant check pressure ratio
2022-04-29 20:51:05,551:__main__ : INFO : Cant check pressure ratio
2022-04-29 20:51:06,067:__main__ : INFO : Cant check pressure ratio
2022-04-29 20:51:06,583:__main__ : INFO : Cant check pressure ratio
2022-04-29 20:51:07,098:__main__ : INFO : Cant check pressure ratio
2022-04-29 20:51:07,617:__main__ : INFO : Cant check pressure ratio
2022-04-29 20:51:08,133:__main__ : INFO : Cant check pressure ratio
2022-04-29 20:51:08,649:__main__ : INFO : Cant check pressure ratio
2022-04-29 20:51:09,165:__main__ : INFO : Cant check pressure ratio
2022-04-29 20:51:09,680:__main__ : INFO : Cant check pressure ratio
2022-04-29 20:51:10,196:__main__ : INFO : Cant check pressure ratio
2022-04-29 20:51:10,712:__main__ : INFO : Cant check pressure ratio
2022-04-29 20:51:11,228:__main__ : INFO : Cant check pressure ratio
2022-04-29 20:51:11,743:__main__ : INFO : Cant check pressure ratio
2022-04-29 20:51:12,259:__main__ : INFO : Cant check pressure ratio
2022-04-29 20:51:12,778:__main__ : INFO : Cant check pressure ratio
2022-04-29 20:51:13,293:__main__ : INFO : Cant check pressure ratio
2022-04-29 20:51:13,809:__main__ : INFO : Cant check pressure ratio
2022-04-29 20:51:14,325:__main__ : INFO : Cant check pressure ratio
2022-04-29 20:51:14,842:__main__ : INFO : Cant check pressure ratio
2022-04-29 20:51:15,358:__main__ : INFO : Cant check pressure ratio
2022-04-29 20:51:15,873:__main__ : INFO : Cant check pressure ratio
2022-04-29 20:51:16,389:__main__ : INFO : Cant check pressure ratio
2022-04-29 20:51:16,905:__main__ : INFO : Cant check pressure ratio
2022-04-29 20:51:17,421:__main__ : INFO : Cant check pressure ratio
2022-04-29 20:51:17,940:__main__ : INFO : Cant check pressure ratio
2022-04-29 20:51:18,455:__main__ : INFO : Cant check pressure ratio
2022-04-29 20:51:18,971:__main__ : INFO : Cant check pressure ratio
2022-04-29 20:51:19,487:__main__ : INFO : Cant check pressure ratio
2022-04-29 20:51:20,003:__main__ : INFO : Cant check pressure ratio
2022-04-29 20:51:20,518:__main__ : INFO : Cant check pressure ratio
2022-04-29 20:51:21,034:__main__ : INFO : Cant check pressure ratio
2022-04-29 20:51:21,550:__main__ : INFO : Cant check pressure ratio
2022-04-29 20:51:22,065:__main__ : INFO : Cant check pressure ratio
2022-04-29 20:51:22,581:__main__ : INFO : Cant check pressure ratio
2022-04-29 20:51:23,100:__main__ : INFO : Cant check pressure ratio
2022-04-29 20:51:23,616:__main__ : INFO : Cant check pressure ratio
2022-04-29 20:51:24,132:__main__ : INFO : Cant check pressure ratio
2022-04-29 20:51:24,648:__main__ : INFO : Cant check pressure ratio
2022-04-29 20:51:25,163:__main__ : INFO : Cant check pressure ratio
2022-04-29 20:51:25,679:__main__ : INFO : Cant check pressure ratio
2022-04-29 20:51:26,195:__main__ : INFO : Cant check pressure ratio
2022-04-29 20:51:26,711:__main__ : INFO : Cant check pressure ratio
2022-04-29 20:51:27,226:__main__ : INFO : Cant check pressure ratio
2022-04-29 20:51:27,742:__main__ : INFO : Cant check pressure ratio
2022-04-29 20:51:28,261:__main__ : INFO : Cant check pressure ratio
2022-04-29 20:51:28,777:__main__ : INFO : Cant check pressure ratio
2022-04-29 20:51:29,293:__main__ : INFO : Cant check pressure ratio
2022-04-29 20:51:29,808:__main__ : INFO : Cant check pressure ratio
2022-04-29 20:51:30,324:__main__ : INFO : Cant check pressure ratio
2022-04-29 20:51:30,840:__main__ : INFO : Cant check pressure ratio
2022-04-29 20:51:31,355:__main__ : INFO : Cant check pressure ratio
2022-04-29 20:51:31,871:__main__ : INFO : Cant check pressure ratio
2022-04-29 20:51:32,387:__main__ : INFO : Cant check pressure ratio
2022-04-29 20:51:32,903:__main__ : INFO : Cant check pressure ratio
2022-04-29 20:51:33,422:__main__ : INFO : Cant check pressure ratio
2022-04-29 20:51:33,938:__main__ : INFO : Cant check pressure ratio
2022-04-29 20:51:34,454:__main__ : INFO : Cant check pressure ratio
2022-04-29 20:51:34,970:__main__ : INFO : Cant check pressure ratio
2022-04-29 20:51:35,485:__main__ : INFO : Cant check pressure ratio
2022-04-29 20:51:36,001:__main__ : INFO : Cant check pressure ratio
2022-04-29 20:51:36,517:__main__ : INFO : Cant check pressure ratio
2022-04-29 20:51:37,033:__main__ : INFO : Cant check pressure ratio
2022-04-29 20:51:37,549:__main__ : INFO : Cant check pressure ratio
2022-04-29 20:51:38,064:__main__ : INFO : Cant check pressure ratio
2022-04-29 20:51:38,580:__main__ : INFO : Cant check pressure ratio
2022-04-29 20:51:39,096:__main__ : INFO : Cant check pressure ratio
2022-04-29 20:51:39,612:__main__ : INFO : Cant check pressure ratio
2022-04-29 20:51:40,127:__main__ : INFO : Cant check pressure ratio
2022-04-29 20:51:40,646:__main__ : INFO : Cant check pressure ratio
2022-04-29 20:51:41,162:__main__ : INFO : Cant check pressure ratio
2022-04-29 20:51:41,678:__main__ : INFO : Cant check pressure ratio
2022-04-29 20:51:42,194:__main__ : INFO : Cant check pressure ratio
2022-04-29 20:51:42,709:__main__ : INFO : Cant check pressure ratio
2022-04-29 20:51:43,225:__main__ : INFO : Cant check pressure ratio
2022-04-29 20:51:43,741:__main__ : INFO : Cant check pressure ratio
2022-04-29 20:51:44,256:__main__ : INFO : Cant check pressure ratio
2022-04-29 20:51:44,772:__main__ : INFO : Cant check pressure ratio
2022-04-29 20:51:45,288:__main__ : INFO : Cant check pressure ratio
2022-04-29 20:51:45,807:__main__ : INFO : Cant check pressure ratio
2022-04-29 20:51:46,323:__main__ : INFO : Cant check pressure ratio
2022-04-29 20:51:46,839:__main__ : INFO : Cant check pressure ratio
2022-04-29 20:51:47,354:__main__ : INFO : Cant check pressure ratio
2022-04-29 20:51:47,870:__main__ : INFO : Cant check pressure ratio
2022-04-29 20:51:48,376:__main__ : INFO : Cant check pressure ratio
2022-04-29 20:51:48,881:__main__ : INFO : Cant check pressure ratio
2022-04-29 20:51:49,387:__main__ : INFO : Cant check pressure ratio
2022-04-29 20:51:49,892:__main__ : INFO : Cant check pressure ratio
2022-04-29 20:51:50,398:__main__ : INFO : Cant check pressure ratio
2022-04-29 20:51:50,917:__main__ : INFO : Cant check pressure ratio
2022-04-29 20:51:51,432:__main__ : INFO : Cant check pressure ratio
2022-04-29 20:51:51,948:__main__ : INFO : Cant check pressure ratio
2022-04-29 20:51:52,464:__main__ : INFO : Cant check pressure ratio
2022-04-29 20:51:52,980:__main__ : INFO : Cant check pressure ratio
2022-04-29 20:51:53,495:__main__ : INFO : Cant check pressure ratio
2022-04-29 20:51:54,011:__main__ : INFO : Cant check pressure ratio
2022-04-29 20:51:54,527:__main__ : INFO : Cant check pressure ratio
2022-04-29 20:51:55,043:__main__ : INFO : Cant check pressure ratio
2022-04-29 20:51:55,558:__main__ : INFO : Cant check pressure ratio
2022-04-29 20:51:56,074:__main__ : INFO : Cant check pressure ratio
2022-04-29 20:51:56,590:__main__ : INFO : Cant check pressure ratio
2022-04-29 20:51:57,106:__main__ : INFO : Cant check pressure ratio
2022-04-29 20:51:57,621:__main__ : INFO : Cant check pressure ratio
2022-04-29 20:51:58,137:__main__ : INFO : Cant check pressure ratio
2022-04-29 20:51:58,653:__main__ : INFO : Cant check pressure ratio
2022-04-29 20:51:59,169:__main__ : INFO : Cant check pressure ratio
2022-04-29 20:51:59,684:__main__ : INFO : Cant check pressure ratio
2022-04-29 20:52:00,200:__main__ : INFO : Cant check pressure ratio
2022-04-29 20:52:00,716:__main__ : INFO : Cant check pressure ratio
2022-04-29 20:52:01,232:__main__ : INFO : Cant check pressure ratio
2022-04-29 20:52:01,747:__main__ : INFO : Cant check pressure ratio
2022-04-29 20:52:02,263:__main__ : INFO : Cant check pressure ratio
2022-04-29 20:52:02,779:__main__ : INFO : Cant check pressure ratio
2022-04-29 20:52:03,295:__main__ : INFO : Cant check pressure ratio
2022-04-29 20:52:03,810:__main__ : INFO : Cant check pressure ratio
2022-04-29 20:52:04,326:__main__ : INFO : Cant check pressure ratio
2022-04-29 20:52:04,842:__main__ : INFO : Cant check pressure ratio
2022-04-29 20:52:05,358:__main__ : INFO : Cant check pressure ratio
2022-04-29 20:52:05,873:__main__ : INFO : Cant check pressure ratio
2022-04-29 20:52:06,389:__main__ : INFO : Cant check pressure ratio
2022-04-29 20:52:06,905:__main__ : INFO : Cant check pressure ratio
2022-04-29 20:52:07,421:__main__ : INFO : Cant check pressure ratio
2022-04-29 20:52:07,936:__main__ : INFO : Cant check pressure ratio
2022-04-29 20:52:08,452:__main__ : INFO : Cant check pressure ratio
2022-04-29 20:52:08,968:__main__ : INFO : Cant check pressure ratio
2022-04-29 20:52:09,483:__main__ : INFO : Cant check pressure ratio
2022-04-29 20:52:09,999:__main__ : INFO : Cant check pressure ratio
2022-04-29 20:52:10,515:__main__ : INFO : Cant check pressure ratio
2022-04-29 20:52:11,031:__main__ : INFO : Cant check pressure ratio
2022-04-29 20:52:11,547:__main__ : INFO : Cant check pressure ratio
2022-04-29 20:52:12,062:__main__ : INFO : Cant check pressure ratio
2022-04-29 20:52:12,579:__main__ : INFO : Cant check pressure ratio
2022-04-29 20:52:13,095:__main__ : INFO : Cant check pressure ratio
2022-04-29 20:52:13,610:__main__ : INFO : Cant check pressure ratio
2022-04-29 20:52:14,126:__main__ : INFO : Cant check pressure ratio
2022-04-29 20:52:14,642:__main__ : INFO : Cant check pressure ratio
2022-04-29 20:52:15,158:__main__ : INFO : Cant check pressure ratio
2022-04-29 20:52:15,673:__main__ : INFO : Cant check pressure ratio
2022-04-29 20:52:16,189:__main__ : INFO : Cant check pressure ratio
2022-04-29 20:52:16,705:__main__ : INFO : Cant check pressure ratio
2022-04-29 20:52:17,221:__main__ : INFO : Cant check pressure ratio
2022-04-29 20:52:17,737:__main__ : INFO : Cant check pressure ratio
2022-04-29 20:52:18,252:__main__ : INFO : Cant check pressure ratio
2022-04-29 20:52:18,768:__main__ : INFO : Cant check pressure ratio
2022-04-29 20:52:19,284:__main__ : INFO : Cant check pressure ratio
2022-04-29 20:52:19,800:__main__ : INFO : Cant check pressure ratio
2022-04-29 20:52:20,315:__main__ : INFO : Cant check pressure ratio
2022-04-29 20:52:20,831:__main__ : INFO : Cant check pressure ratio
2022-04-29 20:52:21,347:__main__ : INFO : Cant check pressure ratio
2022-04-29 20:52:21,863:__main__ : INFO : Cant check pressure ratio
2022-04-29 20:52:22,378:__main__ : INFO : Cant check pressure ratio
2022-04-29 20:52:22,894:__main__ : INFO : Cant check pressure ratio
2022-04-29 20:52:23,410:__main__ : INFO : Cant check pressure ratio
2022-04-29 20:52:23,926:__main__ : INFO : Cant check pressure ratio
2022-04-29 20:52:24,441:__main__ : INFO : Cant check pressure ratio
2022-04-29 20:52:24,957:__main__ : INFO : Cant check pressure ratio
2022-04-29 20:52:25,473:__main__ : INFO : Cant check pressure ratio
2022-04-29 20:52:25,989:__main__ : INFO : Cant check pressure ratio
2022-04-29 20:52:26,504:__main__ : INFO : Cant check pressure ratio
2022-04-29 20:52:27,020:__main__ : INFO : Cant check pressure ratio
2022-04-29 20:52:27,536:__main__ : INFO : Cant check pressure ratio
2022-04-29 20:52:28,052:__main__ : INFO : Cant check pressure ratio
2022-04-29 20:52:28,567:__main__ : INFO : Cant check pressure ratio
2022-04-29 20:52:29,083:__main__ : INFO : Cant check pressure ratio
2022-04-29 20:52:29,599:__main__ : INFO : Cant check pressure ratio
2022-04-29 20:52:30,115:__main__ : INFO : Cant check pressure ratio
2022-04-29 20:52:30,630:__main__ : INFO : Cant check pressure ratio
2022-04-29 20:52:31,146:__main__ : INFO : Cant check pressure ratio
2022-04-29 20:52:31,662:__main__ : INFO : Cant check pressure ratio
2022-04-29 20:52:32,178:__main__ : INFO : Cant check pressure ratio
2022-04-29 20:52:32,693:__main__ : INFO : Cant check pressure ratio
2022-04-29 20:52:33,209:__main__ : INFO : Cant check pressure ratio
2022-04-29 20:52:33,725:__main__ : INFO : Cant check pressure ratio
2022-04-29 20:52:34,241:__main__ : INFO : Cant check pressure ratio
2022-04-29 20:52:34,757:__main__ : INFO : Cant check pressure ratio
2022-04-29 20:52:35,272:__main__ : INFO : Cant check pressure ratio
2022-04-29 20:52:35,788:__main__ : INFO : Cant check pressure ratio
2022-04-29 20:52:36,304:__main__ : INFO : Cant check pressure ratio
2022-04-29 20:52:36,820:__main__ : INFO : Cant check pressure ratio
2022-04-29 20:52:37,335:__main__ : INFO : Cant check pressure ratio
2022-04-29 20:52:37,851:__main__ : INFO : Cant check pressure ratio
2022-04-29 20:52:38,367:__main__ : INFO : Cant check pressure ratio
2022-04-29 20:52:38,883:__main__ : INFO : Cant check pressure ratio
2022-04-29 20:52:39,398:__main__ : INFO : Cant check pressure ratio
2022-04-29 20:52:39,914:__main__ : INFO : Cant check pressure ratio
2022-04-29 20:52:40,430:__main__ : INFO : Cant check pressure ratio
2022-04-29 20:52:40,946:__main__ : INFO : Cant check pressure ratio
2022-04-29 20:52:41,461:__main__ : INFO : Cant check pressure ratio
2022-04-29 20:52:41,977:__main__ : INFO : Cant check pressure ratio
2022-04-29 20:52:42,493:__main__ : INFO : Cant check pressure ratio
2022-04-29 20:52:43,009:__main__ : INFO : Cant check pressure ratio
2022-04-29 20:52:43,524:__main__ : INFO : Cant check pressure ratio
2022-04-29 20:52:44,040:__main__ : INFO : Cant check pressure ratio
2022-04-29 20:52:44,556:__main__ : INFO : Cant check pressure ratio
2022-04-29 20:52:45,072:__main__ : INFO : Cant check pressure ratio
2022-04-29 20:52:45,587:__main__ : INFO : Cant check pressure ratio
2022-04-29 20:52:46,103:__main__ : INFO : Cant check pressure ratio
2022-04-29 20:52:46,620:__main__ : INFO : Cant check pressure ratio
2022-04-29 20:52:47,135:__main__ : INFO : Cant check pressure ratio
2022-04-29 20:52:47,651:__main__ : INFO : Cant check pressure ratio
2022-04-29 20:52:48,167:__main__ : INFO : Cant check pressure ratio
2022-04-29 20:52:48,683:__main__ : INFO : Cant check pressure ratio
2022-04-29 20:52:49,198:__main__ : INFO : Cant check pressure ratio
2022-04-29 20:52:49,714:__main__ : INFO : Cant check pressure ratio
2022-04-29 20:52:50,230:__main__ : INFO : Cant check pressure ratio
2022-04-29 20:52:50,746:__main__ : INFO : Cant check pressure ratio
2022-04-29 20:52:51,261:__main__ : INFO : Cant check pressure ratio
2022-04-29 20:52:51,777:__main__ : INFO : Cant check pressure ratio
2022-04-29 20:52:52,293:__main__ : INFO : Cant check pressure ratio
2022-04-29 20:52:52,809:__main__ : INFO : Cant check pressure ratio
2022-04-29 20:52:53,324:__main__ : INFO : Cant check pressure ratio
2022-04-29 20:52:53,840:__main__ : INFO : Cant check pressure ratio
2022-04-29 20:52:54,356:__main__ : INFO : Cant check pressure ratio
2022-04-29 20:52:54,872:__main__ : INFO : Cant check pressure ratio
2022-04-29 20:52:55,387:__main__ : INFO : Cant check pressure ratio
2022-04-29 20:52:55,903:__main__ : INFO : Cant check pressure ratio
2022-04-29 20:52:56,419:__main__ : INFO : Cant check pressure ratio
2022-04-29 20:52:56,935:__main__ : INFO : Cant check pressure ratio
2022-04-29 20:52:57,450:__main__ : INFO : Cant check pressure ratio
2022-04-29 20:52:57,966:__main__ : INFO : Cant check pressure ratio
2022-04-29 20:52:58,482:__main__ : INFO : Cant check pressure ratio
2022-04-29 20:52:58,998:__main__ : INFO : Cant check pressure ratio
2022-04-29 20:52:59,513:__main__ : INFO : Cant check pressure ratio
2022-04-29 20:53:00,029:__main__ : INFO : Cant check pressure ratio
2022-04-29 20:53:00,545:__main__ : INFO : Cant check pressure ratio
2022-04-29 20:53:01,061:__main__ : INFO : Cant check pressure ratio
2022-04-29 20:53:01,576:__main__ : INFO : Cant check pressure ratio
2022-04-29 20:53:02,092:__main__ : INFO : Cant check pressure ratio
2022-04-29 20:53:02,608:__main__ : INFO : Cant check pressure ratio
2022-04-29 20:53:03,124:__main__ : INFO : Cant check pressure ratio
2022-04-29 20:53:03,639:__main__ : INFO : Cant check pressure ratio
2022-04-29 20:53:04,155:__main__ : INFO : Cant check pressure ratio
2022-04-29 20:53:04,671:__main__ : INFO : Cant check pressure ratio
2022-04-29 20:53:05,187:__main__ : INFO : Cant check pressure ratio
2022-04-29 20:53:05,702:__main__ : INFO : Cant check pressure ratio
2022-04-29 20:53:06,218:__main__ : INFO : Cant check pressure ratio
2022-04-29 20:53:06,734:__main__ : INFO : Cant check pressure ratio
2022-04-29 20:53:07,250:__main__ : INFO : Cant check pressure ratio
2022-04-29 20:53:07,765:__main__ : INFO : Cant check pressure ratio
2022-04-29 20:53:08,281:__main__ : INFO : Cant check pressure ratio
2022-04-29 20:53:08,797:__main__ : INFO : Cant check pressure ratio
2022-04-29 20:53:09,313:__main__ : INFO : Cant check pressure ratio
2022-04-29 20:53:09,828:__main__ : INFO : Cant check pressure ratio
2022-04-29 20:53:10,344:__main__ : INFO : Cant check pressure ratio
2022-04-29 20:53:10,860:__main__ : INFO : Cant check pressure ratio
2022-04-29 20:53:11,376:__main__ : INFO : Cant check pressure ratio
2022-04-29 20:53:11,891:__main__ : INFO : Cant check pressure ratio
2022-04-29 20:53:12,407:__main__ : INFO : Cant check pressure ratio
2022-04-29 20:53:12,923:__main__ : INFO : Cant check pressure ratio
2022-04-29 20:53:13,439:__main__ : INFO : Cant check pressure ratio
2022-04-29 20:53:13,955:__main__ : INFO : Cant check pressure ratio
2022-04-29 20:53:14,471:__main__ : INFO : Cant check pressure ratio
2022-04-29 20:53:14,987:__main__ : INFO : Cant check pressure ratio
2022-04-29 20:53:15,503:__main__ : INFO : Cant check pressure ratio
2022-04-29 20:53:16,018:__main__ : INFO : Cant check pressure ratio
2022-04-29 20:53:16,534:__main__ : INFO : Cant check pressure ratio
2022-04-29 20:53:17,050:__main__ : INFO : Cant check pressure ratio
2022-04-29 20:53:17,566:__main__ : INFO : Cant check pressure ratio
2022-04-29 20:53:18,081:__main__ : INFO : Cant check pressure ratio
2022-04-29 20:53:18,597:__main__ : INFO : Cant check pressure ratio
2022-04-29 20:53:19,113:__main__ : INFO : Cant check pressure ratio
2022-04-29 20:53:19,629:__main__ : INFO : Cant check pressure ratio
2022-04-29 20:53:20,144:__main__ : INFO : Cant check pressure ratio
2022-04-29 20:53:20,660:__main__ : INFO : Cant check pressure ratio
2022-04-29 20:53:21,176:__main__ : INFO : Cant check pressure ratio
2022-04-29 20:53:21,692:__main__ : INFO : Cant check pressure ratio
2022-04-29 20:53:22,208:__main__ : INFO : Cant check pressure ratio
2022-04-29 20:53:22,724:__main__ : INFO : Cant check pressure ratio
2022-04-29 20:53:23,239:__main__ : INFO : Cant check pressure ratio
2022-04-29 20:53:23,755:__main__ : INFO : Cant check pressure ratio
2022-04-29 20:53:24,271:__main__ : INFO : Cant check pressure ratio
2022-04-29 20:53:24,787:__main__ : INFO : Cant check pressure ratio
2022-04-29 20:53:25,302:__main__ : INFO : Cant check pressure ratio
2022-04-29 20:53:25,818:__main__ : INFO : Cant check pressure ratio
2022-04-29 20:53:26,334:__main__ : INFO : Cant check pressure ratio
2022-04-29 20:53:26,850:__main__ : INFO : Cant check pressure ratio
2022-04-29 20:53:27,365:__main__ : INFO : Cant check pressure ratio
2022-04-29 20:53:27,881:__main__ : INFO : Cant check pressure ratio
2022-04-29 20:53:28,397:__main__ : INFO : Cant check pressure ratio
2022-04-29 20:53:28,913:__main__ : INFO : Cant check pressure ratio
2022-04-29 20:53:29,429:__main__ : INFO : Cant check pressure ratio
2022-04-29 20:53:29,944:__main__ : INFO : Cant check pressure ratio
2022-04-29 20:53:30,460:__main__ : INFO : Cant check pressure ratio
2022-04-29 20:53:30,976:__main__ : INFO : Cant check pressure ratio
2022-04-29 20:53:31,492:__main__ : INFO : Cant check pressure ratio
2022-04-29 20:53:32,008:__main__ : INFO : Cant check pressure ratio
2022-04-29 20:53:32,523:__main__ : INFO : Cant check pressure ratio
2022-04-29 20:53:33,039:__main__ : INFO : Cant check pressure ratio
2022-04-29 20:53:33,555:__main__ : INFO : Cant check pressure ratio
2022-04-29 20:53:34,071:__main__ : INFO : Cant check pressure ratio
2022-04-29 20:53:34,587:__main__ : INFO : Cant check pressure ratio
2022-04-29 20:53:35,102:__main__ : INFO : Cant check pressure ratio
2022-04-29 20:53:35,618:__main__ : INFO : Cant check pressure ratio
2022-04-29 20:53:36,134:__main__ : INFO : Cant check pressure ratio
2022-04-29 20:53:36,650:__main__ : INFO : Cant check pressure ratio
2022-04-29 20:53:37,165:__main__ : INFO : Cant check pressure ratio
2022-04-29 20:53:37,681:__main__ : INFO : Cant check pressure ratio
2022-04-29 20:53:38,197:__main__ : INFO : Cant check pressure ratio
2022-04-29 20:53:38,713:__main__ : INFO : Cant check pressure ratio
2022-04-29 20:53:39,228:__main__ : INFO : Cant check pressure ratio
2022-04-29 20:53:39,744:__main__ : INFO : Cant check pressure ratio
2022-04-29 20:53:40,260:__main__ : INFO : Cant check pressure ratio
2022-04-29 20:53:40,776:__main__ : INFO : Cant check pressure ratio
2022-04-29 20:53:41,292:__main__ : INFO : Cant check pressure ratio
2022-04-29 20:53:41,807:__main__ : INFO : Cant check pressure ratio
2022-04-29 20:53:42,323:__main__ : INFO : Cant check pressure ratio
2022-04-29 20:53:42,839:__main__ : INFO : Cant check pressure ratio
2022-04-29 20:53:43,355:__main__ : INFO : Cant check pressure ratio
2022-04-29 20:53:43,871:__main__ : INFO : Cant check pressure ratio
2022-04-29 20:53:44,387:__main__ : INFO : Cant check pressure ratio
2022-04-29 20:53:44,902:__main__ : INFO : Cant check pressure ratio
2022-04-29 20:53:45,418:__main__ : INFO : Cant check pressure ratio
2022-04-29 20:53:45,934:__main__ : INFO : Cant check pressure ratio
2022-04-29 20:53:46,450:__main__ : INFO : Cant check pressure ratio
2022-04-29 20:53:46,965:__main__ : INFO : Cant check pressure ratio
2022-04-29 20:53:47,481:__main__ : INFO : Cant check pressure ratio
2022-04-29 20:53:47,997:__main__ : INFO : Cant check pressure ratio
2022-04-29 20:53:48,513:__main__ : INFO : Cant check pressure ratio
2022-04-29 20:53:49,029:__main__ : INFO : Cant check pressure ratio
2022-04-29 20:53:49,544:__main__ : INFO : Cant check pressure ratio
2022-04-29 20:53:50,060:__main__ : INFO : Cant check pressure ratio
2022-04-29 20:53:50,576:__main__ : INFO : Cant check pressure ratio
2022-04-29 20:53:51,092:__main__ : INFO : Cant check pressure ratio
2022-04-29 20:53:51,608:__main__ : INFO : Cant check pressure ratio
2022-04-29 20:53:52,123:__main__ : INFO : Cant check pressure ratio
2022-04-29 20:53:52,639:__main__ : INFO : Cant check pressure ratio
2022-04-29 20:53:53,155:__main__ : INFO : Cant check pressure ratio
2022-04-29 20:53:53,671:__main__ : INFO : Cant check pressure ratio
2022-04-29 20:53:54,187:__main__ : INFO : Cant check pressure ratio
2022-04-29 20:53:54,702:__main__ : INFO : Cant check pressure ratio
2022-04-29 20:53:55,218:__main__ : INFO : Cant check pressure ratio
2022-04-29 20:53:55,734:__main__ : INFO : Cant check pressure ratio
2022-04-29 20:53:56,250:__main__ : INFO : Cant check pressure ratio
2022-04-29 20:53:56,766:__main__ : INFO : Cant check pressure ratio
2022-04-29 20:53:57,281:__main__ : INFO : Cant check pressure ratio
2022-04-29 20:53:57,797:__main__ : INFO : Cant check pressure ratio
2022-04-29 20:53:58,313:__main__ : INFO : Cant check pressure ratio
2022-04-29 20:53:58,829:__main__ : INFO : Cant check pressure ratio
2022-04-29 20:53:59,345:__main__ : INFO : Cant check pressure ratio
2022-04-29 20:53:59,860:__main__ : INFO : Cant check pressure ratio
2022-04-29 20:54:00,376:__main__ : INFO : Cant check pressure ratio
2022-04-29 20:54:00,892:__main__ : INFO : Cant check pressure ratio
2022-04-29 20:54:01,408:__main__ : INFO : Cant check pressure ratio
2022-04-29 20:54:01,923:__main__ : INFO : Cant check pressure ratio
2022-04-29 20:54:02,439:__main__ : INFO : Cant check pressure ratio
2022-04-29 20:54:02,955:__main__ : INFO : Cant check pressure ratio
2022-04-29 20:54:03,471:__main__ : INFO : Cant check pressure ratio
2022-04-29 20:54:03,987:__main__ : INFO : Cant check pressure ratio
2022-04-29 20:54:04,502:__main__ : INFO : Cant check pressure ratio
2022-04-29 20:54:05,018:__main__ : INFO : Cant check pressure ratio
2022-04-29 20:54:05,534:__main__ : INFO : Cant check pressure ratio
2022-04-29 20:54:06,050:__main__ : INFO : Cant check pressure ratio
2022-04-29 20:54:06,566:__main__ : INFO : Cant check pressure ratio
2022-04-29 20:54:07,081:__main__ : INFO : Cant check pressure ratio
2022-04-29 20:54:07,597:__main__ : INFO : Cant check pressure ratio
2022-04-29 20:54:08,113:__main__ : INFO : Cant check pressure ratio
2022-04-29 20:54:08,629:__main__ : INFO : Cant check pressure ratio
2022-04-29 20:54:09,144:__main__ : INFO : Cant check pressure ratio
2022-04-29 20:54:09,660:__main__ : INFO : Cant check pressure ratio
2022-04-29 20:54:10,176:__main__ : INFO : Cant check pressure ratio
2022-04-29 20:54:10,692:__main__ : INFO : Cant check pressure ratio
2022-04-29 20:54:11,207:__main__ : INFO : Cant check pressure ratio
2022-04-29 20:54:11,723:__main__ : INFO : Cant check pressure ratio
2022-04-29 20:54:12,239:__main__ : INFO : Cant check pressure ratio
2022-04-29 20:54:12,755:__main__ : INFO : Cant check pressure ratio
2022-04-29 20:54:13,270:__main__ : INFO : Cant check pressure ratio
2022-04-29 20:54:13,786:__main__ : INFO : Cant check pressure ratio
2022-04-29 20:54:14,302:__main__ : INFO : Cant check pressure ratio
2022-04-29 20:54:14,818:__main__ : INFO : Cant check pressure ratio
2022-04-29 20:54:15,334:__main__ : INFO : Cant check pressure ratio
2022-04-29 20:54:15,849:__main__ : INFO : Cant check pressure ratio
2022-04-29 20:54:16,365:__main__ : INFO : Cant check pressure ratio
2022-04-29 20:54:16,881:__main__ : INFO : Cant check pressure ratio
2022-04-29 20:54:17,397:__main__ : INFO : Cant check pressure ratio
2022-04-29 20:54:17,912:__main__ : INFO : Cant check pressure ratio
2022-04-29 20:54:18,428:__main__ : INFO : Cant check pressure ratio
2022-04-29 20:54:18,944:__main__ : INFO : Cant check pressure ratio
2022-04-29 20:54:19,460:__main__ : INFO : Cant check pressure ratio
2022-04-29 20:54:19,975:__main__ : INFO : Cant check pressure ratio
2022-04-29 20:54:20,491:__main__ : INFO : Cant check pressure ratio
2022-04-29 20:54:21,007:__main__ : INFO : Cant check pressure ratio
2022-04-29 20:54:21,523:__main__ : INFO : Cant check pressure ratio
2022-04-29 20:54:22,039:__main__ : INFO : Cant check pressure ratio
2022-04-29 20:54:22,554:__main__ : INFO : Cant check pressure ratio
2022-04-29 20:54:23,070:__main__ : INFO : Cant check pressure ratio
2022-04-29 20:54:23,586:__main__ : INFO : Cant check pressure ratio
2022-04-29 20:54:24,102:__main__ : INFO : Cant check pressure ratio
2022-04-29 20:54:24,617:__main__ : INFO : Cant check pressure ratio
2022-04-29 20:54:25,133:__main__ : INFO : Cant check pressure ratio
2022-04-29 20:54:25,649:__main__ : INFO : Cant check pressure ratio
2022-04-29 20:54:26,165:__main__ : INFO : Cant check pressure ratio
2022-04-29 20:54:26,680:__main__ : INFO : Cant check pressure ratio
2022-04-29 20:54:27,196:__main__ : INFO : Cant check pressure ratio
2022-04-29 20:54:27,712:__main__ : INFO : Cant check pressure ratio
2022-04-29 20:54:28,228:__main__ : INFO : Cant check pressure ratio
2022-04-29 20:54:28,743:__main__ : INFO : Cant check pressure ratio
2022-04-29 20:54:29,259:__main__ : INFO : Cant check pressure ratio
2022-04-29 20:54:29,775:__main__ : INFO : Cant check pressure ratio
2022-04-29 20:54:30,291:__main__ : INFO : Cant check pressure ratio
2022-04-29 20:54:30,806:__main__ : INFO : Cant check pressure ratio
2022-04-29 20:54:31,322:__main__ : INFO : Cant check pressure ratio
2022-04-29 20:54:31,838:__main__ : INFO : Cant check pressure ratio
2022-04-29 20:54:32,354:__main__ : INFO : Cant check pressure ratio
2022-04-29 20:54:32,870:__main__ : INFO : Cant check pressure ratio
2022-04-29 20:54:33,385:__main__ : INFO : Cant check pressure ratio
2022-04-29 20:54:33,901:__main__ : INFO : Cant check pressure ratio
2022-04-29 20:54:34,417:__main__ : INFO : Cant check pressure ratio
2022-04-29 20:54:34,933:__main__ : INFO : Cant check pressure ratio
2022-04-29 20:54:35,452:__main__ : INFO : Cant check pressure ratio
2022-04-29 20:54:35,967:__main__ : INFO : Cant check pressure ratio
2022-04-29 20:54:36,483:__main__ : INFO : Cant check pressure ratio
2022-04-29 20:54:36,999:__main__ : INFO : Cant check pressure ratio
2022-04-29 20:54:37,515:__main__ : INFO : Cant check pressure ratio
2022-04-29 20:54:37,921:__main__ : INFO : Noticied request start of test
2022-04-29 20:54:38,026:Modules.TestFailures : WARNING : Pressure in chamber is too high!
2022-04-29 20:54:38,026:Modules.TestFailures : INFO : Pressure in chamber value: -2.8545000000000003 bar
2022-04-29 20:54:38,027:Modules.TestFailures : INFO : Pressure in tank value: -8.1284 bar
2022-04-29 20:54:38,027:__main__ : INFO : Servo closed becouse of incorrect pressure ratio
2022-04-29 20:55:18,093:__main__ : INFO : Noticied request termination of test
2022-04-29 20:55:18,102:__main__ : INFO : Measurements for SAVEDATA process have ended
