2022-02-20 15:26:12,027:__main__ : INFO : dump_valve is OPENED
2022-02-20 15:26:12,038:__main__ : INFO : oxidixer_actuator is CLOSED
2022-02-20 15:26:12,049:__main__ : INFO : oxidizer_valve is CLOSED
2022-02-20 15:26:12,059:__main__ : INFO : cooling_valve is CLOSED
2022-02-20 15:26:12,070:__main__ : INFO : heating is CLOSED
2022-02-20 15:30:40,681:__main__ : INFO : dump_valve is CLOSED
2022-02-20 15:30:40,691:__main__ : INFO : oxidixer_actuator is CLOSED
2022-02-20 15:30:40,702:__main__ : INFO : oxidizer_valve is CLOSED
2022-02-20 15:30:40,703:__main__ : INFO : cooling_valve is CLOSED
2022-02-20 15:30:40,703:__main__ : INFO : heating is CLOSED
2022-02-20 15:30:41,522:__main__ : INFO : dump_valve is CLOSED
2022-02-20 15:30:41,533:__main__ : INFO : oxidixer_actuator is CLOSED
2022-02-20 15:30:41,544:__main__ : INFO : oxidizer_valve is CLOSED
2022-02-20 15:30:41,554:__main__ : INFO : cooling_valve is CLOSED
2022-02-20 15:30:41,566:__main__ : INFO : heating is OPENED
2022-02-20 15:30:42,313:__main__ : INFO : dump_valve is CLOSED
2022-02-20 15:30:42,324:__main__ : INFO : oxidixer_actuator is CLOSED
2022-02-20 15:30:42,334:__main__ : INFO : oxidizer_valve is CLOSED
2022-02-20 15:30:42,345:__main__ : INFO : cooling_valve is CLOSED
2022-02-20 15:30:42,355:__main__ : INFO : heating is CLOSED
2022-02-20 15:30:47,883:__main__ : INFO : dump_valve is CLOSED
2022-02-20 15:30:47,894:__main__ : INFO : oxidixer_actuator is OPENED
2022-02-20 15:30:47,905:__main__ : INFO : oxidizer_valve is CLOSED
2022-02-20 15:30:47,915:__main__ : INFO : cooling_valve is CLOSED
2022-02-20 15:30:47,926:__main__ : INFO : heating is CLOSED
2022-02-20 15:30:48,527:__main__ : INFO : dump_valve is CLOSED
2022-02-20 15:30:48,537:__main__ : INFO : oxidixer_actuator is CLOSED
2022-02-20 15:30:48,548:__main__ : INFO : oxidizer_valve is CLOSED
2022-02-20 15:30:48,559:__main__ : INFO : cooling_valve is CLOSED
2022-02-20 15:30:48,569:__main__ : INFO : heating is CLOSED
2022-02-20 15:30:49,735:__main__ : INFO : dump_valve is OPENED
2022-02-20 15:30:49,746:__main__ : INFO : oxidixer_actuator is CLOSED
2022-02-20 15:30:49,757:__main__ : INFO : oxidizer_valve is CLOSED
2022-02-20 15:30:49,767:__main__ : INFO : cooling_valve is CLOSED
2022-02-20 15:30:49,778:__main__ : INFO : heating is CLOSED
2022-02-20 15:30:50,243:__main__ : INFO : dump_valve is CLOSED
2022-02-20 15:30:50,254:__main__ : INFO : oxidixer_actuator is CLOSED
2022-02-20 15:30:50,258:__main__ : INFO : oxidizer_valve is CLOSED
2022-02-20 15:30:50,258:__main__ : INFO : cooling_valve is CLOSED
2022-02-20 15:30:50,259:__main__ : INFO : heating is CLOSED
2022-02-20 15:30:51,028:__main__ : INFO : dump_valve is CLOSED
2022-02-20 15:30:51,039:__main__ : INFO : oxidixer_actuator is CLOSED
2022-02-20 15:30:51,049:__main__ : INFO : oxidizer_valve is CLOSED
2022-02-20 15:30:51,060:__main__ : INFO : cooling_valve is CLOSED
2022-02-20 15:30:51,071:__main__ : INFO : heating is OPENED
2022-02-20 15:30:51,591:__main__ : INFO : dump_valve is CLOSED
2022-02-20 15:30:51,602:__main__ : INFO : oxidixer_actuator is CLOSED
2022-02-20 15:30:51,612:__main__ : INFO : oxidizer_valve is CLOSED
2022-02-20 15:30:51,623:__main__ : INFO : cooling_valve is CLOSED
2022-02-20 15:30:51,634:__main__ : INFO : heating is CLOSED
2022-02-20 15:30:52,393:__main__ : INFO : dump_valve is CLOSED
2022-02-20 15:30:52,404:__main__ : INFO : oxidixer_actuator is CLOSED
2022-02-20 15:30:52,414:__main__ : INFO : oxidizer_valve is CLOSED
2022-02-20 15:30:52,416:__main__ : INFO : cooling_valve is OPENED
2022-02-20 15:30:52,416:__main__ : INFO : heating is CLOSED
2022-02-20 15:30:52,992:__main__ : INFO : dump_valve is CLOSED
2022-02-20 15:30:53,006:__main__ : INFO : oxidixer_actuator is CLOSED
2022-02-20 15:30:53,017:__main__ : INFO : oxidizer_valve is CLOSED
2022-02-20 15:30:53,027:__main__ : INFO : cooling_valve is CLOSED
2022-02-20 15:30:53,032:__main__ : INFO : heating is CLOSED
2022-02-20 15:30:56,680:__main__ : INFO : dump_valve is CLOSED
2022-02-20 15:30:56,691:__main__ : INFO : oxidixer_actuator is CLOSED
2022-02-20 15:30:56,701:__main__ : INFO : oxidizer_valve is CLOSED
2022-02-20 15:30:56,712:__main__ : INFO : cooling_valve is OPENED
2022-02-20 15:30:56,723:__main__ : INFO : heating is CLOSED
2022-02-20 15:30:57,568:__main__ : INFO : dump_valve is CLOSED
2022-02-20 15:30:57,579:__main__ : INFO : oxidixer_actuator is CLOSED
2022-02-20 15:30:57,590:__main__ : INFO : oxidizer_valve is CLOSED
2022-02-20 15:30:57,600:__main__ : INFO : cooling_valve is CLOSED
2022-02-20 15:30:57,611:__main__ : INFO : heating is CLOSED
2022-02-20 15:30:58,714:__main__ : INFO : dump_valve is OPENED
2022-02-20 15:30:58,725:__main__ : INFO : oxidixer_actuator is CLOSED
2022-02-20 15:30:58,735:__main__ : INFO : oxidizer_valve is CLOSED
2022-02-20 15:30:58,746:__main__ : INFO : cooling_valve is CLOSED
2022-02-20 15:30:58,757:__main__ : INFO : heating is CLOSED
2022-02-20 15:30:59,812:__main__ : INFO : dump_valve is CLOSED
2022-02-20 15:30:59,813:__main__ : INFO : oxidixer_actuator is CLOSED
2022-02-20 15:30:59,814:__main__ : INFO : oxidizer_valve is CLOSED
2022-02-20 15:30:59,814:__main__ : INFO : cooling_valve is CLOSED
2022-02-20 15:30:59,815:__main__ : INFO : heating is CLOSED
2022-02-20 15:31:00,702:__main__ : INFO : dump_valve is CLOSED
2022-02-20 15:31:00,713:__main__ : INFO : oxidixer_actuator is CLOSED
2022-02-20 15:31:00,723:__main__ : INFO : oxidizer_valve is CLOSED
2022-02-20 15:31:00,734:__main__ : INFO : cooling_valve is CLOSED
2022-02-20 15:31:00,738:__main__ : INFO : heating is OPENED
2022-02-20 15:31:01,503:__main__ : INFO : dump_valve is CLOSED
2022-02-20 15:31:01,514:__main__ : INFO : oxidixer_actuator is CLOSED
2022-02-20 15:31:01,524:__main__ : INFO : oxidizer_valve is CLOSED
2022-02-20 15:31:01,535:__main__ : INFO : cooling_valve is CLOSED
2022-02-20 15:31:01,545:__main__ : INFO : heating is CLOSED
2022-02-20 15:31:02,021:__main__ : INFO : dump_valve is CLOSED
2022-02-20 15:31:02,031:__main__ : INFO : oxidixer_actuator is CLOSED
2022-02-20 15:31:02,042:__main__ : INFO : oxidizer_valve is CLOSED
2022-02-20 15:31:02,052:__main__ : INFO : cooling_valve is CLOSED
2022-02-20 15:31:02,063:__main__ : INFO : heating is OPENED
2022-02-20 15:31:02,368:__main__ : INFO : dump_valve is CLOSED
2022-02-20 15:31:02,378:__main__ : INFO : oxidixer_actuator is CLOSED
2022-02-20 15:31:02,389:__main__ : INFO : oxidizer_valve is CLOSED
2022-02-20 15:31:02,399:__main__ : INFO : cooling_valve is CLOSED
2022-02-20 15:31:02,410:__main__ : INFO : heating is CLOSED
2022-02-20 15:31:02,711:__main__ : INFO : dump_valve is CLOSED
2022-02-20 15:31:02,722:__main__ : INFO : oxidixer_actuator is CLOSED
2022-02-20 15:31:02,733:__main__ : INFO : oxidizer_valve is CLOSED
2022-02-20 15:31:02,743:__main__ : INFO : cooling_valve is CLOSED
2022-02-20 15:31:02,754:__main__ : INFO : heating is OPENED
2022-02-20 15:31:02,894:__main__ : INFO : dump_valve is CLOSED
2022-02-20 15:31:02,895:__main__ : INFO : oxidixer_actuator is CLOSED
2022-02-20 15:31:02,896:__main__ : INFO : oxidizer_valve is CLOSED
2022-02-20 15:31:02,897:__main__ : INFO : cooling_valve is CLOSED
2022-02-20 15:31:02,897:__main__ : INFO : heating is CLOSED
2022-02-20 15:31:03,409:__main__ : INFO : dump_valve is CLOSED
2022-02-20 15:31:03,420:__main__ : INFO : oxidixer_actuator is CLOSED
2022-02-20 15:31:03,430:__main__ : INFO : oxidizer_valve is CLOSED
2022-02-20 15:31:03,441:__main__ : INFO : cooling_valve is CLOSED
2022-02-20 15:31:03,452:__main__ : INFO : heating is OPENED
2022-02-20 15:31:03,587:__main__ : INFO : dump_valve is CLOSED
2022-02-20 15:31:03,598:__main__ : INFO : oxidixer_actuator is CLOSED
2022-02-20 15:31:03,609:__main__ : INFO : oxidizer_valve is CLOSED
2022-02-20 15:31:03,619:__main__ : INFO : cooling_valve is CLOSED
2022-02-20 15:31:03,630:__main__ : INFO : heating is CLOSED
2022-02-20 15:31:03,646:__main__ : INFO : dump_valve is CLOSED
2022-02-20 15:31:03,657:__main__ : INFO : oxidixer_actuator is CLOSED
2022-02-20 15:31:03,668:__main__ : INFO : oxidizer_valve is CLOSED
2022-02-20 15:31:03,678:__main__ : INFO : cooling_valve is CLOSED
2022-02-20 15:31:03,689:__main__ : INFO : heating is OPENED
2022-02-20 15:31:03,752:__main__ : INFO : dump_valve is CLOSED
2022-02-20 15:31:03,766:__main__ : INFO : oxidixer_actuator is CLOSED
2022-02-20 15:31:03,777:__main__ : INFO : oxidizer_valve is CLOSED
2022-02-20 15:31:03,787:__main__ : INFO : cooling_valve is CLOSED
2022-02-20 15:31:03,798:__main__ : INFO : heating is CLOSED
2022-02-20 15:31:03,922:__main__ : INFO : dump_valve is CLOSED
2022-02-20 15:31:03,933:__main__ : INFO : oxidixer_actuator is CLOSED
2022-02-20 15:31:03,943:__main__ : INFO : oxidizer_valve is CLOSED
2022-02-20 15:31:03,954:__main__ : INFO : cooling_valve is CLOSED
2022-02-20 15:31:03,965:__main__ : INFO : heating is OPENED
2022-02-20 15:31:03,981:__main__ : INFO : dump_valve is CLOSED
2022-02-20 15:31:03,992:__main__ : INFO : oxidixer_actuator is CLOSED
2022-02-20 15:31:04,002:__main__ : INFO : oxidizer_valve is CLOSED
2022-02-20 15:31:04,013:__main__ : INFO : cooling_valve is CLOSED
2022-02-20 15:31:04,023:__main__ : INFO : heating is CLOSED
2022-02-20 15:31:04,095:__main__ : INFO : dump_valve is CLOSED
2022-02-20 15:31:04,106:__main__ : INFO : oxidixer_actuator is CLOSED
2022-02-20 15:31:04,116:__main__ : INFO : oxidizer_valve is CLOSED
2022-02-20 15:31:04,127:__main__ : INFO : cooling_valve is CLOSED
2022-02-20 15:31:04,128:__main__ : INFO : heating is OPENED
2022-02-20 15:31:04,130:__main__ : INFO : dump_valve is CLOSED
2022-02-20 15:31:04,130:__main__ : INFO : oxidixer_actuator is CLOSED
2022-02-20 15:31:04,131:__main__ : INFO : oxidizer_valve is CLOSED
2022-02-20 15:31:04,132:__main__ : INFO : cooling_valve is CLOSED
2022-02-20 15:31:04,132:__main__ : INFO : heating is CLOSED
2022-02-20 15:31:04,290:__main__ : INFO : dump_valve is CLOSED
2022-02-20 15:31:04,301:__main__ : INFO : oxidixer_actuator is CLOSED
2022-02-20 15:31:04,311:__main__ : INFO : oxidizer_valve is CLOSED
2022-02-20 15:31:04,322:__main__ : INFO : cooling_valve is CLOSED
2022-02-20 15:31:04,332:__main__ : INFO : heating is OPENED
2022-02-20 15:31:04,354:__main__ : INFO : dump_valve is CLOSED
2022-02-20 15:31:04,364:__main__ : INFO : oxidixer_actuator is CLOSED
2022-02-20 15:31:04,375:__main__ : INFO : oxidizer_valve is CLOSED
2022-02-20 15:31:04,386:__main__ : INFO : cooling_valve is CLOSED
2022-02-20 15:31:04,396:__main__ : INFO : heating is CLOSED
2022-02-20 15:31:04,426:__main__ : INFO : dump_valve is CLOSED
2022-02-20 15:31:04,437:__main__ : INFO : oxidixer_actuator is CLOSED
2022-02-20 15:31:04,437:__main__ : INFO : oxidizer_valve is CLOSED
2022-02-20 15:31:04,438:__main__ : INFO : cooling_valve is CLOSED
2022-02-20 15:31:04,438:__main__ : INFO : heating is OPENED
2022-02-20 15:31:04,579:__main__ : INFO : dump_valve is CLOSED
2022-02-20 15:31:04,590:__main__ : INFO : oxidixer_actuator is CLOSED
2022-02-20 15:31:04,601:__main__ : INFO : oxidizer_valve is CLOSED
2022-02-20 15:31:04,611:__main__ : INFO : cooling_valve is CLOSED
2022-02-20 15:31:04,622:__main__ : INFO : heating is CLOSED
2022-02-20 15:31:05,051:__main__ : INFO : dump_valve is CLOSED
2022-02-20 15:31:05,054:__main__ : INFO : oxidixer_actuator is CLOSED
2022-02-20 15:31:05,054:__main__ : INFO : oxidizer_valve is CLOSED
2022-02-20 15:31:05,055:__main__ : INFO : cooling_valve is CLOSED
2022-02-20 15:31:05,056:__main__ : INFO : heating is OPENED
2022-02-20 15:31:05,171:__main__ : INFO : dump_valve is CLOSED
2022-02-20 15:31:05,182:__main__ : INFO : oxidixer_actuator is CLOSED
2022-02-20 15:31:05,193:__main__ : INFO : oxidizer_valve is CLOSED
2022-02-20 15:31:05,203:__main__ : INFO : cooling_valve is CLOSED
2022-02-20 15:31:05,214:__main__ : INFO : heating is CLOSED
2022-02-20 15:31:06,623:__main__ : INFO : dump_valve is OPENED
2022-02-20 15:31:06,634:__main__ : INFO : oxidixer_actuator is CLOSED
2022-02-20 15:31:06,644:__main__ : INFO : oxidizer_valve is CLOSED
2022-02-20 15:31:06,655:__main__ : INFO : cooling_valve is CLOSED
2022-02-20 15:31:06,665:__main__ : INFO : heating is CLOSED
2022-02-20 15:31:08,090:__main__ : INFO : dump_valve is CLOSED
2022-02-20 15:31:08,100:__main__ : INFO : oxidixer_actuator is CLOSED
2022-02-20 15:31:08,111:__main__ : INFO : oxidizer_valve is CLOSED
2022-02-20 15:31:08,122:__main__ : INFO : cooling_valve is CLOSED
2022-02-20 15:31:08,132:__main__ : INFO : heating is CLOSED
2022-02-20 15:31:09,498:__main__ : INFO : dump_valve is CLOSED
2022-02-20 15:31:09,512:__main__ : INFO : oxidixer_actuator is CLOSED
2022-02-20 15:31:09,522:__main__ : INFO : oxidizer_valve is CLOSED
2022-02-20 15:31:09,533:__main__ : INFO : cooling_valve is OPENED
2022-02-20 15:31:09,543:__main__ : INFO : heating is CLOSED
2022-02-20 15:31:10,911:__main__ : INFO : dump_valve is CLOSED
2022-02-20 15:31:10,911:__main__ : INFO : oxidixer_actuator is CLOSED
2022-02-20 15:31:10,912:__main__ : INFO : oxidizer_valve is CLOSED
2022-02-20 15:31:10,912:__main__ : INFO : cooling_valve is CLOSED
2022-02-20 15:31:10,913:__main__ : INFO : heating is CLOSED
2022-02-20 15:31:14,361:__main__ : INFO : dump_valve is CLOSED
2022-02-20 15:31:14,371:__main__ : INFO : oxidixer_actuator is CLOSED
2022-02-20 15:31:14,382:__main__ : INFO : oxidizer_valve is CLOSED
2022-02-20 15:31:14,393:__main__ : INFO : cooling_valve is CLOSED
2022-02-20 15:31:14,403:__main__ : INFO : heating is CLOSED
2022-02-20 15:31:15,906:__main__ : INFO : dump_valve is CLOSED
2022-02-20 15:31:15,920:__main__ : INFO : oxidixer_actuator is CLOSED
2022-02-20 15:31:15,925:__main__ : INFO : oxidizer_valve is CLOSED
2022-02-20 15:31:15,930:__main__ : INFO : cooling_valve is CLOSED
2022-02-20 15:31:15,935:__main__ : INFO : heating is CLOSED
2022-02-20 15:31:16,910:__main__ : INFO : dump_valve is CLOSED
2022-02-20 15:31:16,921:__main__ : INFO : oxidixer_actuator is CLOSED
2022-02-20 15:31:16,926:__main__ : INFO : oxidizer_valve is CLOSED
2022-02-20 15:31:16,932:__main__ : INFO : cooling_valve is CLOSED
2022-02-20 15:31:16,937:__main__ : INFO : heating is CLOSED
2022-02-20 15:31:17,364:__main__ : INFO : dump_valve is CLOSED
2022-02-20 15:31:17,374:__main__ : INFO : oxidixer_actuator is CLOSED
2022-02-20 15:31:17,383:__main__ : INFO : oxidizer_valve is CLOSED
2022-02-20 15:31:17,383:__main__ : INFO : cooling_valve is CLOSED
2022-02-20 15:31:17,384:__main__ : INFO : heating is CLOSED
2022-02-20 15:31:20,154:__main__ : INFO : dump_valve is CLOSED
2022-02-20 15:31:20,158:__main__ : INFO : oxidixer_actuator is CLOSED
2022-02-20 15:31:20,158:__main__ : INFO : oxidizer_valve is CLOSED
2022-02-20 15:31:20,158:__main__ : INFO : cooling_valve is CLOSED
2022-02-20 15:31:20,159:__main__ : INFO : heating is CLOSED
2022-02-20 15:31:20,991:__main__ : INFO : dump_valve is CLOSED
2022-02-20 15:31:21,004:__main__ : INFO : oxidixer_actuator is CLOSED
2022-02-20 15:31:21,015:__main__ : INFO : oxidizer_valve is CLOSED
2022-02-20 15:31:21,025:__main__ : INFO : cooling_valve is CLOSED
2022-02-20 15:31:21,036:__main__ : INFO : heating is CLOSED
2022-02-20 15:31:24,961:__main__ : INFO : dump_valve is CLOSED
2022-02-20 15:31:24,971:__main__ : INFO : oxidixer_actuator is CLOSED
2022-02-20 15:31:24,982:__main__ : INFO : oxidizer_valve is CLOSED
2022-02-20 15:31:24,992:__main__ : INFO : cooling_valve is CLOSED
2022-02-20 15:31:25,002:__main__ : INFO : heating is OPENED
2022-02-20 15:31:25,982:__main__ : INFO : dump_valve is CLOSED
2022-02-20 15:31:25,992:__main__ : INFO : oxidixer_actuator is CLOSED
2022-02-20 15:31:26,003:__main__ : INFO : oxidizer_valve is CLOSED
2022-02-20 15:31:26,014:__main__ : INFO : cooling_valve is CLOSED
2022-02-20 15:31:26,015:__main__ : INFO : heating is CLOSED
2022-02-20 15:31:28,884:__main__ : INFO : dump_valve is CLOSED
2022-02-20 15:31:28,894:__main__ : INFO : oxidixer_actuator is CLOSED
2022-02-20 15:31:28,905:__main__ : INFO : oxidizer_valve is CLOSED
2022-02-20 15:31:28,915:__main__ : INFO : cooling_valve is CLOSED
2022-02-20 15:31:28,926:__main__ : INFO : heating is CLOSED
2022-02-20 15:31:31,672:__main__ : INFO : dump_valve is CLOSED
2022-02-20 15:31:31,682:__main__ : INFO : oxidixer_actuator is CLOSED
2022-02-20 15:31:31,693:__main__ : INFO : oxidizer_valve is CLOSED
2022-02-20 15:31:31,703:__main__ : INFO : cooling_valve is CLOSED
2022-02-20 15:31:31,714:__main__ : INFO : heating is CLOSED
